
 /----------------------------------------------------------------------------\
 |                                                                            |
 |  yosys -- Yosys Open SYnthesis Suite                                       |
 |                                                                            |
 |  Copyright (C) 2012 - 2020  Claire Wolf <claire@symbioticeda.com>          |
 |                                                                            |
 |  Permission to use, copy, modify, and/or distribute this software for any  |
 |  purpose with or without fee is hereby granted, provided that the above    |
 |  copyright notice and this permission notice appear in all copies.         |
 |                                                                            |
 |  THE SOFTWARE IS PROVIDED "AS IS" AND THE AUTHOR DISCLAIMS ALL WARRANTIES  |
 |  WITH REGARD TO THIS SOFTWARE INCLUDING ALL IMPLIED WARRANTIES OF          |
 |  MERCHANTABILITY AND FITNESS. IN NO EVENT SHALL THE AUTHOR BE LIABLE FOR   |
 |  ANY SPECIAL, DIRECT, INDIRECT, OR CONSEQUENTIAL DAMAGES OR ANY DAMAGES    |
 |  WHATSOEVER RESULTING FROM LOSS OF USE, DATA OR PROFITS, WHETHER IN AN     |
 |  ACTION OF CONTRACT, NEGLIGENCE OR OTHER TORTIOUS ACTION, ARISING OUT OF   |
 |  OR IN CONNECTION WITH THE USE OR PERFORMANCE OF THIS SOFTWARE.            |
 |                                                                            |
 \----------------------------------------------------------------------------/

 Yosys 0.9+2406 (git sha1 9ac3484, x86_64-conda_cos6-linux-gnu-gcc 1.24.0.133_b0863d8_dirty -fvisibility-inlines-hidden -fmessage-length=0 -march=nocona -mtune=haswell -ftree-vectorize -fPIC -fstack-protector-strong -fno-plt -O2 -ffunction-sections -fdebug-prefix-map=/root/anaconda3/conda-bld/yosys_1607410735049/work=/usr/local/src/conda/yosys-0.8.0_0003_e80fb742f_20201208_122808 -fdebug-prefix-map=/home/srinivaas/qorc-sdk/fpga_toolchain_install/v1.3.1/conda=/usr/local/src/conda-prefix -fPIC -Os)


-- Parsing `/home/srinivaas/vaman/vaman_exp/excess3/excess3.v' using frontend `verilog' --

1. Executing Verilog-2005 frontend: /home/srinivaas/vaman/vaman_exp/excess3/excess3.v
Parsing Verilog input from `/home/srinivaas/vaman/vaman_exp/excess3/excess3.v' to AST representation.
Generating RTLIL representation for module `\excess3'.
Successfully finished Verilog frontend.

-- Running command `tcl /home/srinivaas/qorc-sdk/fpga_toolchain_install/v1.3.1/quicklogic-arch-defs/share/quicklogic/synth.tcl' --
[TCL: yosys -import] Command name collision: found pre-existing command `cd' -> skip.
[TCL: yosys -import] Command name collision: found pre-existing command `eval' -> skip.
[TCL: yosys -import] Command name collision: found pre-existing command `exec' -> skip.
[TCL: yosys -import] Command name collision: found pre-existing command `read' -> skip.
[TCL: yosys -import] Command name collision: found pre-existing command `trace' -> skip.

2. Executing Verilog-2005 frontend: /home/srinivaas/qorc-sdk/fpga_toolchain_install/v1.3.1/quicklogic-arch-defs/share/techmaps/quicklogic/pp3/techmap/cells_sim.v
Parsing Verilog input from `/home/srinivaas/qorc-sdk/fpga_toolchain_install/v1.3.1/quicklogic-arch-defs/share/techmaps/quicklogic/pp3/techmap/cells_sim.v' to AST representation.
Generating RTLIL representation for module `\VCC'.
Generating RTLIL representation for module `\GND'.
Generating RTLIL representation for module `\fpga_interconnect'.
Generating RTLIL representation for module `\CLOCK_CELL'.
Generating RTLIL representation for module `\BIDIR_CELL'.
Generating RTLIL representation for module `\SDIOMUX_CELL'.
Generating RTLIL representation for module `\T_FRAG'.
Generating RTLIL representation for module `\B_FRAG'.
Generating RTLIL representation for module `\Q_FRAG'.
Generating RTLIL representation for module `\F_FRAG'.
Generating RTLIL representation for module `\C_FRAG'.
Generating RTLIL representation for module `\ASSP'.
Generating RTLIL representation for module `\MULT'.
Generating RTLIL representation for module `\GMUX_IP'.
Generating RTLIL representation for module `\GMUX_IC'.
Successfully finished Verilog frontend.

3. Executing Verilog-2005 frontend: /home/srinivaas/qorc-sdk/fpga_toolchain_install/v1.3.1/quicklogic-arch-defs/bin/../share/arch/ql-eos-s3_wlcsp/cells/ram_sim.v
Parsing Verilog input from `/home/srinivaas/qorc-sdk/fpga_toolchain_install/v1.3.1/quicklogic-arch-defs/bin/../share/arch/ql-eos-s3_wlcsp/cells/ram_sim.v' to AST representation.
Generating RTLIL representation for module `\RAM_CE0_FE0_PR0_WSA0_WSB0_VPR'.
Generating RTLIL representation for module `\RAM_CE0_FE0_PR0_WSA0_WSB1_VPR'.
Generating RTLIL representation for module `\RAM_CE0_FE0_PR0_WSA1_WSB0_VPR'.
Generating RTLIL representation for module `\RAM_CE0_FE0_PR0_WSA1_WSB1_VPR'.
Generating RTLIL representation for module `\RAM_CE0_FE0_PR1_WSA0_WSB0_VPR'.
Generating RTLIL representation for module `\RAM_CE0_FE0_PR1_WSA0_WSB1_VPR'.
Generating RTLIL representation for module `\RAM_CE0_FE0_PR1_WSA1_WSB0_VPR'.
Generating RTLIL representation for module `\RAM_CE0_FE0_PR1_WSA1_WSB1_VPR'.
Generating RTLIL representation for module `\RAM_CE0_FE1_D0_PR0_WSA0_WSB0_VPR'.
Generating RTLIL representation for module `\RAM_CE0_FE1_D0_PR0_WSA0_WSB1_VPR'.
Generating RTLIL representation for module `\RAM_CE0_FE1_D0_PR0_WSA1_WSB0_VPR'.
Generating RTLIL representation for module `\RAM_CE0_FE1_D0_PR0_WSA1_WSB1_VPR'.
Generating RTLIL representation for module `\RAM_CE0_FE1_D0_PR1_WSA0_WSB0_VPR'.
Generating RTLIL representation for module `\RAM_CE0_FE1_D0_PR1_WSA0_WSB1_VPR'.
Generating RTLIL representation for module `\RAM_CE0_FE1_D0_PR1_WSA1_WSB0_VPR'.
Generating RTLIL representation for module `\RAM_CE0_FE1_D0_PR1_WSA1_WSB1_VPR'.
Generating RTLIL representation for module `\RAM_CE0_FE1_D1_PR0_WSA0_WSB0_VPR'.
Generating RTLIL representation for module `\RAM_CE0_FE1_D1_PR0_WSA0_WSB1_VPR'.
Generating RTLIL representation for module `\RAM_CE0_FE1_D1_PR0_WSA1_WSB0_VPR'.
Generating RTLIL representation for module `\RAM_CE0_FE1_D1_PR0_WSA1_WSB1_VPR'.
Generating RTLIL representation for module `\RAM_CE0_FE1_D1_PR1_WSA0_WSB0_VPR'.
Generating RTLIL representation for module `\RAM_CE0_FE1_D1_PR1_WSA0_WSB1_VPR'.
Generating RTLIL representation for module `\RAM_CE0_FE1_D1_PR1_WSA1_WSB0_VPR'.
Generating RTLIL representation for module `\RAM_CE0_FE1_D1_PR1_WSA1_WSB1_VPR'.
Generating RTLIL representation for module `\RAM_CE1_FE0_PR0_WSA0_WSB0_VPR'.
Generating RTLIL representation for module `\RAM_CE1_FE0_PR0_WSA0_WSB1_VPR'.
Generating RTLIL representation for module `\RAM_CE1_FE0_PR0_WSA0_WSB2_VPR'.
Generating RTLIL representation for module `\RAM_CE1_FE0_PR0_WSA1_WSB0_VPR'.
Generating RTLIL representation for module `\RAM_CE1_FE0_PR0_WSA1_WSB1_VPR'.
Generating RTLIL representation for module `\RAM_CE1_FE0_PR0_WSA1_WSB2_VPR'.
Generating RTLIL representation for module `\RAM_CE1_FE0_PR0_WSA2_WSB0_VPR'.
Generating RTLIL representation for module `\RAM_CE1_FE0_PR0_WSA2_WSB1_VPR'.
Generating RTLIL representation for module `\RAM_CE1_FE0_PR0_WSA2_WSB2_VPR'.
Generating RTLIL representation for module `\RAM_CE1_FE0_PR1_WSA0_WSB0_VPR'.
Generating RTLIL representation for module `\RAM_CE1_FE0_PR1_WSA0_WSB1_VPR'.
Generating RTLIL representation for module `\RAM_CE1_FE0_PR1_WSA0_WSB2_VPR'.
Generating RTLIL representation for module `\RAM_CE1_FE0_PR1_WSA1_WSB0_VPR'.
Generating RTLIL representation for module `\RAM_CE1_FE0_PR1_WSA1_WSB1_VPR'.
Generating RTLIL representation for module `\RAM_CE1_FE0_PR1_WSA1_WSB2_VPR'.
Generating RTLIL representation for module `\RAM_CE1_FE0_PR1_WSA2_WSB0_VPR'.
Generating RTLIL representation for module `\RAM_CE1_FE0_PR1_WSA2_WSB1_VPR'.
Generating RTLIL representation for module `\RAM_CE1_FE0_PR1_WSA2_WSB2_VPR'.
Generating RTLIL representation for module `\RAM_CE1_FE1_D0_PR0_WSA0_WSB0_VPR'.
Generating RTLIL representation for module `\RAM_CE1_FE1_D0_PR0_WSA0_WSB1_VPR'.
Generating RTLIL representation for module `\RAM_CE1_FE1_D0_PR0_WSA0_WSB2_VPR'.
Generating RTLIL representation for module `\RAM_CE1_FE1_D0_PR0_WSA1_WSB0_VPR'.
Generating RTLIL representation for module `\RAM_CE1_FE1_D0_PR0_WSA1_WSB1_VPR'.
Generating RTLIL representation for module `\RAM_CE1_FE1_D0_PR0_WSA1_WSB2_VPR'.
Generating RTLIL representation for module `\RAM_CE1_FE1_D0_PR0_WSA2_WSB0_VPR'.
Generating RTLIL representation for module `\RAM_CE1_FE1_D0_PR0_WSA2_WSB1_VPR'.
Generating RTLIL representation for module `\RAM_CE1_FE1_D0_PR0_WSA2_WSB2_VPR'.
Generating RTLIL representation for module `\RAM_CE1_FE1_D0_PR1_WSA0_WSB0_VPR'.
Generating RTLIL representation for module `\RAM_CE1_FE1_D0_PR1_WSA0_WSB1_VPR'.
Generating RTLIL representation for module `\RAM_CE1_FE1_D0_PR1_WSA0_WSB2_VPR'.
Generating RTLIL representation for module `\RAM_CE1_FE1_D0_PR1_WSA1_WSB0_VPR'.
Generating RTLIL representation for module `\RAM_CE1_FE1_D0_PR1_WSA1_WSB1_VPR'.
Generating RTLIL representation for module `\RAM_CE1_FE1_D0_PR1_WSA1_WSB2_VPR'.
Generating RTLIL representation for module `\RAM_CE1_FE1_D0_PR1_WSA2_WSB0_VPR'.
Generating RTLIL representation for module `\RAM_CE1_FE1_D0_PR1_WSA2_WSB1_VPR'.
Generating RTLIL representation for module `\RAM_CE1_FE1_D0_PR1_WSA2_WSB2_VPR'.
Generating RTLIL representation for module `\RAM_CE1_FE1_D1_PR0_WSA0_WSB0_VPR'.
Generating RTLIL representation for module `\RAM_CE1_FE1_D1_PR0_WSA0_WSB1_VPR'.
Generating RTLIL representation for module `\RAM_CE1_FE1_D1_PR0_WSA0_WSB2_VPR'.
Generating RTLIL representation for module `\RAM_CE1_FE1_D1_PR0_WSA1_WSB0_VPR'.
Generating RTLIL representation for module `\RAM_CE1_FE1_D1_PR0_WSA1_WSB1_VPR'.
Generating RTLIL representation for module `\RAM_CE1_FE1_D1_PR0_WSA1_WSB2_VPR'.
Generating RTLIL representation for module `\RAM_CE1_FE1_D1_PR0_WSA2_WSB0_VPR'.
Generating RTLIL representation for module `\RAM_CE1_FE1_D1_PR0_WSA2_WSB1_VPR'.
Generating RTLIL representation for module `\RAM_CE1_FE1_D1_PR0_WSA2_WSB2_VPR'.
Generating RTLIL representation for module `\RAM_CE1_FE1_D1_PR1_WSA0_WSB0_VPR'.
Generating RTLIL representation for module `\RAM_CE1_FE1_D1_PR1_WSA0_WSB1_VPR'.
Generating RTLIL representation for module `\RAM_CE1_FE1_D1_PR1_WSA0_WSB2_VPR'.
Generating RTLIL representation for module `\RAM_CE1_FE1_D1_PR1_WSA1_WSB0_VPR'.
Generating RTLIL representation for module `\RAM_CE1_FE1_D1_PR1_WSA1_WSB1_VPR'.
Generating RTLIL representation for module `\RAM_CE1_FE1_D1_PR1_WSA1_WSB2_VPR'.
Generating RTLIL representation for module `\RAM_CE1_FE1_D1_PR1_WSA2_WSB0_VPR'.
Generating RTLIL representation for module `\RAM_CE1_FE1_D1_PR1_WSA2_WSB1_VPR'.
Generating RTLIL representation for module `\RAM_CE1_FE1_D1_PR1_WSA2_WSB2_VPR'.
Successfully finished Verilog frontend.

4. Executing SYNTH_QUICKLOGIC pass.

4.1. Executing Verilog-2005 frontend: /home/srinivaas/qorc-sdk/fpga_toolchain_install/v1.3.1/conda/bin/../share/yosys/quicklogic/cells_sim.v
Parsing Verilog input from `/home/srinivaas/qorc-sdk/fpga_toolchain_install/v1.3.1/conda/bin/../share/yosys/quicklogic/cells_sim.v' to AST representation.
Generating RTLIL representation for module `\inv'.
Generating RTLIL representation for module `\buff'.
Generating RTLIL representation for module `\logic_0'.
Generating RTLIL representation for module `\logic_1'.
Generating RTLIL representation for module `\gclkbuff'.
Successfully finished Verilog frontend.

4.2. Executing Verilog-2005 frontend: /home/srinivaas/qorc-sdk/fpga_toolchain_install/v1.3.1/conda/bin/../share/yosys/quicklogic/pp3_cells_sim.v
Parsing Verilog input from `/home/srinivaas/qorc-sdk/fpga_toolchain_install/v1.3.1/conda/bin/../share/yosys/quicklogic/pp3_cells_sim.v' to AST representation.
Generating RTLIL representation for module `\LUT1'.
Generating RTLIL representation for module `\LUT2'.
Generating RTLIL representation for module `\LUT3'.
Generating RTLIL representation for module `\LUT4'.
Generating RTLIL representation for module `\inpad'.
Generating RTLIL representation for module `\outpad'.
Generating RTLIL representation for module `\ckpad'.
Generating RTLIL representation for module `\bipad'.
Generating RTLIL representation for module `\dff'.
Generating RTLIL representation for module `\dffc'.
Generating RTLIL representation for module `\dffp'.
Generating RTLIL representation for module `\dffpc'.
Generating RTLIL representation for module `\dffe'.
Generating RTLIL representation for module `\dffec'.
Generating RTLIL representation for module `\dffepc'.
Generating RTLIL representation for module `\AND2I0'.
Generating RTLIL representation for module `\mux2x0'.
Generating RTLIL representation for module `\mux2x1'.
Generating RTLIL representation for module `\mux4x0'.
Generating RTLIL representation for module `\mux8x0'.
Generating RTLIL representation for module `\logic_cell_macro'.
Generating RTLIL representation for module `\ahb_gen_bfm'.
Generating RTLIL representation for module `\oscillator_s1'.
Generating RTLIL representation for module `\sdma_bfm'.
Generating RTLIL representation for module `\ahb2fb_asynbrig_if'.
Generating RTLIL representation for module `\fb2ahb_asynbrig_if'.
Generating RTLIL representation for module `\ahb2fb_asynbrig'.
Generating RTLIL representation for module `\qlal4s3b_cell_macro_bfm'.
Generating RTLIL representation for module `\qlal4s3b_cell_macro'.
Generating RTLIL representation for module `\fifo_controller_model'.
Generating RTLIL representation for module `\ram'.
Warning: Replacing memory \ram with list of registers. See /home/srinivaas/qorc-sdk/fpga_toolchain_install/v1.3.1/conda/bin/../share/yosys/quicklogic/pp3_cells_sim.v:3671, /home/srinivaas/qorc-sdk/fpga_toolchain_install/v1.3.1/conda/bin/../share/yosys/quicklogic/pp3_cells_sim.v:3585, /home/srinivaas/qorc-sdk/fpga_toolchain_install/v1.3.1/conda/bin/../share/yosys/quicklogic/pp3_cells_sim.v:3560
Generating RTLIL representation for module `\x2_model'.
Generating RTLIL representation for module `\ram_block_8K'.
Generating RTLIL representation for module `\sw_mux'.
Generating RTLIL representation for module `\ram8k_2x1_cell'.
Generating RTLIL representation for module `\ram8k_2x1_cell_macro'.
Generating RTLIL representation for module `\gpio_cell_macro'.
Generating RTLIL representation for module `\qlal4s3_mult_32x32_cell'.
Generating RTLIL representation for module `\qlal4s3_mult_16x16_cell'.
Generating RTLIL representation for module `\signed_mult'.
Generating RTLIL representation for module `\qlal4s3_mult_cell_macro'.
Generating RTLIL representation for module `\RAM_8K_BLK'.
Generating RTLIL representation for module `\RAM_16K_BLK'.
Generating RTLIL representation for module `\FIFO_8K_BLK'.
Generating RTLIL representation for module `\FIFO_16K_BLK'.
Successfully finished Verilog frontend.

4.3. Executing HIERARCHY pass (managing design hierarchy).

4.3.1. Finding top of design hierarchy..
root of   0 design levels: excess3             
Automatically selected excess3 as design top module.

4.3.2. Analyzing design hierarchy..
Top module:  \excess3

4.3.3. Analyzing design hierarchy..
Top module:  \excess3
Removed 0 unused modules.

4.4. Executing PROC pass (convert processes to netlists).

4.4.1. Executing PROC_CLEAN pass (remove empty switches from decision trees).
Cleaned up 0 empty switches.

4.4.2. Executing PROC_RMDEAD pass (remove dead branches from decision trees).
Marked 1 switch rules as full_case in process $proc$/home/srinivaas/qorc-sdk/fpga_toolchain_install/v1.3.1/quicklogic-arch-defs/share/techmaps/quicklogic/pp3/techmap/cells_sim.v:4781$68 in module MULT.
Marked 2 switch rules as full_case in process $proc$/home/srinivaas/qorc-sdk/fpga_toolchain_install/v1.3.1/quicklogic-arch-defs/share/techmaps/quicklogic/pp3/techmap/cells_sim.v:242$50 in module Q_FRAG.
Marked 1 switch rules as full_case in process $proc$/home/srinivaas/vaman/vaman_exp/excess3/excess3.v:0$29 in module excess3.
Removed a total of 0 dead cases.

4.4.3. Executing PROC_PRUNE pass (remove redundant assignments in processes).
Removed 0 redundant assignments.
Promoted 4 assignments to connections.

4.4.4. Executing PROC_INIT pass (extract init attributes).
Found init rule in `\Q_FRAG.$proc$/home/srinivaas/qorc-sdk/fpga_toolchain_install/v1.3.1/quicklogic-arch-defs/share/techmaps/quicklogic/pp3/techmap/cells_sim.v:0$51'.
  Set init value: \QZ = 1'0

4.4.5. Executing PROC_ARST pass (detect async resets in processes).
Found async reset \QST in `\Q_FRAG.$proc$/home/srinivaas/qorc-sdk/fpga_toolchain_install/v1.3.1/quicklogic-arch-defs/share/techmaps/quicklogic/pp3/techmap/cells_sim.v:242$50'.
Found async reset \QRT in `\Q_FRAG.$proc$/home/srinivaas/qorc-sdk/fpga_toolchain_install/v1.3.1/quicklogic-arch-defs/share/techmaps/quicklogic/pp3/techmap/cells_sim.v:242$50'.

4.4.6. Executing PROC_MUX pass (convert decision trees to multiplexers).
Creating decoders for process `\MULT.$proc$/home/srinivaas/qorc-sdk/fpga_toolchain_install/v1.3.1/quicklogic-arch-defs/share/techmaps/quicklogic/pp3/techmap/cells_sim.v:4781$68'.
     1/2: $0\Cmult[63:0] [63:32]
     2/2: $0\Cmult[63:0] [31:0]
Creating decoders for process `\Q_FRAG.$proc$/home/srinivaas/qorc-sdk/fpga_toolchain_install/v1.3.1/quicklogic-arch-defs/share/techmaps/quicklogic/pp3/techmap/cells_sim.v:0$51'.
Creating decoders for process `\Q_FRAG.$proc$/home/srinivaas/qorc-sdk/fpga_toolchain_install/v1.3.1/quicklogic-arch-defs/share/techmaps/quicklogic/pp3/techmap/cells_sim.v:242$50'.
     1/1: $0\QZ[0:0]
Creating decoders for process `\excess3.$proc$/home/srinivaas/vaman/vaman_exp/excess3/excess3.v:0$29'.
     1/1: $1$func$\out$/home/srinivaas/vaman/vaman_exp/excess3/excess3.v:31$2$\out[6:0]$33

4.4.7. Executing PROC_DLATCH pass (convert process syncs to latches).
No latch inferred for signal `\excess3.$func$\out$/home/srinivaas/vaman/vaman_exp/excess3/excess3.v:31$1$\out' from process `\excess3.$proc$/home/srinivaas/vaman/vaman_exp/excess3/excess3.v:0$29'.
No latch inferred for signal `\excess3.$func$\out$/home/srinivaas/vaman/vaman_exp/excess3/excess3.v:31$2$\out' from process `\excess3.$proc$/home/srinivaas/vaman/vaman_exp/excess3/excess3.v:0$29'.
No latch inferred for signal `\excess3.$func$\out$/home/srinivaas/vaman/vaman_exp/excess3/excess3.v:31$2$\inp' from process `\excess3.$proc$/home/srinivaas/vaman/vaman_exp/excess3/excess3.v:0$29'.

4.4.8. Executing PROC_DFF pass (convert process syncs to FFs).
Creating register for signal `\MULT.\Cmult' using process `\MULT.$proc$/home/srinivaas/qorc-sdk/fpga_toolchain_install/v1.3.1/quicklogic-arch-defs/share/techmaps/quicklogic/pp3/techmap/cells_sim.v:4781$68'.
  created direct connection (no actual register cell created).
Creating register for signal `\Q_FRAG.\QZ' using process `\Q_FRAG.$proc$/home/srinivaas/qorc-sdk/fpga_toolchain_install/v1.3.1/quicklogic-arch-defs/share/techmaps/quicklogic/pp3/techmap/cells_sim.v:242$50'.
Warning: Complex async reset for dff `\QZ'.
  created $dffsr cell `$procdff$931' with positive edge clock and multiple level-sensitive resets.

4.4.9. Executing PROC_CLEAN pass (remove empty switches from decision trees).
Found and cleaned up 4 empty switches in `\MULT.$proc$/home/srinivaas/qorc-sdk/fpga_toolchain_install/v1.3.1/quicklogic-arch-defs/share/techmaps/quicklogic/pp3/techmap/cells_sim.v:4781$68'.
Removing empty process `MULT.$proc$/home/srinivaas/qorc-sdk/fpga_toolchain_install/v1.3.1/quicklogic-arch-defs/share/techmaps/quicklogic/pp3/techmap/cells_sim.v:4781$68'.
Removing empty process `Q_FRAG.$proc$/home/srinivaas/qorc-sdk/fpga_toolchain_install/v1.3.1/quicklogic-arch-defs/share/techmaps/quicklogic/pp3/techmap/cells_sim.v:0$51'.
Found and cleaned up 1 empty switch in `\Q_FRAG.$proc$/home/srinivaas/qorc-sdk/fpga_toolchain_install/v1.3.1/quicklogic-arch-defs/share/techmaps/quicklogic/pp3/techmap/cells_sim.v:242$50'.
Removing empty process `Q_FRAG.$proc$/home/srinivaas/qorc-sdk/fpga_toolchain_install/v1.3.1/quicklogic-arch-defs/share/techmaps/quicklogic/pp3/techmap/cells_sim.v:242$50'.
Found and cleaned up 1 empty switch in `\excess3.$proc$/home/srinivaas/vaman/vaman_exp/excess3/excess3.v:0$29'.
Removing empty process `excess3.$proc$/home/srinivaas/vaman/vaman_exp/excess3/excess3.v:0$29'.
Cleaned up 6 empty switches.

4.5. Executing FLATTEN pass (flatten design).

4.6. Executing TRIBUF pass.

4.7. Executing OPT_EXPR pass (perform const folding).
Optimizing module excess3.

4.8. Executing OPT_CLEAN pass (remove unused cells and wires).
Finding unused cells or wires in module \excess3..
Removed 0 unused cells and 15 unused wires.

4.9. Executing DEMINOUT pass (demote inout ports to input or output).

4.10. Executing OPT pass (performing simple optimizations).

4.10.1. Executing OPT_EXPR pass (perform const folding).
Optimizing module excess3.

4.10.2. Executing OPT_MERGE pass (detect identical cells).
Finding identical cells in module `\excess3'.
Removed a total of 4 cells.

4.10.3. Executing OPT_MUXTREE pass (detect dead branches in mux trees).
Running muxtree optimizer on module \excess3..
  Creating internal representation of mux trees.
  Evaluating internal representation of mux trees.
  Analyzing evaluation results.
Removed 0 multiplexer ports.

4.10.4. Executing OPT_REDUCE pass (consolidate $*mux and $reduce_* inputs).
  Optimizing cells in module \excess3.
Performed a total of 0 changes.

4.10.5. Executing OPT_MERGE pass (detect identical cells).
Finding identical cells in module `\excess3'.
Removed a total of 0 cells.

4.10.6. Executing OPT_RMDFF pass (remove dff with constant values).

4.10.7. Executing OPT_CLEAN pass (remove unused cells and wires).
Finding unused cells or wires in module \excess3..
Removed 0 unused cells and 4 unused wires.

4.10.8. Executing OPT_EXPR pass (perform const folding).
Optimizing module excess3.

4.10.9. Rerunning OPT passes. (Maybe there is more to do..)

4.10.10. Executing OPT_MUXTREE pass (detect dead branches in mux trees).
Running muxtree optimizer on module \excess3..
  Creating internal representation of mux trees.
  Evaluating internal representation of mux trees.
  Analyzing evaluation results.
Removed 0 multiplexer ports.

4.10.11. Executing OPT_REDUCE pass (consolidate $*mux and $reduce_* inputs).
  Optimizing cells in module \excess3.
Performed a total of 0 changes.

4.10.12. Executing OPT_MERGE pass (detect identical cells).
Finding identical cells in module `\excess3'.
Removed a total of 0 cells.

4.10.13. Executing OPT_RMDFF pass (remove dff with constant values).

4.10.14. Executing OPT_CLEAN pass (remove unused cells and wires).
Finding unused cells or wires in module \excess3..

4.10.15. Executing OPT_EXPR pass (perform const folding).
Optimizing module excess3.

4.10.16. Finished OPT passes. (There is nothing left to do.)

4.11. Executing OPT_EXPR pass (perform const folding).
Optimizing module excess3.

4.12. Executing OPT_CLEAN pass (remove unused cells and wires).
Finding unused cells or wires in module \excess3..

4.13. Executing CHECK pass (checking for obvious problems).
checking module excess3..
found and reported 0 problems.

4.14. Executing OPT pass (performing simple optimizations).

4.14.1. Executing OPT_EXPR pass (perform const folding).
Optimizing module excess3.

4.14.2. Executing OPT_MERGE pass (detect identical cells).
Finding identical cells in module `\excess3'.
Removed a total of 0 cells.

4.14.3. Executing OPT_MUXTREE pass (detect dead branches in mux trees).
Running muxtree optimizer on module \excess3..
  Creating internal representation of mux trees.
  Evaluating internal representation of mux trees.
  Analyzing evaluation results.
Removed 0 multiplexer ports.

4.14.4. Executing OPT_REDUCE pass (consolidate $*mux and $reduce_* inputs).
  Optimizing cells in module \excess3.
Performed a total of 0 changes.

4.14.5. Executing OPT_MERGE pass (detect identical cells).
Finding identical cells in module `\excess3'.
Removed a total of 0 cells.

4.14.6. Executing OPT_RMDFF pass (remove dff with constant values).

4.14.7. Executing OPT_CLEAN pass (remove unused cells and wires).
Finding unused cells or wires in module \excess3..

4.14.8. Executing OPT_EXPR pass (perform const folding).
Optimizing module excess3.

4.14.9. Finished OPT passes. (There is nothing left to do.)

4.15. Executing WREDUCE pass (reducing word size of cells).
Removed top 30 bits (of 32) from port B of cell excess3.$add$/home/srinivaas/vaman/vaman_exp/excess3/excess3.v:29$24 ($add).
Removed top 29 bits (of 32) from port Y of cell excess3.$add$/home/srinivaas/vaman/vaman_exp/excess3/excess3.v:29$24 ($add).
Removed top 29 bits (of 32) from port A of cell excess3.$add$/home/srinivaas/vaman/vaman_exp/excess3/excess3.v:29$26 ($add).
Removed top 29 bits (of 32) from port B of cell excess3.$add$/home/srinivaas/vaman/vaman_exp/excess3/excess3.v:29$26 ($add).
Removed top 28 bits (of 32) from port Y of cell excess3.$add$/home/srinivaas/vaman/vaman_exp/excess3/excess3.v:29$26 ($add).
Removed top 28 bits (of 32) from port A of cell excess3.$add$/home/srinivaas/vaman/vaman_exp/excess3/excess3.v:29$28 ($add).
Removed top 28 bits (of 32) from port B of cell excess3.$add$/home/srinivaas/vaman/vaman_exp/excess3/excess3.v:29$28 ($add).
Removed top 28 bits (of 32) from port Y of cell excess3.$add$/home/srinivaas/vaman/vaman_exp/excess3/excess3.v:29$28 ($add).
Removed top 1 bits (of 4) from port B of cell excess3.$procmux$911_CMP0 ($eq).
Removed top 1 bits (of 4) from port B of cell excess3.$procmux$912_CMP0 ($eq).
Removed top 1 bits (of 4) from port B of cell excess3.$procmux$913_CMP0 ($eq).
Removed top 1 bits (of 4) from port B of cell excess3.$procmux$914_CMP0 ($eq).
Removed top 2 bits (of 4) from port B of cell excess3.$procmux$915_CMP0 ($eq).
Removed top 2 bits (of 4) from port B of cell excess3.$procmux$916_CMP0 ($eq).
Removed top 3 bits (of 4) from port B of cell excess3.$procmux$917_CMP0 ($eq).
Removed top 29 bits (of 32) from wire excess3.$add$/home/srinivaas/vaman/vaman_exp/excess3/excess3.v:29$24_Y.
Removed top 28 bits (of 32) from wire excess3.$add$/home/srinivaas/vaman/vaman_exp/excess3/excess3.v:29$26_Y.

4.16. Executing PEEPOPT pass (run peephole optimizers).

4.17. Executing PMUXTREE pass.

4.18. Executing OPT_CLEAN pass (remove unused cells and wires).
Finding unused cells or wires in module \excess3..
Removed 2 unused cells and 6 unused wires.

4.19. Executing ALUMACC pass (create $alu and $macc cells).
Extracting $alu and $macc cells in module excess3:
  creating $macc model for $add$/home/srinivaas/vaman/vaman_exp/excess3/excess3.v:29$24 ($add).
  creating $macc model for $add$/home/srinivaas/vaman/vaman_exp/excess3/excess3.v:29$26 ($add).
  creating $macc model for $add$/home/srinivaas/vaman/vaman_exp/excess3/excess3.v:29$28 ($add).
  merging $macc model for $add$/home/srinivaas/vaman/vaman_exp/excess3/excess3.v:29$26 into $add$/home/srinivaas/vaman/vaman_exp/excess3/excess3.v:29$28.
  merging $macc model for $add$/home/srinivaas/vaman/vaman_exp/excess3/excess3.v:29$24 into $add$/home/srinivaas/vaman/vaman_exp/excess3/excess3.v:29$28.
  creating $macc cell for $add$/home/srinivaas/vaman/vaman_exp/excess3/excess3.v:29$28: $auto$alumacc.cc:365:replace_macc$964
  created 0 $alu and 1 $macc cells.

4.20. Executing OPT pass (performing simple optimizations).

4.20.1. Executing OPT_EXPR pass (perform const folding).
Optimizing module excess3.

4.20.2. Executing OPT_MERGE pass (detect identical cells).
Finding identical cells in module `\excess3'.
Removed a total of 0 cells.

4.20.3. Executing OPT_MUXTREE pass (detect dead branches in mux trees).
Running muxtree optimizer on module \excess3..
  Creating internal representation of mux trees.
  Evaluating internal representation of mux trees.
  Analyzing evaluation results.
Removed 0 multiplexer ports.

4.20.4. Executing OPT_REDUCE pass (consolidate $*mux and $reduce_* inputs).
  Optimizing cells in module \excess3.
Performed a total of 0 changes.

4.20.5. Executing OPT_MERGE pass (detect identical cells).
Finding identical cells in module `\excess3'.
Removed a total of 0 cells.

4.20.6. Executing OPT_RMDFF pass (remove dff with constant values).

4.20.7. Executing OPT_CLEAN pass (remove unused cells and wires).
Finding unused cells or wires in module \excess3..
Removed 2 unused cells and 2 unused wires.

4.20.8. Executing OPT_EXPR pass (perform const folding).
Optimizing module excess3.

4.20.9. Rerunning OPT passes. (Maybe there is more to do..)

4.20.10. Executing OPT_MUXTREE pass (detect dead branches in mux trees).
Running muxtree optimizer on module \excess3..
  Creating internal representation of mux trees.
  Evaluating internal representation of mux trees.
  Analyzing evaluation results.
Removed 0 multiplexer ports.

4.20.11. Executing OPT_REDUCE pass (consolidate $*mux and $reduce_* inputs).
  Optimizing cells in module \excess3.
Performed a total of 0 changes.

4.20.12. Executing OPT_MERGE pass (detect identical cells).
Finding identical cells in module `\excess3'.
Removed a total of 0 cells.

4.20.13. Executing OPT_RMDFF pass (remove dff with constant values).

4.20.14. Executing OPT_CLEAN pass (remove unused cells and wires).
Finding unused cells or wires in module \excess3..

4.20.15. Executing OPT_EXPR pass (perform const folding).
Optimizing module excess3.

4.20.16. Finished OPT passes. (There is nothing left to do.)

4.21. Executing FSM pass (extract and optimize FSM).

4.21.1. Executing FSM_DETECT pass (finding FSMs in design).

4.21.2. Executing FSM_EXTRACT pass (extracting FSM from design).

4.21.3. Executing FSM_OPT pass (simple optimizations of FSMs).

4.21.4. Executing OPT_CLEAN pass (remove unused cells and wires).
Finding unused cells or wires in module \excess3..

4.21.5. Executing FSM_OPT pass (simple optimizations of FSMs).

4.21.6. Executing FSM_RECODE pass (re-assigning FSM state encoding).

4.21.7. Executing FSM_INFO pass (dumping all available information on FSM cells).

4.21.8. Executing FSM_MAP pass (mapping FSMs to basic logic).

4.22. Executing OPT pass (performing simple optimizations).

4.22.1. Executing OPT_EXPR pass (perform const folding).
Optimizing module excess3.

4.22.2. Executing OPT_MERGE pass (detect identical cells).
Finding identical cells in module `\excess3'.
Removed a total of 0 cells.

4.22.3. Executing OPT_RMDFF pass (remove dff with constant values).

4.22.4. Executing OPT_CLEAN pass (remove unused cells and wires).
Finding unused cells or wires in module \excess3..

4.22.5. Finished fast OPT passes.

4.23. Executing MEMORY pass.

4.23.1. Executing OPT_MEM pass (optimize memories).
Performed a total of 0 transformations.

4.23.2. Executing MEMORY_DFF pass (merging $dff cells to $memrd and $memwr).

4.23.3. Executing OPT_CLEAN pass (remove unused cells and wires).
Finding unused cells or wires in module \excess3..

4.23.4. Executing MEMORY_SHARE pass (consolidating $memrd/$memwr cells).

4.23.5. Executing OPT_CLEAN pass (remove unused cells and wires).
Finding unused cells or wires in module \excess3..

4.23.6. Executing MEMORY_COLLECT pass (generating $mem cells).

4.24. Executing OPT_CLEAN pass (remove unused cells and wires).
Finding unused cells or wires in module \excess3..

4.25. Executing MEMORY_BRAM pass (mapping $mem cells to block memories).

4.26. Executing PP3_BRAMINIT pass.
cell type $auto$alumacc.cc:365:replace_macc$964
cell type $auto$pmuxtree.cc:35:or_generator$944
cell type $auto$pmuxtree.cc:37:or_generator$956
cell type $auto$pmuxtree.cc:37:or_generator$960
cell type $auto$pmuxtree.cc:65:recursive_mux_generator$938
cell type $auto$pmuxtree.cc:65:recursive_mux_generator$940
cell type $auto$pmuxtree.cc:65:recursive_mux_generator$942
cell type $auto$pmuxtree.cc:65:recursive_mux_generator$946
cell type $auto$pmuxtree.cc:65:recursive_mux_generator$948
cell type $auto$pmuxtree.cc:65:recursive_mux_generator$950
cell type $auto$pmuxtree.cc:65:recursive_mux_generator$952
cell type $auto$pmuxtree.cc:65:recursive_mux_generator$954
cell type $auto$pmuxtree.cc:65:recursive_mux_generator$958
cell type $auto$pmuxtree.cc:65:recursive_mux_generator$962
cell type $logic_and$/home/srinivaas/vaman/vaman_exp/excess3/excess3.v:25$3
cell type $logic_and$/home/srinivaas/vaman/vaman_exp/excess3/excess3.v:25$5
cell type $logic_and$/home/srinivaas/vaman/vaman_exp/excess3/excess3.v:26$10
cell type $logic_and$/home/srinivaas/vaman/vaman_exp/excess3/excess3.v:26$13
cell type $logic_and$/home/srinivaas/vaman/vaman_exp/excess3/excess3.v:26$15
cell type $logic_and$/home/srinivaas/vaman/vaman_exp/excess3/excess3.v:26$8
cell type $logic_and$/home/srinivaas/vaman/vaman_exp/excess3/excess3.v:27$17
cell type $logic_and$/home/srinivaas/vaman/vaman_exp/excess3/excess3.v:27$20
cell type $logic_not$/home/srinivaas/vaman/vaman_exp/excess3/excess3.v:26$12
cell type $logic_not$/home/srinivaas/vaman/vaman_exp/excess3/excess3.v:26$14
cell type $logic_not$/home/srinivaas/vaman/vaman_exp/excess3/excess3.v:26$7
cell type $logic_or$/home/srinivaas/vaman/vaman_exp/excess3/excess3.v:25$4
cell type $logic_or$/home/srinivaas/vaman/vaman_exp/excess3/excess3.v:25$6
cell type $logic_or$/home/srinivaas/vaman/vaman_exp/excess3/excess3.v:26$11
cell type $logic_or$/home/srinivaas/vaman/vaman_exp/excess3/excess3.v:26$16
cell type $logic_or$/home/srinivaas/vaman/vaman_exp/excess3/excess3.v:27$21
cell type $procmux$909_CMP0
cell type $procmux$910_CMP0
cell type $procmux$911_CMP0
cell type $procmux$912_CMP0
cell type $procmux$913_CMP0
cell type $procmux$914_CMP0
cell type $procmux$915_CMP0
cell type $procmux$916_CMP0
cell type $procmux$917_CMP0
cell type $procmux$918_CMP0

4.27. Executing TECHMAP pass (map to technology primitives).

4.27.1. Executing Verilog-2005 frontend: /home/srinivaas/qorc-sdk/fpga_toolchain_install/v1.3.1/conda/bin/../share/yosys/quicklogic/pp3_brams_map.v
Parsing Verilog input from `/home/srinivaas/qorc-sdk/fpga_toolchain_install/v1.3.1/conda/bin/../share/yosys/quicklogic/pp3_brams_map.v' to AST representation.
Generating RTLIL representation for module `\$__QUICKLOGIC_RAMB16K'.
/home/srinivaas/qorc-sdk/fpga_toolchain_install/v1.3.1/conda/bin/../share/yosys/quicklogic/pp3_brams_map.v:21: Warning: Identifier `\VCC' is implicitly declared.
/home/srinivaas/qorc-sdk/fpga_toolchain_install/v1.3.1/conda/bin/../share/yosys/quicklogic/pp3_brams_map.v:22: Warning: Identifier `\GND' is implicitly declared.
Generating RTLIL representation for module `\$__QUICKLOGIC_RAMB8K'.
/home/srinivaas/qorc-sdk/fpga_toolchain_install/v1.3.1/conda/bin/../share/yosys/quicklogic/pp3_brams_map.v:239: Warning: Identifier `\GND' is implicitly declared.
/home/srinivaas/qorc-sdk/fpga_toolchain_install/v1.3.1/conda/bin/../share/yosys/quicklogic/pp3_brams_map.v:240: Warning: Identifier `\VCC' is implicitly declared.
Generating RTLIL representation for module `\RAM_8K_BLK'.
/home/srinivaas/qorc-sdk/fpga_toolchain_install/v1.3.1/conda/bin/../share/yosys/quicklogic/pp3_brams_map.v:539: Warning: Range [17:0] select out of bounds on signal `\out_reg0': Setting 2 MSB bits to undef.
Generating RTLIL representation for module `\RAM_16K_BLK'.
/home/srinivaas/qorc-sdk/fpga_toolchain_install/v1.3.1/conda/bin/../share/yosys/quicklogic/pp3_brams_map.v:825: Warning: Range [35:0] select out of bounds on signal `\out_reg0': Setting 4 MSB bits to undef.
Generating RTLIL representation for module `\FIFO_8K_BLK'.
/home/srinivaas/qorc-sdk/fpga_toolchain_install/v1.3.1/conda/bin/../share/yosys/quicklogic/pp3_brams_map.v:999: Warning: Range [35:0] select out of bounds on signal `\out_reg0': Setting 20 MSB bits to undef.
Generating RTLIL representation for module `\FIFO_16K_BLK'.
/home/srinivaas/qorc-sdk/fpga_toolchain_install/v1.3.1/conda/bin/../share/yosys/quicklogic/pp3_brams_map.v:1251: Warning: Range [35:0] select out of bounds on signal `\out_reg0': Setting 4 MSB bits to undef.
Successfully finished Verilog frontend.

4.27.2. Continuing TECHMAP pass.
No more expansions possible.

4.28. Executing OPT pass (performing simple optimizations).

4.28.1. Executing OPT_EXPR pass (perform const folding).
Optimizing module excess3.

4.28.2. Executing OPT_MERGE pass (detect identical cells).
Finding identical cells in module `\excess3'.
Removed a total of 0 cells.

4.28.3. Executing OPT_RMDFF pass (remove dff with constant values).

4.28.4. Executing OPT_CLEAN pass (remove unused cells and wires).
Finding unused cells or wires in module \excess3..

4.28.5. Finished fast OPT passes.

4.29. Executing MEMORY_MAP pass (converting $mem cells to logic and flip-flops).

4.30. Executing OPT pass (performing simple optimizations).

4.30.1. Executing OPT_EXPR pass (perform const folding).
Optimizing module excess3.

4.30.2. Executing OPT_MERGE pass (detect identical cells).
Finding identical cells in module `\excess3'.
Removed a total of 0 cells.

4.30.3. Executing OPT_MUXTREE pass (detect dead branches in mux trees).
Running muxtree optimizer on module \excess3..
  Creating internal representation of mux trees.
  Evaluating internal representation of mux trees.
  Analyzing evaluation results.
Removed 0 multiplexer ports.

4.30.4. Executing OPT_REDUCE pass (consolidate $*mux and $reduce_* inputs).
  Optimizing cells in module \excess3.
    Consolidated identical input bits for $mux cell $auto$pmuxtree.cc:65:recursive_mux_generator$938:
      Old ports: A=7'0000000, B=7'0001100, Y=$auto$rtlil.cc:2037:Mux$939
      New ports: A=1'0, B=1'1, Y=$auto$rtlil.cc:2037:Mux$939 [2]
      New connections: { $auto$rtlil.cc:2037:Mux$939 [6:3] $auto$rtlil.cc:2037:Mux$939 [1:0] } = { 3'000 $auto$rtlil.cc:2037:Mux$939 [2] 2'00 }
    Consolidated identical input bits for $mux cell $auto$pmuxtree.cc:65:recursive_mux_generator$940:
      Old ports: A=7'0100100, B=7'1100000, Y=$auto$rtlil.cc:2037:Mux$941
      New ports: A=2'01, B=2'10, Y={ $auto$rtlil.cc:2037:Mux$941 [6] $auto$rtlil.cc:2037:Mux$941 [2] }
      New connections: { $auto$rtlil.cc:2037:Mux$941 [5:3] $auto$rtlil.cc:2037:Mux$941 [1:0] } = 5'10000
    Consolidated identical input bits for $mux cell $auto$pmuxtree.cc:65:recursive_mux_generator$948:
      Old ports: A=7'0010010, B=7'0000110, Y=$auto$rtlil.cc:2037:Mux$949
      New ports: A=2'10, B=2'01, Y={ $auto$rtlil.cc:2037:Mux$949 [4] $auto$rtlil.cc:2037:Mux$949 [2] }
      New connections: { $auto$rtlil.cc:2037:Mux$949 [6:5] $auto$rtlil.cc:2037:Mux$949 [3] $auto$rtlil.cc:2037:Mux$949 [1:0] } = 5'00010
    Consolidated identical input bits for $mux cell $auto$pmuxtree.cc:65:recursive_mux_generator$952:
      Old ports: A=7'1111111, B=7'0000001, Y=$auto$rtlil.cc:2037:Mux$953
      New ports: A=1'1, B=1'0, Y=$auto$rtlil.cc:2037:Mux$953 [1]
      New connections: { $auto$rtlil.cc:2037:Mux$953 [6:2] $auto$rtlil.cc:2037:Mux$953 [0] } = { $auto$rtlil.cc:2037:Mux$953 [1] $auto$rtlil.cc:2037:Mux$953 [1] $auto$rtlil.cc:2037:Mux$953 [1] $auto$rtlil.cc:2037:Mux$953 [1] $auto$rtlil.cc:2037:Mux$953 [1] 1'1 }
  Optimizing cells in module \excess3.
    Consolidated identical input bits for $mux cell $auto$pmuxtree.cc:65:recursive_mux_generator$942:
      Old ports: A=$auto$rtlil.cc:2037:Mux$941, B=7'0001111, Y=$auto$rtlil.cc:2037:Mux$943
      New ports: A={ $auto$rtlil.cc:2037:Mux$941 [6] 1'1 $auto$rtlil.cc:2037:Mux$941 [2] 1'0 }, B=4'0011, Y={ $auto$rtlil.cc:2037:Mux$943 [6:5] $auto$rtlil.cc:2037:Mux$943 [2] $auto$rtlil.cc:2037:Mux$943 [0] }
      New connections: { $auto$rtlil.cc:2037:Mux$943 [4:3] $auto$rtlil.cc:2037:Mux$943 [1] } = { 1'0 $auto$rtlil.cc:2037:Mux$943 [0] $auto$rtlil.cc:2037:Mux$943 [0] }
    Consolidated identical input bits for $mux cell $auto$pmuxtree.cc:65:recursive_mux_generator$950:
      Old ports: A=$auto$rtlil.cc:2037:Mux$949, B=7'1001100, Y=$auto$rtlil.cc:2037:Mux$951
      New ports: A={ $auto$rtlil.cc:2037:Mux$949 [4] 1'0 $auto$rtlil.cc:2037:Mux$949 [2] 1'1 }, B=4'0110, Y=$auto$rtlil.cc:2037:Mux$951 [4:1]
      New connections: { $auto$rtlil.cc:2037:Mux$951 [6:5] $auto$rtlil.cc:2037:Mux$951 [0] } = { $auto$rtlil.cc:2037:Mux$951 [3] 2'00 }
    Consolidated identical input bits for $mux cell $auto$pmuxtree.cc:65:recursive_mux_generator$954:
      Old ports: A=$auto$rtlil.cc:2037:Mux$953, B=7'1001111, Y=$auto$rtlil.cc:2037:Mux$955
      New ports: A={ $auto$rtlil.cc:2037:Mux$953 [1] $auto$rtlil.cc:2037:Mux$953 [1] }, B=2'01, Y={ $auto$rtlil.cc:2037:Mux$955 [4] $auto$rtlil.cc:2037:Mux$955 [1] }
      New connections: { $auto$rtlil.cc:2037:Mux$955 [6:5] $auto$rtlil.cc:2037:Mux$955 [3:2] $auto$rtlil.cc:2037:Mux$955 [0] } = { $auto$rtlil.cc:2037:Mux$955 [1] $auto$rtlil.cc:2037:Mux$955 [4] $auto$rtlil.cc:2037:Mux$955 [1] $auto$rtlil.cc:2037:Mux$955 [1] 1'1 }
  Optimizing cells in module \excess3.
    Consolidated identical input bits for $mux cell $auto$pmuxtree.cc:65:recursive_mux_generator$946:
      Old ports: A=$auto$rtlil.cc:2037:Mux$943, B={ 3'000 $auto$rtlil.cc:2037:Mux$939 [2] $auto$rtlil.cc:2037:Mux$939 [2] 2'00 }, Y=$auto$rtlil.cc:2037:Mux$947
      New ports: A={ $auto$rtlil.cc:2037:Mux$943 [6:5] $auto$rtlil.cc:2037:Mux$943 [0] $auto$rtlil.cc:2037:Mux$943 [2] $auto$rtlil.cc:2037:Mux$943 [0] }, B={ 2'00 $auto$rtlil.cc:2037:Mux$939 [2] $auto$rtlil.cc:2037:Mux$939 [2] 1'0 }, Y={ $auto$rtlil.cc:2037:Mux$947 [6:5] $auto$rtlil.cc:2037:Mux$947 [3:2] $auto$rtlil.cc:2037:Mux$947 [0] }
      New connections: { $auto$rtlil.cc:2037:Mux$947 [4] $auto$rtlil.cc:2037:Mux$947 [1] } = { 1'0 $auto$rtlil.cc:2037:Mux$947 [0] }
    Consolidated identical input bits for $mux cell $auto$pmuxtree.cc:65:recursive_mux_generator$958:
      Old ports: A=$auto$rtlil.cc:2037:Mux$955, B=$auto$rtlil.cc:2037:Mux$951, Y=$auto$rtlil.cc:2037:Mux$959
      New ports: A={ $auto$rtlil.cc:2037:Mux$955 [4] $auto$rtlil.cc:2037:Mux$955 [4] $auto$rtlil.cc:2037:Mux$955 [1] $auto$rtlil.cc:2037:Mux$955 [1] $auto$rtlil.cc:2037:Mux$955 [1] 1'1 }, B={ 1'0 $auto$rtlil.cc:2037:Mux$951 [4:1] 1'0 }, Y=$auto$rtlil.cc:2037:Mux$959 [5:0]
      New connections: $auto$rtlil.cc:2037:Mux$959 [6] = $auto$rtlil.cc:2037:Mux$959 [3]
  Optimizing cells in module \excess3.
Performed a total of 9 changes.

4.30.5. Executing OPT_MERGE pass (detect identical cells).
Finding identical cells in module `\excess3'.
Removed a total of 0 cells.

4.30.6. Executing OPT_RMDFF pass (remove dff with constant values).

4.30.7. Executing OPT_CLEAN pass (remove unused cells and wires).
Finding unused cells or wires in module \excess3..

4.30.8. Executing OPT_EXPR pass (perform const folding).
Optimizing module excess3.

4.30.9. Rerunning OPT passes. (Maybe there is more to do..)

4.30.10. Executing OPT_MUXTREE pass (detect dead branches in mux trees).
Running muxtree optimizer on module \excess3..
  Creating internal representation of mux trees.
  Evaluating internal representation of mux trees.
  Analyzing evaluation results.
Removed 0 multiplexer ports.

4.30.11. Executing OPT_REDUCE pass (consolidate $*mux and $reduce_* inputs).
  Optimizing cells in module \excess3.
Performed a total of 0 changes.

4.30.12. Executing OPT_MERGE pass (detect identical cells).
Finding identical cells in module `\excess3'.
Removed a total of 0 cells.

4.30.13. Executing OPT_RMDFF pass (remove dff with constant values).

4.30.14. Executing OPT_CLEAN pass (remove unused cells and wires).
Finding unused cells or wires in module \excess3..

4.30.15. Executing OPT_EXPR pass (perform const folding).
Optimizing module excess3.

4.30.16. Finished OPT passes. (There is nothing left to do.)

4.31. Executing TECHMAP pass (map to technology primitives).

4.31.1. Executing Verilog-2005 frontend: /home/srinivaas/qorc-sdk/fpga_toolchain_install/v1.3.1/conda/bin/../share/yosys/techmap.v
Parsing Verilog input from `/home/srinivaas/qorc-sdk/fpga_toolchain_install/v1.3.1/conda/bin/../share/yosys/techmap.v' to AST representation.
Generating RTLIL representation for module `\_90_simplemap_bool_ops'.
Generating RTLIL representation for module `\_90_simplemap_reduce_ops'.
Generating RTLIL representation for module `\_90_simplemap_logic_ops'.
Generating RTLIL representation for module `\_90_simplemap_compare_ops'.
Generating RTLIL representation for module `\_90_simplemap_various'.
Generating RTLIL representation for module `\_90_simplemap_registers'.
Generating RTLIL representation for module `\_90_shift_ops_shr_shl_sshl_sshr'.
Generating RTLIL representation for module `\_90_shift_shiftx'.
Generating RTLIL representation for module `\_90_fa'.
Generating RTLIL representation for module `\_90_lcu'.
Generating RTLIL representation for module `\_90_alu'.
Generating RTLIL representation for module `\_90_macc'.
Generating RTLIL representation for module `\_90_alumacc'.
Generating RTLIL representation for module `\$__div_mod_u'.
Generating RTLIL representation for module `\$__div_mod_trunc'.
Generating RTLIL representation for module `\_90_div'.
Generating RTLIL representation for module `\_90_mod'.
Generating RTLIL representation for module `\$__div_mod_floor'.
Generating RTLIL representation for module `\_90_divfloor'.
Generating RTLIL representation for module `\_90_modfloor'.
Generating RTLIL representation for module `\_90_pow'.
Generating RTLIL representation for module `\_90_pmux'.
Generating RTLIL representation for module `\_90_lut'.
Successfully finished Verilog frontend.

4.31.2. Continuing TECHMAP pass.
Using extmapper simplemap for cells of type $mux.
Using extmapper simplemap for cells of type $logic_and.
Using extmapper simplemap for cells of type $logic_or.
Using extmapper simplemap for cells of type $logic_not.
Using extmapper simplemap for cells of type $reduce_or.
Using extmapper simplemap for cells of type $or.
Using extmapper simplemap for cells of type $eq.
Using extmapper maccmap for cells of type $macc.
  add { \A 3'000 } (4 bits, unsigned)
  add { \B 2'00 } (3 bits, unsigned)
  add { \C 1'0 } (2 bits, unsigned)
  add bits \D (1 bits)
No more expansions possible.

4.32. Executing OPT pass (performing simple optimizations).

4.32.1. Executing OPT_EXPR pass (perform const folding).
Optimizing module excess3.

4.32.2. Executing OPT_MERGE pass (detect identical cells).
Finding identical cells in module `\excess3'.
Removed a total of 25 cells.

4.32.3. Executing OPT_RMDFF pass (remove dff with constant values).

4.32.4. Executing OPT_CLEAN pass (remove unused cells and wires).
Finding unused cells or wires in module \excess3..
Removed 2 unused cells and 49 unused wires.

4.32.5. Finished fast OPT passes.

4.33. Executing MUXCOVER pass (mapping to wider MUXes).
Covering MUX trees in module excess3..
  Treeifying 23 MUXes:
    Found tree with 3 MUXes at root \a.
    Found tree with 3 MUXes at root \b.
    Found tree with 3 MUXes at root \c.
    Found tree with 2 MUXes at root \d.
    Found tree with 5 MUXes at root \e.
    Found tree with 2 MUXes at root \f.
    Found tree with 1 MUXes at root \g.
    Found tree with 1 MUXes at root $auto$rtlil.cc:2037:Mux$947 [1].
    Found tree with 1 MUXes at root $auto$rtlil.cc:2037:Mux$955 [5].
    Found tree with 1 MUXes at root $auto$rtlil.cc:2037:Mux$955 [6].
    Found tree with 1 MUXes at root $auto$rtlil.cc:2037:Mux$959 [6].
    Finished treeification: Found 11 trees.
  Covering trees:
    Replaced tree at \a: 3 MUX2, 0 MUX4, 0 MUX8, 0 MUX16
    Replaced tree at \b: 0 MUX2, 1 MUX4, 0 MUX8, 0 MUX16
    Replaced tree at \c: 3 MUX2, 0 MUX4, 0 MUX8, 0 MUX16
    Replaced tree at \d: 2 MUX2, 0 MUX4, 0 MUX8, 0 MUX16
    Replaced tree at \e: 2 MUX2, 1 MUX4, 0 MUX8, 0 MUX16
    Replaced tree at \f: 2 MUX2, 0 MUX4, 0 MUX8, 0 MUX16
    Replaced tree at \g: 1 MUX2, 0 MUX4, 0 MUX8, 0 MUX16
    Replaced tree at $auto$rtlil.cc:2037:Mux$947 [1]: 1 MUX2, 0 MUX4, 0 MUX8, 0 MUX16
    Replaced tree at $auto$rtlil.cc:2037:Mux$955 [5]: 1 MUX2, 0 MUX4, 0 MUX8, 0 MUX16
    Replaced tree at $auto$rtlil.cc:2037:Mux$955 [6]: 1 MUX2, 0 MUX4, 0 MUX8, 0 MUX16
    Replaced tree at $auto$rtlil.cc:2037:Mux$959 [6]: 1 MUX2, 0 MUX4, 0 MUX8, 0 MUX16
  Added a total of 1 decoder MUXes.

4.34. Executing OPT_EXPR pass (perform const folding).
Optimizing module excess3.

4.35. Executing DFF2DFFE pass (transform $dff to $dffe where applicable).
Transforming FF to FF+Enable cells in module excess3:

4.36. Executing TECHMAP pass (map to technology primitives).

4.36.1. Executing Verilog-2005 frontend: /home/srinivaas/qorc-sdk/fpga_toolchain_install/v1.3.1/conda/bin/../share/yosys/quicklogic/pp3_ffs_map.v
Parsing Verilog input from `/home/srinivaas/qorc-sdk/fpga_toolchain_install/v1.3.1/conda/bin/../share/yosys/quicklogic/pp3_ffs_map.v' to AST representation.
Generating RTLIL representation for module `\$_DFF_N_'.
Generating RTLIL representation for module `\$_DFF_P_'.
Generating RTLIL representation for module `\$_DFF_NN0_'.
Generating RTLIL representation for module `\$_DFF_NN1_'.
Generating RTLIL representation for module `\$_DFF_NP0_'.
Generating RTLIL representation for module `\$_DFF_NP1_'.
Generating RTLIL representation for module `\$_DFF_PN0_'.
Generating RTLIL representation for module `\$_DFF_PN1_'.
Generating RTLIL representation for module `\$_DFF_PP0_'.
Generating RTLIL representation for module `\$_DFF_PP1_'.
Generating RTLIL representation for module `\$_DFFSR_NPP_'.
Generating RTLIL representation for module `\$_DFFSR_PPP_'.
Generating RTLIL representation for module `\$_DFFE_NN_'.
Generating RTLIL representation for module `\$_DFFE_NP_'.
Generating RTLIL representation for module `\$_DFFE_PN_'.
Generating RTLIL representation for module `\$_DFFE_PP_'.
Successfully finished Verilog frontend.

4.36.2. Continuing TECHMAP pass.
No more expansions possible.

4.37. Executing OPT_EXPR pass (perform const folding).
Optimizing module excess3.

4.38. Executing SIMPLEMAP pass (map simple cells to gate primitives).

4.39. Executing TECHMAP pass (map to technology primitives).

4.39.1. Executing Verilog-2005 frontend: /home/srinivaas/qorc-sdk/fpga_toolchain_install/v1.3.1/conda/bin/../share/yosys/quicklogic/pp3_latches_map.v
Parsing Verilog input from `/home/srinivaas/qorc-sdk/fpga_toolchain_install/v1.3.1/conda/bin/../share/yosys/quicklogic/pp3_latches_map.v' to AST representation.
Generating RTLIL representation for module `\$_DLATCH_P_'.
Generating RTLIL representation for module `\$_DLATCH_N_'.
Generating RTLIL representation for module `\$_DLATCHSR_NNN_'.
Generating RTLIL representation for module `\$_DLATCHSR_NNP_'.
Generating RTLIL representation for module `\$_DLATCHSR_NPN_'.
Generating RTLIL representation for module `\$_DLATCHSR_NPP_'.
Generating RTLIL representation for module `\$_DLATCHSR_PNN_'.
Generating RTLIL representation for module `\$_DLATCHSR_PNP_'.
Generating RTLIL representation for module `\$_DLATCHSR_PPN_'.
Generating RTLIL representation for module `\$_DLATCHSR_PPP_'.
Successfully finished Verilog frontend.

4.39.2. Continuing TECHMAP pass.
No more expansions possible.

4.40. Executing ABC pass (technology mapping using ABC).

4.40.1. Extracting gate netlist of module `\excess3' to `<abc-temp-dir>/input.blif'..
Extracted 69 gates and 75 wires to a netlist network with 4 inputs and 13 outputs.

4.40.1.1. Executing ABC.
Running ABC command: <yosys-exe-dir>/yosys-abc -s -f <abc-temp-dir>/abc.script 2>&1
ABC: ABC command line: "source <abc-temp-dir>/abc.script".
ABC: 
ABC: + read_blif <abc-temp-dir>/input.blif 
ABC: + read_library <abc-temp-dir>/stdcells.genlib 
ABC: Entered genlib library with 13 gates from file "<abc-temp-dir>/stdcells.genlib".
ABC: + read_lut <yosys-exe-dir>/../share/yosys/quicklogic/pp3_lutdefs.txt 
ABC: + strash 
ABC: + ifraig 
ABC: + scorr 
ABC: Warning: The network is combinational (run "fraig" or "fraig_sweep").
ABC: + dc2 
ABC: + dretime 
ABC: + strash 
ABC: + dch -f 
ABC: + if 
ABC: + mfs2 
ABC: + sweep 
ABC: + eliminate 
ABC: + if 
ABC: The network was strashed and balanced before FPGA mapping.
ABC: + mfs 
ABC: + lutpack 
ABC: + dress 
ABC: Total number of equiv classes                =      12.
ABC: Participating nodes from both networks       =      44.
ABC: Participating nodes from the first network   =      13. (  92.86 % of nodes)
ABC: Participating nodes from the second network  =      31. ( 221.43 % of nodes)
ABC: Node pairs (any polarity)                    =      13. (  92.86 % of names can be moved)
ABC: Node pairs (same polarity)                   =      13. (  92.86 % of names can be moved)
ABC: Total runtime =     0.00 sec
ABC: + write_blif <abc-temp-dir>/output.blif 

4.40.1.2. Re-integrating ABC results.
ABC RESULTS:              $lut cells:       11
ABC RESULTS:        internal signals:       58
ABC RESULTS:           input signals:        4
ABC RESULTS:          output signals:       13
Removing temp directory.

4.41. Executing TECHMAP pass (map to technology primitives).

4.41.1. Executing Verilog-2005 frontend: /home/srinivaas/qorc-sdk/fpga_toolchain_install/v1.3.1/conda/bin/../share/yosys/quicklogic/pp3_ffs_map.v
Parsing Verilog input from `/home/srinivaas/qorc-sdk/fpga_toolchain_install/v1.3.1/conda/bin/../share/yosys/quicklogic/pp3_ffs_map.v' to AST representation.
Generating RTLIL representation for module `\$_DFF_N_'.
Generating RTLIL representation for module `\$_DFF_P_'.
Generating RTLIL representation for module `\$_DFF_NN0_'.
Generating RTLIL representation for module `\$_DFF_NN1_'.
Generating RTLIL representation for module `\$_DFF_NP0_'.
Generating RTLIL representation for module `\$_DFF_NP1_'.
Generating RTLIL representation for module `\$_DFF_PN0_'.
Generating RTLIL representation for module `\$_DFF_PN1_'.
Generating RTLIL representation for module `\$_DFF_PP0_'.
Generating RTLIL representation for module `\$_DFF_PP1_'.
Generating RTLIL representation for module `\$_DFFSR_NPP_'.
Generating RTLIL representation for module `\$_DFFSR_PPP_'.
Generating RTLIL representation for module `\$_DFFE_NN_'.
Generating RTLIL representation for module `\$_DFFE_NP_'.
Generating RTLIL representation for module `\$_DFFE_PN_'.
Generating RTLIL representation for module `\$_DFFE_PP_'.
Successfully finished Verilog frontend.

4.41.2. Continuing TECHMAP pass.
No more expansions possible.
Removed 0 unused cells and 66 unused wires.

4.42. Executing TECHMAP pass (map to technology primitives).

4.42.1. Executing Verilog-2005 frontend: /home/srinivaas/qorc-sdk/fpga_toolchain_install/v1.3.1/conda/bin/../share/yosys/quicklogic/pp3_cells_map.v
Parsing Verilog input from `/home/srinivaas/qorc-sdk/fpga_toolchain_install/v1.3.1/conda/bin/../share/yosys/quicklogic/pp3_cells_map.v' to AST representation.
Generating RTLIL representation for module `\$_MUX8_'.
Generating RTLIL representation for module `\$_MUX4_'.
Generating RTLIL representation for module `\$_MUX_'.
Generating RTLIL representation for module `\$_NOT_'.
Generating RTLIL representation for module `\qlal4s3_mult_16x16_cell'.
/home/srinivaas/qorc-sdk/fpga_toolchain_install/v1.3.1/conda/bin/../share/yosys/quicklogic/pp3_cells_map.v:44: Warning: Identifier `\Valid_mult_w' is implicitly declared.
Successfully finished Verilog frontend.

4.42.2. Executing Verilog-2005 frontend: /home/srinivaas/qorc-sdk/fpga_toolchain_install/v1.3.1/conda/bin/../share/yosys/quicklogic/pp3_lut_map.v
Parsing Verilog input from `/home/srinivaas/qorc-sdk/fpga_toolchain_install/v1.3.1/conda/bin/../share/yosys/quicklogic/pp3_lut_map.v' to AST representation.
Generating RTLIL representation for module `\$lut'.
Successfully finished Verilog frontend.

4.42.3. Continuing TECHMAP pass.
Using template $paramod\$lut\WIDTH=4\LUT=16'0011110000000101 for cells of type $lut.
Using template $paramod\$lut\WIDTH=3\LUT=8'00000001 for cells of type $lut.
Using template $paramod\$lut\WIDTH=4\LUT=16'1111111011111111 for cells of type $lut.
Using template $paramod\$lut\WIDTH=3\LUT=8'01000000 for cells of type $lut.
Using template $paramod\$lut\WIDTH=4\LUT=16'1110111111111111 for cells of type $lut.
Using template $paramod\$lut\WIDTH=4\LUT=16'0101001110110000 for cells of type $lut.
Using template \$_MUX4_ for cells of type $_MUX4_.
Using template $paramod\$lut\WIDTH=4\LUT=16'1111010111001110 for cells of type $lut.
Using template $paramod\$lut\WIDTH=4\LUT=16'1110001000101111 for cells of type $lut.
Using template $paramod\$lut\WIDTH=4\LUT=16'1100111100101010 for cells of type $lut.
Using template $paramod\$lut\WIDTH=4\LUT=16'1100001110101010 for cells of type $lut.
Using template $paramod\$lut\WIDTH=4\LUT=16'1101011110000000 for cells of type $lut.
No more expansions possible.
Removed 0 unused cells and 38 unused wires.

4.43. Executing Quicklogic_EQN pass (calculate equations for luts).

4.44. Updated 11 of LUT* elements with equation.

4.45. Executing AUTONAME pass.
Renamed 31 objects in module excess3 (4 iterations).

4.46. Executing HIERARCHY pass (managing design hierarchy).

4.46.1. Analyzing design hierarchy..
Top module:  \excess3

4.46.2. Analyzing design hierarchy..
Top module:  \excess3
Removed 0 unused modules.

4.47. Printing statistics.

=== excess3 ===

   Number of wires:                 17
   Number of wire bits:             17
   Number of public wires:          17
   Number of public wire bits:      17
   Number of memories:               0
   Number of memory bits:            0
   Number of processes:              0
   Number of cells:                 13
     LUT3                            2
     LUT4                            9
     mux4x0                          2

4.48. Executing CHECK pass (checking for obvious problems).
checking module excess3..
found and reported 0 problems.

4.49. Executing CLKBUFMAP pass (inserting global clock buffers).

4.50. Executing IOPADMAP pass (mapping inputs/outputs to IO-PAD cells).
Mapping port excess3.a using outpad.
Mapping port excess3.b using outpad.
Mapping port excess3.c using outpad.
Mapping port excess3.d using outpad.
Mapping port excess3.e using outpad.
Mapping port excess3.f using outpad.
Mapping port excess3.g using outpad.
Mapping port excess3.w using inpad.
Mapping port excess3.x using inpad.
Mapping port excess3.y using inpad.
Mapping port excess3.z using inpad.

4.51. Executing SPLITNETS pass (splitting up multi-bit signals).

4.52. Executing SETUNDEF pass (replace undef values with defined constants).

4.53. Executing HILOMAP pass (mapping to constant drivers).

4.54. Executing OPT_CLEAN pass (remove unused cells and wires).
Finding unused cells or wires in module \excess3..

4.55. Executing CHECK pass (checking for obvious problems).
checking module excess3..
found and reported 0 problems.

5. Printing statistics.

=== excess3 ===

   Number of wires:                 30
   Number of wire bits:             30
   Number of public wires:          17
   Number of public wire bits:      17
   Number of memories:               0
   Number of memory bits:            0
   Number of processes:              0
   Number of cells:                 26
     LUT3                            2
     LUT4                            9
     inpad                           4
     logic_0                         1
     logic_1                         1
     mux4x0                          2
     outpad                          7

Loading PCF from '/home/srinivaas/vaman/vaman_exp/excess3/confir.pcf'...
Loading pinmap CSV from '/home/srinivaas/qorc-sdk/fpga_toolchain_install/v1.3.1/quicklogic-arch-defs/share/arch/ql-eos-s3_wlcsp/pinmap_PU64.csv'...
Processing cells...
  type       | net        | pad        | loc      | type     | instance
 ------------+------------+------------+----------+----------+-----------
  outpad     | a          | 3          | X12Y3    | BIDIR    | $iopadmap$excess3.a
  outpad     | b          | 64         | X14Y3    | BIDIR    | $iopadmap$excess3.b
  outpad     | c          | 62         | X16Y3    | BIDIR    | $iopadmap$excess3.c
  outpad     | d          | 60         | X22Y3    | BIDIR    | $iopadmap$excess3.d
  outpad     | e          | 59         | X24Y3    | BIDIR    | $iopadmap$excess3.e
  outpad     | f          | 57         | X26Y3    | BIDIR    | $iopadmap$excess3.f
  outpad     | g          | 56         | X28Y3    | BIDIR    | $iopadmap$excess3.g
  inpad      | w          | 40         | X34Y32   | BIDIR    | $iopadmap$excess3.w
  inpad      | x          | 53         | X34Y3    | BIDIR    | $iopadmap$excess3.x
  inpad      | y          | 54         | X32Y3    | BIDIR    | $iopadmap$excess3.y
  inpad      | z          | 55         | X30Y3    | BIDIR    | $iopadmap$excess3.z

6. Executing Verilog backend.
Dumping module `\excess3'.

7. Executing TECHMAP pass (map to technology primitives).

7.1. Executing Verilog-2005 frontend: /home/srinivaas/qorc-sdk/fpga_toolchain_install/v1.3.1/quicklogic-arch-defs/share/techmaps/quicklogic/pp3/techmap/cells_map.v
Parsing Verilog input from `/home/srinivaas/qorc-sdk/fpga_toolchain_install/v1.3.1/quicklogic-arch-defs/share/techmaps/quicklogic/pp3/techmap/cells_map.v' to AST representation.
Generating RTLIL representation for module `\logic_0'.
Generating RTLIL representation for module `\logic_1'.
Generating RTLIL representation for module `\inpad'.
Generating RTLIL representation for module `\outpad'.
Generating RTLIL representation for module `\bipad'.
Generating RTLIL representation for module `\ckpad'.
Generating RTLIL representation for module `\qhsckibuff'.
Generating RTLIL representation for module `\qhsckbuff'.
Generating RTLIL representation for module `\gclkbuff'.
Generating RTLIL representation for module `\logic_cell_macro'.
Generating RTLIL representation for module `\inv'.
Generating RTLIL representation for module `\mux2x0'.
Generating RTLIL representation for module `\mux4x0'.
Generating RTLIL representation for module `\mux8x0'.
Generating RTLIL representation for module `\LUT1'.
Generating RTLIL representation for module `\LUT2'.
Generating RTLIL representation for module `\LUT3'.
Generating RTLIL representation for module `\LUT4'.
Generating RTLIL representation for module `\dff'.
Generating RTLIL representation for module `\dffc'.
Generating RTLIL representation for module `\dffp'.
Generating RTLIL representation for module `\dffpc'.
Generating RTLIL representation for module `\dffe'.
Generating RTLIL representation for module `\dffec'.
Generating RTLIL representation for module `\dffepc'.
Generating RTLIL representation for module `\dffsc'.
Generating RTLIL representation for module `\qlal4s3b_cell_macro'.
Generating RTLIL representation for module `\qlal4s3_mult_32x32_cell'.
Generating RTLIL representation for module `\qlal4s3_mult_16x16_cell'.
Generating RTLIL representation for module `\qlal4s3_mult_cell_macro'.
Successfully finished Verilog frontend.

7.2. Continuing TECHMAP pass.
Using template logic_0 for cells of type logic_0.
Using template logic_1 for cells of type logic_1.
No more expansions possible.

8. Executing TECHMAP pass (map to technology primitives).

8.1. Executing Verilog-2005 frontend: /home/srinivaas/qorc-sdk/fpga_toolchain_install/v1.3.1/quicklogic-arch-defs/share/techmaps/quicklogic/pp3/techmap/cells_map.v
Parsing Verilog input from `/home/srinivaas/qorc-sdk/fpga_toolchain_install/v1.3.1/quicklogic-arch-defs/share/techmaps/quicklogic/pp3/techmap/cells_map.v' to AST representation.
Generating RTLIL representation for module `\logic_0'.
Generating RTLIL representation for module `\logic_1'.
Generating RTLIL representation for module `\inpad'.
Generating RTLIL representation for module `\outpad'.
Generating RTLIL representation for module `\bipad'.
Generating RTLIL representation for module `\ckpad'.
Generating RTLIL representation for module `\qhsckibuff'.
Generating RTLIL representation for module `\qhsckbuff'.
Generating RTLIL representation for module `\gclkbuff'.
Generating RTLIL representation for module `\logic_cell_macro'.
Generating RTLIL representation for module `\inv'.
Generating RTLIL representation for module `\mux2x0'.
Generating RTLIL representation for module `\mux4x0'.
Generating RTLIL representation for module `\mux8x0'.
Generating RTLIL representation for module `\LUT1'.
Generating RTLIL representation for module `\LUT2'.
Generating RTLIL representation for module `\LUT3'.
Generating RTLIL representation for module `\LUT4'.
Generating RTLIL representation for module `\dff'.
Generating RTLIL representation for module `\dffc'.
Generating RTLIL representation for module `\dffp'.
Generating RTLIL representation for module `\dffpc'.
Generating RTLIL representation for module `\dffe'.
Generating RTLIL representation for module `\dffec'.
Generating RTLIL representation for module `\dffepc'.
Generating RTLIL representation for module `\dffsc'.
Generating RTLIL representation for module `\qlal4s3b_cell_macro'.
Generating RTLIL representation for module `\qlal4s3_mult_32x32_cell'.
Generating RTLIL representation for module `\qlal4s3_mult_16x16_cell'.
Generating RTLIL representation for module `\qlal4s3_mult_cell_macro'.
Successfully finished Verilog frontend.

8.2. Continuing TECHMAP pass.
Using template $paramod$ae47c976ba5930346fb14d9bb1acd7fd0cc69258\inpad for cells of type inpad.
Using template $paramod$8710e5724ea7597aec6f86bf8982eb7dcf6e45e0\inpad for cells of type inpad.
Using template $paramod$20836409dd4d4eddd1bf52e531e01fc3f9ef0633\inpad for cells of type inpad.
Using template $paramod$2c475bfb33a84408237163aa5b74c1e4b533cae5\inpad for cells of type inpad.
Using template $paramod$4e2beca8b2dae46a9529112343c996c1a8e540bc\LUT4 for cells of type LUT4.
Using template $paramod$02aa829d7bb4d3bbae67ad5ee2e5a326704559e9\outpad for cells of type outpad.
Using template $paramod$e4b1c9a2f0798b696050a840981568edbdd0218b\LUT4 for cells of type LUT4.
Using template $paramod$bcbc9c91d0e9832f372a991d34a62c6ed9f16585\LUT4 for cells of type LUT4.
Using template $paramod$0f07babae5dff1bc734ca1d598de770038b2ad18\LUT4 for cells of type LUT4.
Using template $paramod$9b37810e2494e836fdb65ff15edbdc9a2949729b\LUT4 for cells of type LUT4.
Using template $paramod$1bebe247bed97a87c4c9fb23bfd75193f25cbfac\LUT4 for cells of type LUT4.
Using template mux4x0 for cells of type mux4x0.
Using template $paramod$03fa78d84bd5e07f6e124fa217a4ce84543d615a\outpad for cells of type outpad.
Using template $paramod$5fd78e27f8ec773433bf0083989a8e7fe24eb17e\LUT4 for cells of type LUT4.
Using template $paramod$a08440fdf88d3ef3a2869d2345d39491c7f5f771\LUT4 for cells of type LUT4.
Using template $paramod$3494bf91dff70d828c5f5312272dede938de1112\outpad for cells of type outpad.
Using template $paramod$fb6a521fea07f5fb62fed9b7430549dba446c85a\LUT4 for cells of type LUT4.
Using template $paramod$1ff3cb955baebb34bce84175d8b64f00bac588c5\outpad for cells of type outpad.
Using template $paramod$4da62a2f3593426548f45892aaeb7356ad46a6a4\outpad for cells of type outpad.
Using template $paramod$0dee8c45763e54f30353b4988d9129c450b64183\LUT3 for cells of type LUT3.
Using template $paramod\LUT3\INIT=9'000000001\EQN=8'00110000 for cells of type LUT3.
Using template $paramod$d8b4ab69a8b5413c066ad38d899c9d4a3dedc93a\outpad for cells of type outpad.
Using template $paramod$adb3e2998d36d23e78e72d530fe94019908a146e\outpad for cells of type outpad.
No more expansions possible.

9. Executing TECHMAP pass (map to technology primitives).

9.1. Executing Verilog-2005 frontend: /home/srinivaas/qorc-sdk/fpga_toolchain_install/v1.3.1/quicklogic-arch-defs/bin/../share/arch/ql-eos-s3_wlcsp/cells/ram_map.v
Parsing Verilog input from `/home/srinivaas/qorc-sdk/fpga_toolchain_install/v1.3.1/quicklogic-arch-defs/bin/../share/arch/ql-eos-s3_wlcsp/cells/ram_map.v' to AST representation.
Generating RTLIL representation for module `\ram8k_2x1_cell_macro'.
Successfully finished Verilog frontend.

9.2. Continuing TECHMAP pass.
No more expansions possible.

10. Executing OPT_EXPR pass (perform const folding).
Optimizing module excess3.

11. Executing OPT_CLEAN pass (remove unused cells and wires).
Finding unused cells or wires in module \excess3..
Removed 0 unused cells and 30 unused wires.

12. Executing SETUNDEF pass (replace undef values with defined constants).

13. Printing statistics.

=== excess3 ===

   Number of wires:                220
   Number of wire bits:            220
   Number of public wires:         213
   Number of public wire bits:     213
   Number of memories:               0
   Number of memory bits:            0
   Number of processes:              0
   Number of cells:                 24
     BIDIR_CELL                     11
     C_FRAG                          9
     T_FRAG                          4

14. Executing JSON backend.

15. Executing Verilog backend.
Dumping module `\excess3'.

Warnings: 8 unique messages, 11 total
End of script. Logfile hash: a7e8a76cf6, CPU: user 1.55s system 0.05s, MEM: 270.66 MB peak
Yosys 0.9+2406 (git sha1 9ac3484, x86_64-conda_cos6-linux-gnu-gcc 1.24.0.133_b0863d8_dirty -fvisibility-inlines-hidden -fmessage-length=0 -march=nocona -mtune=haswell -ftree-vectorize -fPIC -fstack-protector-strong -fno-plt -O2 -ffunction-sections -fdebug-prefix-map=/root/anaconda3/conda-bld/yosys_1607410735049/work=/usr/local/src/conda/yosys-0.8.0_0003_e80fb742f_20201208_122808 -fdebug-prefix-map=/home/srinivaas/qorc-sdk/fpga_toolchain_install/v1.3.1/conda=/usr/local/src/conda-prefix -fPIC -Os)
Time spent: 73% 18x read_verilog (1 sec), 6% 19x opt_clean (0 sec), ...
