VPR FPGA Placement and Routing.
Version: 8.1.0-dev+dadca7ecf
Revision: v8.0.0-rc2-2894-gdadca7ecf
Compiled: 2020-10-14T15:08:54
Compiler: GNU 7.3.0 on Linux-4.15.0-1028-gcp x86_64
Build Info: Release IPO VTR_ASSERT_LEVEL=2

University of Toronto
verilogtorouting.org
vtr-users@googlegroups.com
This is free open source code under MIT license.

VPR was run with the following command-line:
vpr /home/srinivaas/qorc-sdk/fpga_toolchain_install/v1.3.1/quicklogic-arch-defs/share/arch/ql-eos-s3_wlcsp/arch.timing.xml excess3.eblif --device ql-eos-s3 --max_router_iterations 500 --routing_failure_predictor off --router_high_fanout_threshold -1 --constant_net_method route --route_chan_width 100 --clock_modeling route --place_delay_model delta_override --router_lookahead map --check_route quick --strict_checks off --allow_dangling_combinational_nodes on --disable_errors check_unbuffered_edges:check_route --congested_routing_iteration_threshold 0.8 --incremental_reroute_delay_ripup off --base_cost_type delay_normalized_length_bounded --bb_factor 10 --initial_pres_fac 4.0 --check_rr_graph off --suppress_warnings ,sum_pin_class:check_unbuffered_edges:load_rr_indexed_data_T_values:check_rr_node:trans_per_R:check_route:set_rr_graph_tool_comment:warn_model_missing_timing --read_rr_graph /home/srinivaas/qorc-sdk/fpga_toolchain_install/v1.3.1/quicklogic-arch-defs/share/arch/ql-eos-s3_wlcsp/rr_graph_ql-eos-s3_wlcsp.rr_graph.real.bin --read_placement_delay_lookup /home/srinivaas/qorc-sdk/fpga_toolchain_install/v1.3.1/quicklogic-arch-defs/share/arch/ql-eos-s3_wlcsp/rr_graph_ql-eos-s3_wlcsp.place_delay.bin --sdc_file /home/srinivaas/vaman/vaman_exp/excess3/build/excess3_dummy.sdc --fix_clusters excess3_constraints.place --place

Using up to 1 parallel worker(s)

Architecture file: /home/srinivaas/qorc-sdk/fpga_toolchain_install/v1.3.1/quicklogic-arch-defs/share/arch/ql-eos-s3_wlcsp/arch.timing.xml
Circuit name: excess3

# Loading Architecture Description
# Loading Architecture Description took 0.30 seconds (max_rss 31.0 MiB, delta_rss +24.5 MiB)
# Building complex block graph
# Building complex block graph took 0.06 seconds (max_rss 39.8 MiB, delta_rss +8.9 MiB)
# Load circuit
# Load circuit took 0.00 seconds (max_rss 40.2 MiB, delta_rss +0.4 MiB)
# Clean circuit
Absorbed 192 LUT buffers
Inferred    3 additional primitive pins as constant generators since they have no combinationally connected inputs
Inferred    0 additional primitive pins as constant generators due to constant inputs
Inferred    0 additional primitive pins as constant generators since they have no combinationally connected inputs
Inferred    0 additional primitive pins as constant generators due to constant inputs
Inferred    0 additional primitive pins as constant generators since they have no combinationally connected inputs
Inferred    0 additional primitive pins as constant generators due to constant inputs
Swept input(s)      : 0
Swept output(s)     : 0 (0 dangling, 0 constant)
Swept net(s)        : 1
Swept block(s)      : 1
Constant Pins Marked: 3
# Clean circuit took 0.00 seconds (max_rss 40.2 MiB, delta_rss +0.0 MiB)
# Compress circuit
# Compress circuit took 0.00 seconds (max_rss 40.2 MiB, delta_rss +0.0 MiB)
# Verify circuit
# Verify circuit took 0.00 seconds (max_rss 40.2 MiB, delta_rss +0.0 MiB)
Circuit Statistics:
  Blocks: 37
    .input    :       4
    .output   :       7
    BIDIR_CELL:      11
    C_FRAG    :       9
    GND       :       1
    T_FRAG    :       4
    VCC       :       1
  Nets  : 30
    Avg Fanout:     6.2
    Max Fanout:    56.0
    Min Fanout:     1.0
  Netlist Clocks: 0
# Build Timing Graph
  Timing Graph Nodes: 215
  Timing Graph Edges: 352
  Timing Graph Levels: 10
# Build Timing Graph took 0.00 seconds (max_rss 40.2 MiB, delta_rss +0.0 MiB)
Netlist contains 0 clocks
# Load Timing Constraints

SDC file '/home/srinivaas/vaman/vaman_exp/excess3/build/excess3_dummy.sdc' contained no SDC commands
Setting default timing constraints:
   * constrain all primay inputs and primary outputs on a virtual external clock 'virtual_io_clock'
   * optimize virtual clock to run as fast as possible
Timing constraints created 1 clocks
  Constrained Clock 'virtual_io_clock' (Virtual Clock)

# Load Timing Constraints took 0.00 seconds (max_rss 40.2 MiB, delta_rss +0.0 MiB)
Timing analysis: ON
Circuit netlist file: excess3.net
Circuit placement file: excess3.place
Circuit routing file: excess3.route
Circuit SDC file: /home/srinivaas/vaman/vaman_exp/excess3/build/excess3_dummy.sdc

Packer: ENABLED
Placer: ENABLED
Router: DISABLED
Analysis: DISABLED

NetlistOpts.abosrb_buffer_luts            : true
NetlistOpts.sweep_dangling_primary_ios    : true
NetlistOpts.sweep_dangling_nets           : true
NetlistOpts.sweep_dangling_blocks         : true
NetlistOpts.sweep_constant_primary_outputs: false
NetlistOpts.netlist_verbosity             : 1
NetlistOpts.const_gen_inference           : COMB_SEQ

PackerOpts.allow_unrelated_clustering: auto
PackerOpts.alpha_clustering: 0.750000
PackerOpts.beta_clustering: 0.900000
PackerOpts.cluster_seed_type: BLEND2
PackerOpts.connection_driven: true
PackerOpts.global_clocks: true
PackerOpts.hill_climbing_flag: false
PackerOpts.inter_cluster_net_delay: 1.000000
PackerOpts.timing_driven: true
PackerOpts.target_external_pin_util: auto

PlacerOpts.place_freq: PLACE_ONCE
PlacerOpts.place_algorithm: CRITICALITY_TIMING_PLACE
PlacerOpts.pad_loc_type: FREE
PlacerOpts.constraints_file: Using constraints file 'excess3_constraints.place'
PlacerOpts.place_cost_exp: 1.000000
PlacerOpts.place_chan_width: 100
PlacerOpts.inner_loop_recompute_divider: 0
PlacerOpts.recompute_crit_iter: 1
PlacerOpts.timing_tradeoff: 0.500000
PlacerOpts.td_place_exp_first: 1.000000
PlacerOpts.td_place_exp_last: 8.000000
PlacerOpts.delay_offset: 0.000000
PlacerOpts.delay_ramp_delta_threshold: -1
PlacerOpts.delay_ramp_slope: 0.000000
PlacerOpts.tsu_rel_margin: 1.000000
PlacerOpts.tsu_abs_margin: 0.000000
PlacerOpts.post_place_timing_report_file: 
PlacerOpts.allowed_tiles_for_delay_model: 
PlacerOpts.delay_model_reducer: MIN
PlacerOpts.delay_model_type: DELTA_OVERRIDE
PlacerOpts.rlim_escape_fraction: 0.000000
PlacerOpts.move_stats_file: 
PlacerOpts.placement_saves_per_temperature: 0
PlacerOpts.effort_scaling: CIRCUIT
PlacerOpts.place_delta_delay_matrix_calculation_method: ASTAR_ROUTE
PlaceOpts.seed: 1
AnnealSched.type: AUTO_SCHED
AnnealSched.inner_num: 1.000000

RoutingArch.directionality: BI_DIRECTIONAL
RoutingArch.switch_block_type: WILTON
RoutingArch.Fs: 3

# Load Packing
Begin loading packed FPGA netlist file.
Netlist generated from file 'excess3.net'.
Detected 2 constant generators (to see names run with higher pack verbosity)
Finished loading packed FPGA netlist file (took 0.009024 seconds).
# Load Packing took 0.01 seconds (max_rss 40.6 MiB, delta_rss +0.4 MiB)
Warning 1: Netlist contains 0 global net to non-global architecture pin connections
Warning 2: Logic block #22 ($false) has only 1 output pin '$false.GND0_GND[0]'. It may be a constant generator.
Warning 3: Logic block #23 ($true) has only 1 output pin '$true.VCC0_VCC[0]'. It may be a constant generator.

Netlist num_nets: 19
Netlist num_blocks: 24
Netlist EMPTY blocks: 0.
Netlist PB-SYN_GND blocks: 1.
Netlist PB-BIDIR blocks: 11.
Netlist PB-ASSP blocks: 0.
Netlist PB-LOGIC blocks: 11.
Netlist PB-SDIOMUX blocks: 0.
Netlist PB-MULT blocks: 0.
Netlist PB-GMUX blocks: 0.
Netlist PB-CLOCK blocks: 0.
Netlist PB-RAM blocks: 0.
Netlist PB-SYN_VCC blocks: 1.
Netlist inputs pins: 4
Netlist output pins: 29


Pb types usage...
  PB-SYN_GND        : 1
   GND              : 1
  PB-BIDIR          : 11
   BIDIR            : 11
    INPUT           : 4
     bidir          : 4
     inpad          : 4
    OUTPUT          : 7
     bidir          : 7
     outpad         : 7
  PB-LOGIC          : 11
   LOGIC            : 11
    FRAGS           : 11
     c_frag_modes   : 11
      SINGLE        : 9
       c_frag       : 9
      SPLIT         : 2
       b_frag       : 2
       t_frag       : 2
  PB-SYN_VCC        : 1
   VCC              : 1

# Create Device
## Build Device Grid
FPGA sized to 39 x 35: 1365 grid tiles (ql-eos-s3)

Resource usage...
	Netlist
		1	blocks of type: PB-SYN_GND
	Architecture
		1	blocks of type: TL-SYN_GND
	Netlist
		11	blocks of type: PB-BIDIR
	Architecture
		32	blocks of type: TL-BIDIR
	Netlist
		0	blocks of type: PB-ASSP
	Architecture
		1	blocks of type: TL-ASSP
	Netlist
		11	blocks of type: PB-LOGIC
	Architecture
		891	blocks of type: TL-LOGIC
	Netlist
		0	blocks of type: PB-SDIOMUX
	Architecture
		14	blocks of type: TL-SDIOMUX
	Netlist
		0	blocks of type: PB-MULT
	Architecture
		2	blocks of type: TL-MULT
	Netlist
		0	blocks of type: PB-GMUX
	Architecture
		5	blocks of type: TL-GMUX
	Netlist
		0	blocks of type: PB-CLOCK
	Architecture
		5	blocks of type: TL-CLOCK
	Netlist
		0	blocks of type: PB-RAM
	Architecture
		4	blocks of type: TL-RAM
	Netlist
		1	blocks of type: PB-SYN_VCC
	Architecture
		1	blocks of type: TL-SYN_VCC

Device Utilization: 0.02 (target 1.00)
	Physical Tile TL-LOGIC:
	Block Utilization: 0.01 Logical Block: PB-LOGIC
	Physical Tile TL-RAM:
	Block Utilization: 0.00 Logical Block: PB-RAM
	Physical Tile TL-MULT:
	Block Utilization: 0.00 Logical Block: PB-MULT
	Physical Tile TL-BIDIR:
	Block Utilization: 0.34 Logical Block: PB-BIDIR
	Physical Tile TL-CLOCK:
	Block Utilization: 0.00 Logical Block: PB-CLOCK
	Physical Tile TL-SDIOMUX:
	Block Utilization: 0.00 Logical Block: PB-SDIOMUX
	Physical Tile TL-GMUX:
	Block Utilization: 0.00 Logical Block: PB-GMUX
	Physical Tile TL-ASSP:
	Block Utilization: 0.00 Logical Block: PB-ASSP
	Physical Tile TL-SYN_VCC:
	Block Utilization: 1.00 Logical Block: PB-SYN_VCC
	Physical Tile TL-SYN_GND:
	Block Utilization: 1.00 Logical Block: PB-SYN_GND

## Build Device Grid took 0.00 seconds (max_rss 40.9 MiB, delta_rss +0.0 MiB)
## Loading routing resource graph


## Loading routing resource graph took 0.44 seconds (max_rss 350.2 MiB, delta_rss +309.3 MiB)
  RR Graph Nodes: 1396446
  RR Graph Edges: 2337988
# Create Device took 0.92 seconds (max_rss 351.8 MiB, delta_rss +310.9 MiB)

# Computing router lookahead map
## Computing wire lookahead
Warning 4: Unable to find any sample location for segment CHANX type 'generic' (length 1)
Warning 5: Unable to find any sample location for segment CHANY type 'generic' (length 1)
Warning 6: Unable to find any sample location for segment CHANX type 'pad' (length 1)
Warning 7: Unable to find any sample location for segment CHANY type 'pad' (length 1)
## Computing wire lookahead took 16.59 seconds (max_rss 351.8 MiB, delta_rss +0.0 MiB)
## Computing src/opin lookahead
## Computing src/opin lookahead took 0.00 seconds (max_rss 351.8 MiB, delta_rss +0.0 MiB)
# Computing router lookahead map took 16.59 seconds (max_rss 351.8 MiB, delta_rss +0.0 MiB)
# Placement
## Computing placement delta delay look-up
  RR Graph Nodes: 1396446
  RR Graph Edges: 2337988
## Computing placement delta delay look-up took 0.50 seconds (max_rss 402.4 MiB, delta_rss +50.6 MiB)
Warning 8: CHANX place cost fac is 0 at 2 2
Warning 9: CHANX place cost fac is 0 at 34 34
Warning 10: CHANY place cost fac is 0 at 38 38
## Initial Placement
Reading excess3_constraints.place.

Successfully read excess3_constraints.place.

## Initial Placement took 0.00 seconds (max_rss 402.4 MiB, delta_rss +0.0 MiB)

There are 172 point to point connections in this circuit.


BB estimate of min-dist (placement) wire length: 1055

Completed placement consistency check successfully.
Initial placement cost: 1 bb_cost: 1.56462 td_cost: 7.57101e-07
Initial placement estimated Critical Path Delay (CPD): 61.1349 ns
Initial placement estimated setup Total Negative Slack (sTNS): -327.47 ns
Initial placement estimated setup Worst Negative Slack (sWNS): -61.1349 ns

Initial placement estimated setup slack histogram:
[ -6.1e-08: -5.9e-08) 2 ( 28.6%) |*************************************************
[ -5.9e-08: -5.6e-08) 0 (  0.0%) |
[ -5.6e-08: -5.4e-08) 0 (  0.0%) |
[ -5.4e-08: -5.1e-08) 0 (  0.0%) |
[ -5.1e-08: -4.9e-08) 0 (  0.0%) |
[ -4.9e-08: -4.6e-08) 0 (  0.0%) |
[ -4.6e-08: -4.4e-08) 1 ( 14.3%) |*************************
[ -4.4e-08: -4.1e-08) 2 ( 28.6%) |*************************************************
[ -4.1e-08: -3.9e-08) 1 ( 14.3%) |*************************
[ -3.9e-08: -3.6e-08) 1 ( 14.3%) |*************************
Placement contains 0 placement macros involving 0 blocks (average macro size -nan)

Moves per temperature: 69
Warning 11: Starting t: 20 of 24 configurations accepted.

---- ------ ------- ------- ---------- ---------- ------- ---------- -------- ------- ------- ------ -------- --------- ------
Tnum   Time       T Av Cost Av BB Cost Av TD Cost     CPD       sTNS     sWNS Ac Rate Std Dev  R lim Crit Exp Tot Moves  Alpha
      (sec)                                          (ns)       (ns)     (ns)                                                 
---- ------ ------- ------- ---------- ---------- ------- ---------- -------- ------- ------- ------ -------- --------- ------
   1    0.0 5.6e-01   0.982       1.57 8.4561e-07  52.218       -328  -52.218   0.884  0.0210   38.0     1.00        69  0.200
   2    0.0 5.0e-01   0.963       1.48 7.2461e-07  56.660       -330  -56.660   0.739  0.0466   38.0     1.00       138  0.900
   3    0.0 4.8e-01   1.036       1.55 7.2244e-07  57.942       -317  -57.942   0.797  0.0357   38.0     1.00       207  0.950
   4    0.0 4.5e-01   1.014       1.51 7.1983e-07  58.217       -319  -58.217   0.855  0.0381   38.0     1.00       276  0.950
   5    0.0 4.1e-01   1.004       1.56 7.4677e-07  58.234       -321  -58.234   0.913  0.0379   38.0     1.00       345  0.900
   6    0.0 3.7e-01   0.928       1.57 7.8238e-07  54.609       -324  -54.609   0.768  0.0664   38.0     1.00       414  0.900
   7    0.0 3.5e-01   0.982       1.54 8.0229e-07  54.856       -331  -54.856   0.754  0.0412   38.0     1.00       483  0.950
   8    0.0 3.3e-01   1.048       1.54 7.8193e-07  50.796       -304  -50.796   0.841  0.0573   38.0     1.00       552  0.950
   9    0.0 3.0e-01   1.026       1.51 7.3785e-07  58.569       -321  -58.569   0.797  0.0356   38.0     1.00       621  0.900
  10    0.0 2.8e-01   0.994       1.49 7.8433e-07  53.075       -320  -53.075   0.841  0.0375   38.0     1.00       690  0.950
  11    0.0 2.6e-01   1.022       1.58 8.1517e-07  55.496       -328  -55.496   0.739  0.0298   38.0     1.00       759  0.900
  12    0.0 2.4e-01   0.917       1.50 7.7474e-07  53.469       -330  -53.469   0.768  0.0422   38.0     1.00       828  0.950
  13    0.0 2.3e-01   1.015       1.57 6.8302e-07  59.637       -321  -59.637   0.797  0.0473   38.0     1.00       897  0.950
  14    0.0 2.2e-01   0.985       1.58 7.5868e-07  57.554       -323  -57.554   0.739  0.0367   38.0     1.00       966  0.950
  15    0.0 2.1e-01   1.005       1.60 7.1816e-07  58.944       -317  -58.944   0.812  0.0722   38.0     1.00      1035  0.950
  16    0.0 1.9e-01   1.070       1.60 6.6945e-07  58.117       -308  -58.117   0.855  0.0479   38.0     1.00      1104  0.900
  17    0.0 1.7e-01   0.943       1.58 7.2083e-07  60.887       -333  -60.887   0.855  0.0371   38.0     1.00      1173  0.900
  18    0.0 1.5e-01   1.042       1.47 7.7026e-07  53.896       -305  -53.896   0.739  0.0392   38.0     1.00      1242  0.900
  19    0.0 1.4e-01   0.922       1.50 7.8671e-07  52.469       -332  -52.469   0.812  0.0632   38.0     1.00      1311  0.950
  20    0.0 1.3e-01   0.932       1.54 7.0519e-07  64.047       -339  -64.047   0.783  0.0406   38.0     1.00      1380  0.900
  21    0.0 1.2e-01   0.985       1.60 7.535e-07   57.156       -333  -57.156   0.754  0.0407   38.0     1.00      1449  0.950
  22    0.0 1.2e-01   0.979       1.56 7.5255e-07  55.277       -322  -55.277   0.739  0.0314   38.0     1.00      1518  0.950
  23    0.0 1.1e-01   0.941       1.45 7.0697e-07  55.785       -318  -55.785   0.826  0.0419   38.0     1.00      1587  0.950
  24    0.0 1.0e-01   0.936       1.47 7.2426e-07  53.242       -314  -53.242   0.812  0.0315   38.0     1.00      1656  0.900
  25    0.0 9.0e-02   0.916       1.40 6.1347e-07  57.009       -316  -57.009   0.696  0.0485   38.0     1.00      1725  0.900
  26    0.0 8.6e-02   0.950       1.49 6.8039e-07  53.004       -314  -53.004   0.609  0.0752   38.0     1.00      1794  0.950
  27    0.0 8.1e-02   0.983       1.49 7.261e-07   54.774       -324  -54.774   0.812  0.0386   38.0     1.00      1863  0.950
  28    0.0 7.3e-02   0.998       1.55 7.0742e-07  60.522       -322  -60.522   0.768  0.0410   38.0     1.00      1932  0.900
  29    0.0 6.9e-02   0.941       1.55 7.2239e-07  60.973       -333  -60.973   0.797  0.0256   38.0     1.00      2001  0.950
  30    0.0 6.6e-02   0.972       1.59 8.0045e-07  56.136       -329  -56.136   0.739  0.0353   38.0     1.00      2070  0.950
  31    0.0 6.3e-02   0.935       1.49 6.7105e-07  59.637       -323  -59.637   0.696  0.0583   38.0     1.00      2139  0.950
  32    0.0 6.0e-02   1.178       1.52 6.8813e-07  57.422       -305  -57.422   0.667  0.0637   38.0     1.00      2208  0.950
  33    0.0 5.7e-02   0.961       1.50 6.9949e-07  59.751       -326  -59.751   0.797  0.0564   38.0     1.00      2277  0.950
  34    0.0 5.4e-02   0.939       1.47 8.1639e-07  54.203       -331  -54.203   0.696  0.0267   38.0     1.00      2346  0.950
  35    0.0 5.1e-02   1.013       1.50 7.105e-07   55.465       -314  -55.465   0.710  0.0305   38.0     1.00      2415  0.950
  36    0.0 4.9e-02   0.983       1.50 6.679e-07   59.577       -328  -59.577   0.768  0.0411   38.0     1.00      2484  0.950
  37    0.0 4.6e-02   1.024       1.41 7.0736e-07  49.615       -299  -49.615   0.681  0.0486   38.0     1.00      2553  0.950
  38    0.0 4.4e-02   1.045       1.41 6.9261e-07  52.995       -305  -52.995   0.638  0.0349   38.0     1.00      2622  0.950
  39    0.0 4.2e-02   1.108       1.52 6.5848e-07  55.661       -301  -55.661   0.580  0.0689   38.0     1.00      2691  0.950
  40    0.0 4.0e-02   1.007       1.38 7.1343e-07  46.017       -301  -46.017   0.522  0.0681   38.0     1.00      2760  0.950
  41    0.0 3.8e-02   0.880       1.41 6.6028e-07  56.247       -328  -56.247   0.623  0.0567   38.0     1.00      2829  0.950
  42    0.0 3.6e-02   1.035       1.53 7.614e-07   54.595       -315  -54.595   0.681  0.0405   38.0     1.00      2898  0.950
  43    0.0 3.4e-02   0.898       1.43 7.0954e-07  54.564       -318  -54.564   0.638  0.0557   38.0     1.00      2967  0.950
  44    0.0 3.2e-02   1.025       1.44 6.4964e-07  53.646       -302  -53.646   0.536  0.0369   38.0     1.00      3036  0.950
  45    0.0 3.1e-02   1.050       1.50 6.445e-07   58.667       -314  -58.667   0.594  0.0479   38.0     1.00      3105  0.950
  46    0.0 2.9e-02   1.031       1.52 6.3227e-07  57.194       -308  -57.194   0.536  0.0413   38.0     1.00      3174  0.950
  47    0.0 2.8e-02   0.952       1.39 7.3032e-07  51.107       -308  -51.107   0.507  0.0497   38.0     1.00      3243  0.950
  48    0.0 2.6e-02   0.893       1.30 5.9133e-07  55.358       -304  -55.358   0.449  0.0688   38.0     1.00      3312  0.950
  49    0.0 2.5e-02   0.968       1.33 5.5607e-07  59.588       -304  -59.588   0.464  0.0331   38.0     1.00      3381  0.950
  50    0.0 2.4e-02   0.982       1.24 6.2453e-07  49.937       -296  -49.937   0.261  0.0285   38.0     1.00      3450  0.950
  51    0.0 2.2e-02   1.024       1.27 4.5619e-07  49.760       -290  -49.760   0.333  0.0209   31.2     2.29      3519  0.950
  52    0.0 2.1e-02   1.063       1.44 4.5776e-07  51.527       -295  -51.527   0.522  0.0357   27.9     2.92      3588  0.950
  53    0.0 2.0e-02   0.917       1.33 5.4826e-07  47.995       -313  -47.995   0.348  0.0402   30.1     2.49      3657  0.950
  54    0.0 1.9e-02   1.020       1.33 4.4857e-07  47.570       -294  -47.570   0.348  0.0432   27.4     3.01      3726  0.950
  55    0.0 1.8e-02   0.949       1.37 4.1744e-07  52.447       -306  -52.447   0.464  0.0590   24.8     3.49      3795  0.950
  56    0.0 1.7e-02   1.016       1.27 3.79e-07    50.696       -300  -50.696   0.362  0.0405   25.4     3.38      3864  0.950
  57    0.0 1.7e-02   1.012       1.32 3.7936e-07  49.068       -292  -49.068   0.478  0.0144   23.5     3.75      3933  0.950
  58    0.0 1.6e-02   1.064       1.44 4.6049e-07  50.542       -305  -50.542   0.507  0.0415   24.4     3.58      4002  0.950
  59    0.0 1.5e-02   0.903       1.36 3.5734e-07  59.299       -318  -59.299   0.420  0.0407   26.0     3.27      4071  0.950
  60    0.0 1.4e-02   0.958       1.16 4.7797e-07  46.810       -287  -46.810   0.246  0.0388   25.5     3.37      4140  0.950
  61    0.0 1.3e-02   0.962       1.11 3.018e-07   49.269       -290  -49.269   0.333  0.0249   20.5     4.30      4209  0.950
  62    0.0 1.3e-02   1.040       1.24 3.2564e-07  50.190       -289  -50.190   0.333  0.0208   18.4     4.72      4278  0.950
  63    0.0 1.2e-02   0.964       1.31 2.5864e-07  55.048       -301  -55.048   0.449  0.0399   16.4     5.09      4347  0.950
  64    0.0 1.2e-02   0.855       1.17 3.6075e-07  47.866       -300  -47.866   0.333  0.0612   16.5     5.06      4416  0.950
  65    0.0 1.1e-02   0.935       1.06 2.7941e-07  46.469       -282  -46.469   0.319  0.0234   14.8     5.39      4485  0.950
  66    0.0 1.0e-02   1.021       1.05 3.178e-07   43.732       -281  -43.732   0.377  0.0157   13.0     5.73      4554  0.950
  67    0.0 9.9e-03   1.027       1.10 3.5609e-07  45.248       -281  -45.248   0.406  0.0253   12.2     5.89      4623  0.950
  68    0.0 9.4e-03   0.987       1.07 2.0507e-07  49.272       -286  -49.272   0.290  0.0106   11.8     5.97      4692  0.950
  69    0.0 8.9e-03   0.953       1.02 2.7962e-07  45.371       -282  -45.371   0.449  0.0219   10.0     6.30      4761  0.950
  70    0.0 8.5e-03   0.977       0.99 1.9686e-07  47.774       -281  -47.774   0.304  0.0116   10.1     6.28      4830  0.950
  71    0.0 8.1e-03   0.984       1.02 2.1208e-07  46.820       -282  -46.820   0.391  0.0122    8.7     6.54      4899  0.950
  72    0.0 7.7e-03   0.989       1.02 2.3992e-07  46.224       -284  -46.224   0.319  0.0167    8.3     6.62      4968  0.950
  73    0.0 7.3e-03   1.028       1.09 2.6162e-07  44.777       -281  -44.777   0.464  0.0132    7.3     6.81      5037  0.950
  74    0.0 6.9e-03   1.012       1.08 2.5101e-07  46.119       -281  -46.119   0.377  0.0080    7.5     6.78      5106  0.950
  75    0.0 6.6e-03   0.966       1.04 2.7637e-07  45.983       -286  -45.983   0.406  0.0169    7.0     6.87      5175  0.950
  76    0.0 6.2e-03   0.965       1.05 2.5534e-07  45.088       -282  -45.088   0.435  0.0239    6.7     6.91      5244  0.950
  77    0.0 5.9e-03   0.998       1.01 2.4386e-07  44.995       -280  -44.995   0.319  0.0059    6.7     6.92      5313  0.950
  78    0.0 5.6e-03   0.960       0.99 2.8255e-07  43.713       -281  -43.713   0.420  0.0161    5.9     7.07      5382  0.950
  79    0.0 5.3e-03   0.974       0.95 2.2506e-07  45.106       -281  -45.106   0.333  0.0090    5.8     7.09      5451  0.950
  80    0.0 5.1e-03   1.011       0.94 1.8475e-07  46.128       -279  -46.128   0.319  0.0050    5.2     7.21      5520  0.950
  81    0.0 4.8e-03   1.004       0.95 1.8803e-07  46.097       -281  -46.097   0.304  0.0064    4.5     7.33      5589  0.950
  82    0.0 4.6e-03   0.960       0.92 2.0643e-07  45.785       -277  -45.785   0.406  0.0142    3.9     7.45      5658  0.950
  83    0.0 4.4e-03   0.994       0.94 2.2761e-07  44.422       -278  -44.422   0.420  0.0166    3.8     7.47      5727  0.950
  84    0.0 4.1e-03   1.005       0.93 1.9179e-07  44.753       -274  -44.753   0.420  0.0088    3.7     7.49      5796  0.950
  85    0.0 3.9e-03   1.005       0.91 1.8433e-07  44.625       -274  -44.625   0.217  0.0056    3.6     7.50      5865  0.950
  86    0.0 3.7e-03   1.005       0.92 1.8833e-07  44.482       -276  -44.482   0.348  0.0058    2.8     7.65      5934  0.950
  87    0.0 3.5e-03   0.994       0.93 2.0459e-07  44.217       -279  -44.217   0.377  0.0102    2.6     7.70      6003  0.950
  88    0.0 3.4e-03   1.003       0.90 1.9432e-07  44.560       -279  -44.560   0.420  0.0072    2.4     7.73      6072  0.950
  89    0.0 3.2e-03   1.001       0.91 2.1272e-07  43.387       -277  -43.387   0.319  0.0045    2.4     7.74      6141  0.950
  90    0.0 3.0e-03   1.007       0.90 2.2708e-07  43.214       -275  -43.214   0.203  0.0035    2.1     7.80      6210  0.950
  91    0.0 2.9e-03   1.001       0.91 2.0603e-07  44.387       -277  -44.387   0.348  0.0056    1.6     7.89      6279  0.950
  92    0.0 2.7e-03   1.002       0.89 2.1545e-07  43.612       -277  -43.612   0.478  0.0039    1.4     7.92      6348  0.950
  93    0.0 2.6e-03   1.003       0.90 1.8986e-07  44.356       -277  -44.356   0.449  0.0044    1.5     7.91      6417  0.950
  94    0.0 2.5e-03   0.997       0.91 1.9e-07     44.287       -277  -44.287   0.319  0.0044    1.5     7.90      6486  0.950
  95    0.0 2.4e-03   0.995       0.90 1.944e-07   43.612       -275  -43.612   0.348  0.0026    1.3     7.94      6555  0.950
  96    0.0 2.2e-03   1.001       0.89 2.0794e-07  43.426       -277  -43.426   0.478  0.0024    1.2     7.96      6624  0.950
  97    0.0 2.1e-03   1.001       0.89 2.0753e-07  43.530       -278  -43.530   0.261  0.0052    1.2     7.95      6693  0.950
  98    0.0 2.0e-03   1.002       0.88 1.974e-07   43.530       -276  -43.530   0.304  0.0016    1.0     8.00      6762  0.950
  99    0.0 1.9e-03   1.004       0.88 1.8583e-07  43.918       -275  -43.918   0.261  0.0029    1.0     8.00      6831  0.950
 100    0.0 1.8e-03   0.999       0.88 1.7089e-07  45.321       -277  -45.321   0.275  0.0039    1.0     8.00      6900  0.950
 101    0.0 1.7e-03   1.007       0.89 1.9981e-07  43.710       -276  -43.710   0.362  0.0047    1.0     8.00      6969  0.950
 102    0.0 1.6e-03   0.989       0.89 1.7494e-07  45.423       -280  -45.423   0.319  0.0032    1.0     8.00      7038  0.950
 103    0.0 1.6e-03   0.991       0.89 1.8458e-07  43.918       -278  -43.918   0.290  0.0047    1.0     8.00      7107  0.950
 104    0.0 1.5e-03   1.001       0.91 1.8788e-07  43.527       -274  -43.527   0.232  0.0018    1.0     8.00      7176  0.950
 105    0.0 1.4e-03   1.004       0.91 1.7504e-07  43.807       -275  -43.807   0.261  0.0028    1.0     8.00      7245  0.950
 106    0.0 1.3e-03   0.997       0.92 1.9972e-07  43.527       -277  -43.527   0.246  0.0027    1.0     8.00      7314  0.950
 107    0.0 1.3e-03   0.992       0.91 2.0173e-07  43.446       -278  -43.446   0.261  0.0029    1.0     8.00      7383  0.950
 108    0.0 1.2e-03   0.992       0.89 2.017e-07   43.543       -279  -43.543   0.304  0.0047    1.0     8.00      7452  0.950
 109    0.0 1.1e-03   0.995       0.88 1.6301e-07  45.071       -277  -45.071   0.203  0.0019    1.0     8.00      7521  0.950
 110    0.0 1.1e-03   0.997       0.88 1.8189e-07  43.830       -277  -43.830   0.203  0.0014    1.0     8.00      7590  0.950
 111    0.0 1.0e-03   0.998       0.88 1.8119e-07  43.875       -277  -43.875   0.188  0.0016    1.0     8.00      7659  0.950
 112    0.0 9.8e-04   1.002       0.87 1.8544e-07  43.875       -277  -43.875   0.304  0.0021    1.0     8.00      7728  0.950
 113    0.0 9.3e-04   0.999       0.87 1.7602e-07  44.377       -278  -44.377   0.203  0.0014    1.0     8.00      7797  0.950
 114    0.0 8.9e-04   0.997       0.87 1.7723e-07  44.509       -279  -44.509   0.203  0.0030    1.0     8.00      7866  0.950
 115    0.0 8.4e-04   0.998       0.87 1.7871e-07  44.420       -276  -44.420   0.145  0.0007    1.0     8.00      7935  0.950
 116    0.0 6.7e-04   0.996       0.87 1.773e-07   44.420       -276  -44.420   0.145  0.0016    1.0     8.00      8004  0.800
 117    0.0 5.4e-04   0.999       0.87 1.8134e-07  43.866       -276  -43.866   0.043  0.0013    1.0     8.00      8073  0.800
 118    0.0 4.3e-04   0.999       0.87 1.9483e-07  43.435       -275  -43.435   0.130  0.0009    1.0     8.00      8142  0.800
 119    0.0 3.5e-04   1.000       0.87 1.9367e-07  43.435       -275  -43.435   0.029  0.0002    1.0     8.00      8211  0.800
 120    0.0 2.8e-04   0.998       0.87 1.9227e-07  43.435       -275  -43.435   0.058  0.0002    1.0     8.00      8280  0.800
 121    0.0 0.0e+00   0.999       0.87 1.9119e-07  43.435       -274  -43.435   0.029  0.0008    1.0     8.00      8349  0.800
## Placement Quench took 0.00 seconds (max_rss 402.4 MiB)

BB estimate of min-dist (placement) wire length: 564

Completed placement consistency check successfully.

Swaps called: 8373

Aborted Move Reasons:
  No moves aborted

Placement estimated critical path delay (least slack): 43.4346 ns, Fmax: 23.0231 MHz
Placement estimated setup Worst Negative Slack (sWNS): -43.4346 ns
Placement estimated setup Total Negative Slack (sTNS): -274.141 ns

Placement estimated setup slack histogram:
[ -4.3e-08: -4.3e-08) 1 ( 14.3%) |*************************
[ -4.3e-08: -4.2e-08) 0 (  0.0%) |
[ -4.2e-08: -4.1e-08) 1 ( 14.3%) |*************************
[ -4.1e-08: -4.1e-08) 0 (  0.0%) |
[ -4.1e-08:   -4e-08) 0 (  0.0%) |
[   -4e-08: -3.9e-08) 1 ( 14.3%) |*************************
[ -3.9e-08: -3.8e-08) 1 ( 14.3%) |*************************
[ -3.8e-08: -3.8e-08) 1 ( 14.3%) |*************************
[ -3.8e-08: -3.7e-08) 0 (  0.0%) |
[ -3.7e-08: -3.6e-08) 2 ( 28.6%) |*************************************************

Placement estimated geomean non-virtual intra-domain period: nan ns (nan MHz)
Placement estimated fanout-weighted geomean non-virtual intra-domain period: nan ns (nan MHz)

Placement cost: 0.99841, bb_cost: 0.870891, td_cost: 1.91572e-07, 

Placement resource usage:
  PB-SYN_GND implemented as TL-SYN_GND: 1
  PB-BIDIR   implemented as TL-BIDIR  : 11
  PB-LOGIC   implemented as TL-LOGIC  : 11
  PB-SYN_VCC implemented as TL-SYN_VCC: 1

Placement number of temperatures: 121
Placement total # of swap attempts: 8373
	Swaps accepted: 4036 (48.2 %)
	Swaps rejected: 3065 (36.6 %)
	Swaps aborted : 1272 (15.2 %)
Placement Quench timing analysis took 5.0789e-05 seconds (3.8656e-05 STA, 1.2133e-05 slack) (1 full updates: 1 setup, 0 hold, 0 combined).
Placement Total  timing analysis took 0.00676409 seconds (0.00501896 STA, 0.00174514 slack) (123 full updates: 123 setup, 0 hold, 0 combined).
update_td_costs: connections 0 nets 0 sum_nets 0 total 0
Incr Slack updates 123 in 0.000706322 sec
Full Max Req/Worst Slack updates 67 in 3.8199e-05 sec
Incr Max Req/Worst Slack updates 56 in 2.7421e-05 sec
Incr Criticality updates 7 in 4.8927e-05 sec
Full Criticality updates 116 in 0.000816849 sec
# Placement took 0.52 seconds (max_rss 402.4 MiB, delta_rss +50.6 MiB)

Flow timing analysis took 0.00676409 seconds (0.00501896 STA, 0.00174514 slack) (123 full updates: 123 setup, 0 hold, 0 combined).
VPR succeeded
The entire flow of VPR took 18.41 seconds (max_rss 402.4 MiB)
