#Timing report of worst 7 path(s)
# Unit scale: 1e-09 seconds
# Output precision: 3

#Path 1
Startpoint: x.inpad[0] (.input clocked by virtual_io_clock)
Endpoint  : out:b.outpad[0] (.output clocked by virtual_io_clock)
Path Type : setup

Point                                                                 Incr      Path
------------------------------------------------------------------------------------
clock virtual_io_clock (rise edge)                                   0.000     0.000
clock source latency                                                 0.000     0.000
input external delay                                                 0.000     0.000
x.inpad[0] (.input)                                                  0.000     0.000
$iopadmap$excess3.x.I_PAD_$inp[0] (BIDIR_CELL)                       0.000     0.000
$iopadmap$excess3.x.I_DAT[0] (BIDIR_CELL)                           10.958    10.958
b_mux4x0_Q_C_LUT4_O.c_frag.TA1[0] (C_FRAG)                           0.000    10.958
b_mux4x0_Q_C_LUT4_O.c_frag.CZ[0] (C_FRAG)                            1.721    12.679
b_mux4x0_Q.t_frag.XB1[0] (T_FRAG)                                    0.000    12.679
b_mux4x0_Q.t_frag.XZ[0] (T_FRAG)                                     1.581    14.260
$iopadmap$excess3.b.O_DAT[0] (BIDIR_CELL)                            0.000    14.260
$iopadmap$excess3.b.O_PAD_$out[0] (BIDIR_CELL)                       9.809    24.069
out:b.outpad[0] (.output)                                            0.000    24.069
data arrival time                                                             24.069

clock virtual_io_clock (rise edge)                                   0.000     0.000
clock source latency                                                 0.000     0.000
clock uncertainty                                                    0.000     0.000
output external delay                                                0.000     0.000
data required time                                                             0.000
------------------------------------------------------------------------------------
data required time                                                             0.000
data arrival time                                                            -24.069
------------------------------------------------------------------------------------
slack (VIOLATED)                                                             -24.069


#Path 2
Startpoint: z.inpad[0] (.input clocked by virtual_io_clock)
Endpoint  : out:e.outpad[0] (.output clocked by virtual_io_clock)
Path Type : setup

Point                                                                 Incr      Path
------------------------------------------------------------------------------------
clock virtual_io_clock (rise edge)                                   0.000     0.000
clock source latency                                                 0.000     0.000
input external delay                                                 0.000     0.000
z.inpad[0] (.input)                                                  0.000     0.000
$iopadmap$excess3.z.I_PAD_$inp[0] (BIDIR_CELL)                       0.000     0.000
$iopadmap$excess3.z.I_DAT[0] (BIDIR_CELL)                           10.958    10.958
e_mux4x0_Q_C_LUT4_O.c_frag.TA2[0] (C_FRAG)                           0.000    10.958
e_mux4x0_Q_C_LUT4_O.c_frag.CZ[0] (C_FRAG)                            1.705    12.663
e_mux4x0_Q.t_frag.XB1[0] (T_FRAG)                                    0.000    12.663
e_mux4x0_Q.t_frag.XZ[0] (T_FRAG)                                     1.581    14.244
$iopadmap$excess3.e.O_DAT[0] (BIDIR_CELL)                            0.000    14.244
$iopadmap$excess3.e.O_PAD_$out[0] (BIDIR_CELL)                       9.809    24.053
out:e.outpad[0] (.output)                                            0.000    24.053
data arrival time                                                             24.053

clock virtual_io_clock (rise edge)                                   0.000     0.000
clock source latency                                                 0.000     0.000
clock uncertainty                                                    0.000     0.000
output external delay                                                0.000     0.000
data required time                                                             0.000
------------------------------------------------------------------------------------
data required time                                                             0.000
data arrival time                                                            -24.053
------------------------------------------------------------------------------------
slack (VIOLATED)                                                             -24.053


#Path 3
Startpoint: z.inpad[0] (.input clocked by virtual_io_clock)
Endpoint  : out:a.outpad[0] (.output clocked by virtual_io_clock)
Path Type : setup

Point                                                                 Incr      Path
------------------------------------------------------------------------------------
clock virtual_io_clock (rise edge)                                   0.000     0.000
clock source latency                                                 0.000     0.000
input external delay                                                 0.000     0.000
z.inpad[0] (.input)                                                  0.000     0.000
$iopadmap$excess3.z.I_PAD_$inp[0] (BIDIR_CELL)                       0.000     0.000
$iopadmap$excess3.z.I_DAT[0] (BIDIR_CELL)                           10.958    10.958
a_LUT4_O.c_frag.TA1[0] (C_FRAG)                                      0.000    10.958
a_LUT4_O.c_frag.CZ[0] (C_FRAG)                                       1.721    12.679
$iopadmap$excess3.a.O_DAT[0] (BIDIR_CELL)                            0.000    12.679
$iopadmap$excess3.a.O_PAD_$out[0] (BIDIR_CELL)                       9.809    22.488
out:a.outpad[0] (.output)                                            0.000    22.488
data arrival time                                                             22.488

clock virtual_io_clock (rise edge)                                   0.000     0.000
clock source latency                                                 0.000     0.000
clock uncertainty                                                    0.000     0.000
output external delay                                                0.000     0.000
data required time                                                             0.000
------------------------------------------------------------------------------------
data required time                                                             0.000
data arrival time                                                            -22.488
------------------------------------------------------------------------------------
slack (VIOLATED)                                                             -22.488


#Path 4
Startpoint: w.inpad[0] (.input clocked by virtual_io_clock)
Endpoint  : out:c.outpad[0] (.output clocked by virtual_io_clock)
Path Type : setup

Point                                                                 Incr      Path
------------------------------------------------------------------------------------
clock virtual_io_clock (rise edge)                                   0.000     0.000
clock source latency                                                 0.000     0.000
input external delay                                                 0.000     0.000
w.inpad[0] (.input)                                                  0.000     0.000
$iopadmap$excess3.w.I_PAD_$inp[0] (BIDIR_CELL)                       0.000     0.000
$iopadmap$excess3.w.I_DAT[0] (BIDIR_CELL)                           10.958    10.958
c_LUT4_O.c_frag.TA1[0] (C_FRAG)                                      0.000    10.958
c_LUT4_O.c_frag.CZ[0] (C_FRAG)                                       1.721    12.679
$iopadmap$excess3.c.O_DAT[0] (BIDIR_CELL)                            0.000    12.679
$iopadmap$excess3.c.O_PAD_$out[0] (BIDIR_CELL)                       9.809    22.488
out:c.outpad[0] (.output)                                            0.000    22.488
data arrival time                                                             22.488

clock virtual_io_clock (rise edge)                                   0.000     0.000
clock source latency                                                 0.000     0.000
clock uncertainty                                                    0.000     0.000
output external delay                                                0.000     0.000
data required time                                                             0.000
------------------------------------------------------------------------------------
data required time                                                             0.000
data arrival time                                                            -22.488
------------------------------------------------------------------------------------
slack (VIOLATED)                                                             -22.488


#Path 5
Startpoint: x.inpad[0] (.input clocked by virtual_io_clock)
Endpoint  : out:d.outpad[0] (.output clocked by virtual_io_clock)
Path Type : setup

Point                                                                 Incr      Path
------------------------------------------------------------------------------------
clock virtual_io_clock (rise edge)                                   0.000     0.000
clock source latency                                                 0.000     0.000
input external delay                                                 0.000     0.000
x.inpad[0] (.input)                                                  0.000     0.000
$iopadmap$excess3.x.I_PAD_$inp[0] (BIDIR_CELL)                       0.000     0.000
$iopadmap$excess3.x.I_DAT[0] (BIDIR_CELL)                           10.958    10.958
d_LUT4_O.c_frag.TA1[0] (C_FRAG)                                      0.000    10.958
d_LUT4_O.c_frag.CZ[0] (C_FRAG)                                       1.721    12.679
$iopadmap$excess3.d.O_DAT[0] (BIDIR_CELL)                            0.000    12.679
$iopadmap$excess3.d.O_PAD_$out[0] (BIDIR_CELL)                       9.809    22.488
out:d.outpad[0] (.output)                                            0.000    22.488
data arrival time                                                             22.488

clock virtual_io_clock (rise edge)                                   0.000     0.000
clock source latency                                                 0.000     0.000
clock uncertainty                                                    0.000     0.000
output external delay                                                0.000     0.000
data required time                                                             0.000
------------------------------------------------------------------------------------
data required time                                                             0.000
data arrival time                                                            -22.488
------------------------------------------------------------------------------------
slack (VIOLATED)                                                             -22.488


#Path 6
Startpoint: y.inpad[0] (.input clocked by virtual_io_clock)
Endpoint  : out:f.outpad[0] (.output clocked by virtual_io_clock)
Path Type : setup

Point                                                                 Incr      Path
------------------------------------------------------------------------------------
clock virtual_io_clock (rise edge)                                   0.000     0.000
clock source latency                                                 0.000     0.000
input external delay                                                 0.000     0.000
y.inpad[0] (.input)                                                  0.000     0.000
$iopadmap$excess3.y.I_PAD_$inp[0] (BIDIR_CELL)                       0.000     0.000
$iopadmap$excess3.y.I_DAT[0] (BIDIR_CELL)                           10.958    10.958
f_LUT4_O.c_frag.TA1[0] (C_FRAG)                                      0.000    10.958
f_LUT4_O.c_frag.CZ[0] (C_FRAG)                                       1.721    12.679
$iopadmap$excess3.f.O_DAT[0] (BIDIR_CELL)                            0.000    12.679
$iopadmap$excess3.f.O_PAD_$out[0] (BIDIR_CELL)                       9.809    22.488
out:f.outpad[0] (.output)                                            0.000    22.488
data arrival time                                                             22.488

clock virtual_io_clock (rise edge)                                   0.000     0.000
clock source latency                                                 0.000     0.000
clock uncertainty                                                    0.000     0.000
output external delay                                                0.000     0.000
data required time                                                             0.000
------------------------------------------------------------------------------------
data required time                                                             0.000
data arrival time                                                            -22.488
------------------------------------------------------------------------------------
slack (VIOLATED)                                                             -22.488


#Path 7
Startpoint: x.inpad[0] (.input clocked by virtual_io_clock)
Endpoint  : out:g.outpad[0] (.output clocked by virtual_io_clock)
Path Type : setup

Point                                                                 Incr      Path
------------------------------------------------------------------------------------
clock virtual_io_clock (rise edge)                                   0.000     0.000
clock source latency                                                 0.000     0.000
input external delay                                                 0.000     0.000
x.inpad[0] (.input)                                                  0.000     0.000
$iopadmap$excess3.x.I_PAD_$inp[0] (BIDIR_CELL)                       0.000     0.000
$iopadmap$excess3.x.I_DAT[0] (BIDIR_CELL)                           10.958    10.958
g_LUT4_O.c_frag.TA1[0] (C_FRAG)                                      0.000    10.958
g_LUT4_O.c_frag.CZ[0] (C_FRAG)                                       1.721    12.679
$iopadmap$excess3.g.O_DAT[0] (BIDIR_CELL)                            0.000    12.679
$iopadmap$excess3.g.O_PAD_$out[0] (BIDIR_CELL)                       9.809    22.488
out:g.outpad[0] (.output)                                            0.000    22.488
data arrival time                                                             22.488

clock virtual_io_clock (rise edge)                                   0.000     0.000
clock source latency                                                 0.000     0.000
clock uncertainty                                                    0.000     0.000
output external delay                                                0.000     0.000
data required time                                                             0.000
------------------------------------------------------------------------------------
data required time                                                             0.000
data arrival time                                                            -22.488
------------------------------------------------------------------------------------
slack (VIOLATED)                                                             -22.488


#End of timing report
