#Timing report of worst 7 path(s)
# Unit scale: 1e-09 seconds
# Output precision: 3

#Path 1
Startpoint: y.inpad[0] (.input clocked by virtual_io_clock)
Endpoint  : out:g.outpad[0] (.output clocked by virtual_io_clock)
Path Type : hold

Point                                                                 Incr      Path
------------------------------------------------------------------------------------
clock virtual_io_clock (rise edge)                                   0.000     0.000
clock source latency                                                 0.000     0.000
input external delay                                                 0.000     0.000
y.inpad[0] (.input)                                                  0.000     0.000
$iopadmap$excess3.y.I_PAD_$inp[0] (BIDIR_CELL)                       0.000     0.000
$iopadmap$excess3.y.I_DAT[0] (BIDIR_CELL)                           10.153    10.153
g_LUT4_O.c_frag.TAB[0] (C_FRAG)                                      4.601    14.754
g_LUT4_O.c_frag.CZ[0] (C_FRAG)                                       0.987    15.741
$iopadmap$excess3.g.O_DAT[0] (BIDIR_CELL)                            3.613    19.354
$iopadmap$excess3.g.O_PAD_$out[0] (BIDIR_CELL)                       9.726    29.080
out:g.outpad[0] (.output)                                            0.000    29.080
data arrival time                                                             29.080

clock virtual_io_clock (rise edge)                                   0.000     0.000
clock source latency                                                 0.000     0.000
clock uncertainty                                                    0.000     0.000
output external delay                                                0.000     0.000
data required time                                                             0.000
------------------------------------------------------------------------------------
data required time                                                            -0.000
data arrival time                                                             29.080
------------------------------------------------------------------------------------
slack (MET)                                                                   29.080


#Path 2
Startpoint: y.inpad[0] (.input clocked by virtual_io_clock)
Endpoint  : out:f.outpad[0] (.output clocked by virtual_io_clock)
Path Type : hold

Point                                                                 Incr      Path
------------------------------------------------------------------------------------
clock virtual_io_clock (rise edge)                                   0.000     0.000
clock source latency                                                 0.000     0.000
input external delay                                                 0.000     0.000
y.inpad[0] (.input)                                                  0.000     0.000
$iopadmap$excess3.y.I_PAD_$inp[0] (BIDIR_CELL)                       0.000     0.000
$iopadmap$excess3.y.I_DAT[0] (BIDIR_CELL)                           10.153    10.153
f_LUT4_O.c_frag.BB2[0] (C_FRAG)                                      3.736    13.889
f_LUT4_O.c_frag.CZ[0] (C_FRAG)                                       1.378    15.267
$iopadmap$excess3.f.O_DAT[0] (BIDIR_CELL)                            4.276    19.543
$iopadmap$excess3.f.O_PAD_$out[0] (BIDIR_CELL)                       9.726    29.269
out:f.outpad[0] (.output)                                            0.000    29.269
data arrival time                                                             29.269

clock virtual_io_clock (rise edge)                                   0.000     0.000
clock source latency                                                 0.000     0.000
clock uncertainty                                                    0.000     0.000
output external delay                                                0.000     0.000
data required time                                                             0.000
------------------------------------------------------------------------------------
data required time                                                            -0.000
data arrival time                                                             29.269
------------------------------------------------------------------------------------
slack (MET)                                                                   29.269


#Path 3
Startpoint: z.inpad[0] (.input clocked by virtual_io_clock)
Endpoint  : out:d.outpad[0] (.output clocked by virtual_io_clock)
Path Type : hold

Point                                                                 Incr      Path
------------------------------------------------------------------------------------
clock virtual_io_clock (rise edge)                                   0.000     0.000
clock source latency                                                 0.000     0.000
input external delay                                                 0.000     0.000
z.inpad[0] (.input)                                                  0.000     0.000
$iopadmap$excess3.z.I_PAD_$inp[0] (BIDIR_CELL)                       0.000     0.000
$iopadmap$excess3.z.I_DAT[0] (BIDIR_CELL)                           10.153    10.153
d_LUT4_O.c_frag.TBS[0] (C_FRAG)                                      4.729    14.882
d_LUT4_O.c_frag.CZ[0] (C_FRAG)                                       0.705    15.586
$iopadmap$excess3.d.O_DAT[0] (BIDIR_CELL)                            5.643    21.230
$iopadmap$excess3.d.O_PAD_$out[0] (BIDIR_CELL)                       9.726    30.956
out:d.outpad[0] (.output)                                            0.000    30.956
data arrival time                                                             30.956

clock virtual_io_clock (rise edge)                                   0.000     0.000
clock source latency                                                 0.000     0.000
clock uncertainty                                                    0.000     0.000
output external delay                                                0.000     0.000
data required time                                                             0.000
------------------------------------------------------------------------------------
data required time                                                            -0.000
data arrival time                                                             30.956
------------------------------------------------------------------------------------
slack (MET)                                                                   30.956


#Path 4
Startpoint: z.inpad[0] (.input clocked by virtual_io_clock)
Endpoint  : out:c.outpad[0] (.output clocked by virtual_io_clock)
Path Type : hold

Point                                                                 Incr      Path
------------------------------------------------------------------------------------
clock virtual_io_clock (rise edge)                                   0.000     0.000
clock source latency                                                 0.000     0.000
input external delay                                                 0.000     0.000
z.inpad[0] (.input)                                                  0.000     0.000
$iopadmap$excess3.z.I_PAD_$inp[0] (BIDIR_CELL)                       0.000     0.000
$iopadmap$excess3.z.I_DAT[0] (BIDIR_CELL)                           10.153    10.153
c_LUT4_O.c_frag.BAB[0] (C_FRAG)                                      4.262    14.415
c_LUT4_O.c_frag.CZ[0] (C_FRAG)                                       0.909    15.324
$iopadmap$excess3.c.O_DAT[0] (BIDIR_CELL)                            7.240    22.565
$iopadmap$excess3.c.O_PAD_$out[0] (BIDIR_CELL)                       9.726    32.291
out:c.outpad[0] (.output)                                            0.000    32.291
data arrival time                                                             32.291

clock virtual_io_clock (rise edge)                                   0.000     0.000
clock source latency                                                 0.000     0.000
clock uncertainty                                                    0.000     0.000
output external delay                                                0.000     0.000
data required time                                                             0.000
------------------------------------------------------------------------------------
data required time                                                            -0.000
data arrival time                                                             32.291
------------------------------------------------------------------------------------
slack (MET)                                                                   32.291


#Path 5
Startpoint: z.inpad[0] (.input clocked by virtual_io_clock)
Endpoint  : out:a.outpad[0] (.output clocked by virtual_io_clock)
Path Type : hold

Point                                                                 Incr      Path
------------------------------------------------------------------------------------
clock virtual_io_clock (rise edge)                                   0.000     0.000
clock source latency                                                 0.000     0.000
input external delay                                                 0.000     0.000
z.inpad[0] (.input)                                                  0.000     0.000
$iopadmap$excess3.z.I_PAD_$inp[0] (BIDIR_CELL)                       0.000     0.000
$iopadmap$excess3.z.I_DAT[0] (BIDIR_CELL)                           10.153    10.153
a_LUT4_O.c_frag.BB2[0] (C_FRAG)                                      3.910    14.063
a_LUT4_O.c_frag.CZ[0] (C_FRAG)                                       1.378    15.442
$iopadmap$excess3.a.O_DAT[0] (BIDIR_CELL)                            7.260    22.701
$iopadmap$excess3.a.O_PAD_$out[0] (BIDIR_CELL)                       9.726    32.427
out:a.outpad[0] (.output)                                            0.000    32.427
data arrival time                                                             32.427

clock virtual_io_clock (rise edge)                                   0.000     0.000
clock source latency                                                 0.000     0.000
clock uncertainty                                                    0.000     0.000
output external delay                                                0.000     0.000
data required time                                                             0.000
------------------------------------------------------------------------------------
data required time                                                            -0.000
data arrival time                                                             32.427
------------------------------------------------------------------------------------
slack (MET)                                                                   32.427


#Path 6
Startpoint: z.inpad[0] (.input clocked by virtual_io_clock)
Endpoint  : out:e.outpad[0] (.output clocked by virtual_io_clock)
Path Type : hold

Point                                                                 Incr      Path
------------------------------------------------------------------------------------
clock virtual_io_clock (rise edge)                                   0.000     0.000
clock source latency                                                 0.000     0.000
input external delay                                                 0.000     0.000
z.inpad[0] (.input)                                                  0.000     0.000
$iopadmap$excess3.z.I_PAD_$inp[0] (BIDIR_CELL)                       0.000     0.000
$iopadmap$excess3.z.I_DAT[0] (BIDIR_CELL)                           10.153    10.153
b_mux4x0_Q_S1_LUT4_O.c_frag.TBS[0] (C_FRAG)                          3.135    13.288
b_mux4x0_Q_S1_LUT4_O.c_frag.CZ[0] (C_FRAG)                           0.705    13.993
e_mux4x0_Q.t_frag.XAB[0] (T_FRAG)                                    4.045    18.037
e_mux4x0_Q.t_frag.XZ[0] (T_FRAG)                                     0.909    18.946
$iopadmap$excess3.e.O_DAT[0] (BIDIR_CELL)                            6.274    25.221
$iopadmap$excess3.e.O_PAD_$out[0] (BIDIR_CELL)                       9.726    34.947
out:e.outpad[0] (.output)                                            0.000    34.947
data arrival time                                                             34.947

clock virtual_io_clock (rise edge)                                   0.000     0.000
clock source latency                                                 0.000     0.000
clock uncertainty                                                    0.000     0.000
output external delay                                                0.000     0.000
data required time                                                             0.000
------------------------------------------------------------------------------------
data required time                                                            -0.000
data arrival time                                                             34.947
------------------------------------------------------------------------------------
slack (MET)                                                                   34.947


#Path 7
Startpoint: y.inpad[0] (.input clocked by virtual_io_clock)
Endpoint  : out:b.outpad[0] (.output clocked by virtual_io_clock)
Path Type : hold

Point                                                                 Incr      Path
------------------------------------------------------------------------------------
clock virtual_io_clock (rise edge)                                   0.000     0.000
clock source latency                                                 0.000     0.000
input external delay                                                 0.000     0.000
y.inpad[0] (.input)                                                  0.000     0.000
$iopadmap$excess3.y.I_PAD_$inp[0] (BIDIR_CELL)                       0.000     0.000
$iopadmap$excess3.y.I_DAT[0] (BIDIR_CELL)                           10.153    10.153
b_mux4x0_Q_S0_LUT4_O.c_frag.TSL[0] (C_FRAG)                          3.472    13.625
b_mux4x0_Q_S0_LUT4_O.c_frag.CZ[0] (C_FRAG)                           1.108    14.732
b_mux4x0_Q.t_frag.XSL[0] (T_FRAG)                                    3.262    17.994
b_mux4x0_Q.t_frag.XZ[0] (T_FRAG)                                     1.041    19.035
$iopadmap$excess3.b.O_DAT[0] (BIDIR_CELL)                            7.117    26.152
$iopadmap$excess3.b.O_PAD_$out[0] (BIDIR_CELL)                       9.726    35.878
out:b.outpad[0] (.output)                                            0.000    35.878
data arrival time                                                             35.878

clock virtual_io_clock (rise edge)                                   0.000     0.000
clock source latency                                                 0.000     0.000
clock uncertainty                                                    0.000     0.000
output external delay                                                0.000     0.000
data required time                                                             0.000
------------------------------------------------------------------------------------
data required time                                                            -0.000
data arrival time                                                             35.878
------------------------------------------------------------------------------------
slack (MET)                                                                   35.878


#End of timing report
