#Timing report of worst 1 path(s)
# Unit scale: 1e-09 seconds
# Output precision: 3

#Path 1
Startpoint: x.inpad[0] (.input clocked by virtual_io_clock)
Endpoint  : out:y.outpad[0] (.output clocked by virtual_io_clock)
Path Type : hold

Point                                                               Incr      Path
----------------------------------------------------------------------------------
clock virtual_io_clock (rise edge)                                 0.000     0.000
clock source latency                                               0.000     0.000
input external delay                                               0.000     0.000
x.inpad[0] (.input)                                                0.000     0.000
$iopadmap$hello.x.I_PAD_$inp[0] (BIDIR_CELL)                       0.000     0.000
$iopadmap$hello.x.I_DAT[0] (BIDIR_CELL)                           10.153    10.153
y_LUT1_O.f_frag.FS[0] (F_FRAG)                                     9.231    19.384
y_LUT1_O.f_frag.FZ[0] (F_FRAG)                                     0.698    20.083
$iopadmap$hello.y.O_DAT[0] (BIDIR_CELL)                            9.128    29.210
$iopadmap$hello.y.O_PAD_$out[0] (BIDIR_CELL)                       9.726    38.936
out:y.outpad[0] (.output)                                          0.000    38.936
data arrival time                                                           38.936

clock virtual_io_clock (rise edge)                                 0.000     0.000
clock source latency                                               0.000     0.000
clock uncertainty                                                  0.000     0.000
output external delay                                              0.000     0.000
data required time                                                           0.000
----------------------------------------------------------------------------------
data required time                                                          -0.000
data arrival time                                                           38.936
----------------------------------------------------------------------------------
slack (MET)                                                                 38.936


#End of timing report
