#Timing report of worst 31 path(s)
# Unit scale: 1e-09 seconds
# Output precision: 3

#Path 1
Startpoint: delay_dff_Q_28.QZ[0] (Q_FRAG clocked by clk)
Endpoint  : delay_dff_Q_28.QD[0] (Q_FRAG clocked by clk)
Path Type : hold

Point                                                                                      Incr      Path
---------------------------------------------------------------------------------------------------------
clock clk (rise edge)                                                                     0.000     0.000
clock source latency                                                                      0.000     0.000
u_qlal4s3b_cell_macro.Sys_Clk0[0] (ASSP)                                                  0.000     0.000
delay_dff_Q_28.QCK[0] (Q_FRAG)                                                           12.906    12.906
delay_dff_Q_28.QZ[0] (Q_FRAG) [clock-to-output]                                           1.393    14.298
mclk_dffe_Q_EN_LUT3_O_I2_LUT3_I2_O_LUT2_O_14.t_frag.XAB[0] (T_FRAG)                       2.487    16.786
mclk_dffe_Q_EN_LUT3_O_I2_LUT3_I2_O_LUT2_O_14.t_frag.XZ[0] (T_FRAG)                        0.909    17.695
delay_dff_Q_28.QD[0] (Q_FRAG)                                                             0.000    17.695
data arrival time                                                                                  17.695

clock clk (rise edge)                                                                     0.000     0.000
clock source latency                                                                      0.000     0.000
u_qlal4s3b_cell_macro.Sys_Clk0[0] (ASSP)                                                  0.000     0.000
delay_dff_Q_28.QCK[0] (Q_FRAG)                                                           12.906    12.906
clock uncertainty                                                                         0.000    12.906
cell hold time                                                                            0.571    13.477
data required time                                                                                 13.477
---------------------------------------------------------------------------------------------------------
data required time                                                                                -13.477
data arrival time                                                                                  17.695
---------------------------------------------------------------------------------------------------------
slack (MET)                                                                                         4.218


#Path 2
Startpoint: delay_dff_Q_18.QZ[0] (Q_FRAG clocked by clk)
Endpoint  : delay_dff_Q_18.QD[0] (Q_FRAG clocked by clk)
Path Type : hold

Point                                                                                     Incr      Path
--------------------------------------------------------------------------------------------------------
clock clk (rise edge)                                                                    0.000     0.000
clock source latency                                                                     0.000     0.000
u_qlal4s3b_cell_macro.Sys_Clk0[0] (ASSP)                                                 0.000     0.000
delay_dff_Q_18.QCK[0] (Q_FRAG)                                                          11.247    11.247
delay_dff_Q_18.QZ[0] (Q_FRAG) [clock-to-output]                                          1.393    12.640
mclk_dffe_Q_EN_LUT3_O_I2_LUT3_I2_O_LUT3_O_3.t_frag.XSL[0] (T_FRAG)                       2.386    15.025
mclk_dffe_Q_EN_LUT3_O_I2_LUT3_I2_O_LUT3_O_3.t_frag.XZ[0] (T_FRAG)                        1.041    16.066
delay_dff_Q_18.QD[0] (Q_FRAG)                                                            0.000    16.066
data arrival time                                                                                 16.066

clock clk (rise edge)                                                                    0.000     0.000
clock source latency                                                                     0.000     0.000
u_qlal4s3b_cell_macro.Sys_Clk0[0] (ASSP)                                                 0.000     0.000
delay_dff_Q_18.QCK[0] (Q_FRAG)                                                          11.247    11.247
clock uncertainty                                                                        0.000    11.247
cell hold time                                                                           0.571    11.818
data required time                                                                                11.818
--------------------------------------------------------------------------------------------------------
data required time                                                                               -11.818
data arrival time                                                                                 16.066
--------------------------------------------------------------------------------------------------------
slack (MET)                                                                                        4.248


#Path 3
Startpoint: delay_dff_Q_24.QZ[0] (Q_FRAG clocked by clk)
Endpoint  : delay_dff_Q_24.QD[0] (Q_FRAG clocked by clk)
Path Type : hold

Point                                                                                     Incr      Path
--------------------------------------------------------------------------------------------------------
clock clk (rise edge)                                                                    0.000     0.000
clock source latency                                                                     0.000     0.000
u_qlal4s3b_cell_macro.Sys_Clk0[0] (ASSP)                                                 0.000     0.000
delay_dff_Q_24.QCK[0] (Q_FRAG)                                                          13.061    13.061
delay_dff_Q_24.QZ[0] (Q_FRAG) [clock-to-output]                                          1.393    14.454
mclk_dffe_Q_EN_LUT3_O_I2_LUT3_I2_O_LUT3_O_7.t_frag.XSL[0] (T_FRAG)                       2.386    16.840
mclk_dffe_Q_EN_LUT3_O_I2_LUT3_I2_O_LUT3_O_7.t_frag.XZ[0] (T_FRAG)                        1.041    17.881
delay_dff_Q_24.QD[0] (Q_FRAG)                                                            0.000    17.881
data arrival time                                                                                 17.881

clock clk (rise edge)                                                                    0.000     0.000
clock source latency                                                                     0.000     0.000
u_qlal4s3b_cell_macro.Sys_Clk0[0] (ASSP)                                                 0.000     0.000
delay_dff_Q_24.QCK[0] (Q_FRAG)                                                          13.061    13.061
clock uncertainty                                                                        0.000    13.061
cell hold time                                                                           0.571    13.632
data required time                                                                                13.632
--------------------------------------------------------------------------------------------------------
data required time                                                                               -13.632
data arrival time                                                                                 17.881
--------------------------------------------------------------------------------------------------------
slack (MET)                                                                                        4.248


#Path 4
Startpoint: delay_dff_Q_20.QZ[0] (Q_FRAG clocked by clk)
Endpoint  : delay_dff_Q_20.QD[0] (Q_FRAG clocked by clk)
Path Type : hold

Point                                                                                     Incr      Path
--------------------------------------------------------------------------------------------------------
clock clk (rise edge)                                                                    0.000     0.000
clock source latency                                                                     0.000     0.000
u_qlal4s3b_cell_macro.Sys_Clk0[0] (ASSP)                                                 0.000     0.000
delay_dff_Q_20.QCK[0] (Q_FRAG)                                                          12.219    12.219
delay_dff_Q_20.QZ[0] (Q_FRAG) [clock-to-output]                                          1.393    13.612
mclk_dffe_Q_EN_LUT3_O_I2_LUT3_I2_O_LUT3_O_4.t_frag.XSL[0] (T_FRAG)                       2.498    16.110
mclk_dffe_Q_EN_LUT3_O_I2_LUT3_I2_O_LUT3_O_4.t_frag.XZ[0] (T_FRAG)                        1.041    17.151
delay_dff_Q_20.QD[0] (Q_FRAG)                                                            0.000    17.151
data arrival time                                                                                 17.151

clock clk (rise edge)                                                                    0.000     0.000
clock source latency                                                                     0.000     0.000
u_qlal4s3b_cell_macro.Sys_Clk0[0] (ASSP)                                                 0.000     0.000
delay_dff_Q_20.QCK[0] (Q_FRAG)                                                          12.219    12.219
clock uncertainty                                                                        0.000    12.219
cell hold time                                                                           0.571    12.790
data required time                                                                                12.790
--------------------------------------------------------------------------------------------------------
data required time                                                                               -12.790
data arrival time                                                                                 17.151
--------------------------------------------------------------------------------------------------------
slack (MET)                                                                                        4.361


#Path 5
Startpoint: delay_dff_Q_9.QZ[0] (Q_FRAG clocked by clk)
Endpoint  : delay_dff_Q_9.QD[0] (Q_FRAG clocked by clk)
Path Type : hold

Point                                                                                     Incr      Path
--------------------------------------------------------------------------------------------------------
clock clk (rise edge)                                                                    0.000     0.000
clock source latency                                                                     0.000     0.000
u_qlal4s3b_cell_macro.Sys_Clk0[0] (ASSP)                                                 0.000     0.000
delay_dff_Q_9.QCK[0] (Q_FRAG)                                                           10.349    10.349
delay_dff_Q_9.QZ[0] (Q_FRAG) [clock-to-output]                                           1.393    11.742
mclk_dffe_Q_EN_LUT3_O_I2_LUT3_I2_O_LUT3_O_2.t_frag.XSL[0] (T_FRAG)                       2.498    14.240
mclk_dffe_Q_EN_LUT3_O_I2_LUT3_I2_O_LUT3_O_2.t_frag.XZ[0] (T_FRAG)                        1.041    15.281
delay_dff_Q_9.QD[0] (Q_FRAG)                                                             0.000    15.281
data arrival time                                                                                 15.281

clock clk (rise edge)                                                                    0.000     0.000
clock source latency                                                                     0.000     0.000
u_qlal4s3b_cell_macro.Sys_Clk0[0] (ASSP)                                                 0.000     0.000
delay_dff_Q_9.QCK[0] (Q_FRAG)                                                           10.349    10.349
clock uncertainty                                                                        0.000    10.349
cell hold time                                                                           0.571    10.920
data required time                                                                                10.920
--------------------------------------------------------------------------------------------------------
data required time                                                                               -10.920
data arrival time                                                                                 15.281
--------------------------------------------------------------------------------------------------------
slack (MET)                                                                                        4.361


#Path 6
Startpoint: delay_dff_Q_7.QZ[0] (Q_FRAG clocked by clk)
Endpoint  : delay_dff_Q_7.QD[0] (Q_FRAG clocked by clk)
Path Type : hold

Point                                                                                     Incr      Path
--------------------------------------------------------------------------------------------------------
clock clk (rise edge)                                                                    0.000     0.000
clock source latency                                                                     0.000     0.000
u_qlal4s3b_cell_macro.Sys_Clk0[0] (ASSP)                                                 0.000     0.000
delay_dff_Q_7.QCK[0] (Q_FRAG)                                                            9.491     9.491
delay_dff_Q_7.QZ[0] (Q_FRAG) [clock-to-output]                                           1.393    10.884
mclk_dffe_Q_EN_LUT3_O_I2_LUT3_I2_O_LUT3_O_1.t_frag.XSL[0] (T_FRAG)                       2.498    13.382
mclk_dffe_Q_EN_LUT3_O_I2_LUT3_I2_O_LUT3_O_1.t_frag.XZ[0] (T_FRAG)                        1.041    14.423
delay_dff_Q_7.QD[0] (Q_FRAG)                                                             0.000    14.423
data arrival time                                                                                 14.423

clock clk (rise edge)                                                                    0.000     0.000
clock source latency                                                                     0.000     0.000
u_qlal4s3b_cell_macro.Sys_Clk0[0] (ASSP)                                                 0.000     0.000
delay_dff_Q_7.QCK[0] (Q_FRAG)                                                            9.491     9.491
clock uncertainty                                                                        0.000     9.491
cell hold time                                                                           0.571    10.062
data required time                                                                                10.062
--------------------------------------------------------------------------------------------------------
data required time                                                                               -10.062
data arrival time                                                                                 14.423
--------------------------------------------------------------------------------------------------------
slack (MET)                                                                                        4.361


#Path 7
Startpoint: delay_dff_Q_25.QZ[0] (Q_FRAG clocked by clk)
Endpoint  : delay_dff_Q_25.QD[0] (Q_FRAG clocked by clk)
Path Type : hold

Point                                                                                     Incr      Path
--------------------------------------------------------------------------------------------------------
clock clk (rise edge)                                                                    0.000     0.000
clock source latency                                                                     0.000     0.000
u_qlal4s3b_cell_macro.Sys_Clk0[0] (ASSP)                                                 0.000     0.000
delay_dff_Q_25.QCK[0] (Q_FRAG)                                                          10.352    10.352
delay_dff_Q_25.QZ[0] (Q_FRAG) [clock-to-output]                                          1.393    11.744
mclk_dffe_Q_EN_LUT3_O_I2_LUT3_I2_O_LUT3_O_8.t_frag.XSL[0] (T_FRAG)                       2.498    14.242
mclk_dffe_Q_EN_LUT3_O_I2_LUT3_I2_O_LUT3_O_8.t_frag.XZ[0] (T_FRAG)                        1.041    15.284
delay_dff_Q_25.QD[0] (Q_FRAG)                                                            0.000    15.284
data arrival time                                                                                 15.284

clock clk (rise edge)                                                                    0.000     0.000
clock source latency                                                                     0.000     0.000
u_qlal4s3b_cell_macro.Sys_Clk0[0] (ASSP)                                                 0.000     0.000
delay_dff_Q_25.QCK[0] (Q_FRAG)                                                          10.352    10.352
clock uncertainty                                                                        0.000    10.352
cell hold time                                                                           0.571    10.923
data required time                                                                                10.923
--------------------------------------------------------------------------------------------------------
data required time                                                                               -10.923
data arrival time                                                                                 15.284
--------------------------------------------------------------------------------------------------------
slack (MET)                                                                                        4.361


#Path 8
Startpoint: delay_dff_Q_27.QZ[0] (Q_FRAG clocked by clk)
Endpoint  : delay_dff_Q_27.QD[0] (Q_FRAG clocked by clk)
Path Type : hold

Point                                                                                     Incr      Path
--------------------------------------------------------------------------------------------------------
clock clk (rise edge)                                                                    0.000     0.000
clock source latency                                                                     0.000     0.000
u_qlal4s3b_cell_macro.Sys_Clk0[0] (ASSP)                                                 0.000     0.000
delay_dff_Q_27.QCK[0] (Q_FRAG)                                                          12.045    12.045
delay_dff_Q_27.QZ[0] (Q_FRAG) [clock-to-output]                                          1.393    13.438
mclk_dffe_Q_EN_LUT3_O_I2_LUT3_I2_O_LUT3_O_9.t_frag.XSL[0] (T_FRAG)                       2.508    15.946
mclk_dffe_Q_EN_LUT3_O_I2_LUT3_I2_O_LUT3_O_9.t_frag.XZ[0] (T_FRAG)                        1.041    16.987
delay_dff_Q_27.QD[0] (Q_FRAG)                                                            0.000    16.987
data arrival time                                                                                 16.987

clock clk (rise edge)                                                                    0.000     0.000
clock source latency                                                                     0.000     0.000
u_qlal4s3b_cell_macro.Sys_Clk0[0] (ASSP)                                                 0.000     0.000
delay_dff_Q_27.QCK[0] (Q_FRAG)                                                          12.045    12.045
clock uncertainty                                                                        0.000    12.045
cell hold time                                                                           0.571    12.616
data required time                                                                                12.616
--------------------------------------------------------------------------------------------------------
data required time                                                                               -12.616
data arrival time                                                                                 16.987
--------------------------------------------------------------------------------------------------------
slack (MET)                                                                                        4.371


#Path 9
Startpoint: delay_dff_Q_21.QZ[0] (Q_FRAG clocked by clk)
Endpoint  : delay_dff_Q_21.QD[0] (Q_FRAG clocked by clk)
Path Type : hold

Point                                                                                     Incr      Path
--------------------------------------------------------------------------------------------------------
clock clk (rise edge)                                                                    0.000     0.000
clock source latency                                                                     0.000     0.000
u_qlal4s3b_cell_macro.Sys_Clk0[0] (ASSP)                                                 0.000     0.000
delay_dff_Q_21.QCK[0] (Q_FRAG)                                                          11.304    11.304
delay_dff_Q_21.QZ[0] (Q_FRAG) [clock-to-output]                                          1.393    12.697
mclk_dffe_Q_EN_LUT3_O_I2_LUT3_I2_O_LUT3_O_5.t_frag.XSL[0] (T_FRAG)                       2.508    15.205
mclk_dffe_Q_EN_LUT3_O_I2_LUT3_I2_O_LUT3_O_5.t_frag.XZ[0] (T_FRAG)                        1.041    16.246
delay_dff_Q_21.QD[0] (Q_FRAG)                                                            0.000    16.246
data arrival time                                                                                 16.246

clock clk (rise edge)                                                                    0.000     0.000
clock source latency                                                                     0.000     0.000
u_qlal4s3b_cell_macro.Sys_Clk0[0] (ASSP)                                                 0.000     0.000
delay_dff_Q_21.QCK[0] (Q_FRAG)                                                          11.304    11.304
clock uncertainty                                                                        0.000    11.304
cell hold time                                                                           0.571    11.875
data required time                                                                                11.875
--------------------------------------------------------------------------------------------------------
data required time                                                                               -11.875
data arrival time                                                                                 16.246
--------------------------------------------------------------------------------------------------------
slack (MET)                                                                                        4.371


#Path 10
Startpoint: delay_dff_Q_5.QZ[0] (Q_FRAG clocked by clk)
Endpoint  : delay_dff_Q_5.QD[0] (Q_FRAG clocked by clk)
Path Type : hold

Point                                                                                   Incr      Path
------------------------------------------------------------------------------------------------------
clock clk (rise edge)                                                                  0.000     0.000
clock source latency                                                                   0.000     0.000
u_qlal4s3b_cell_macro.Sys_Clk0[0] (ASSP)                                               0.000     0.000
delay_dff_Q_5.QCK[0] (Q_FRAG)                                                         10.391    10.391
delay_dff_Q_5.QZ[0] (Q_FRAG) [clock-to-output]                                         1.393    11.784
mclk_dffe_Q_EN_LUT3_O_I2_LUT3_I2_O_LUT3_O.t_frag.XSL[0] (T_FRAG)                       2.508    14.292
mclk_dffe_Q_EN_LUT3_O_I2_LUT3_I2_O_LUT3_O.t_frag.XZ[0] (T_FRAG)                        1.041    15.333
delay_dff_Q_5.QD[0] (Q_FRAG)                                                           0.000    15.333
data arrival time                                                                               15.333

clock clk (rise edge)                                                                  0.000     0.000
clock source latency                                                                   0.000     0.000
u_qlal4s3b_cell_macro.Sys_Clk0[0] (ASSP)                                               0.000     0.000
delay_dff_Q_5.QCK[0] (Q_FRAG)                                                         10.391    10.391
clock uncertainty                                                                      0.000    10.391
cell hold time                                                                         0.571    10.962
data required time                                                                              10.962
------------------------------------------------------------------------------------------------------
data required time                                                                             -10.962
data arrival time                                                                               15.333
------------------------------------------------------------------------------------------------------
slack (MET)                                                                                      4.371


#Path 11
Startpoint: delay_dff_Q_3.QZ[0] (Q_FRAG clocked by clk)
Endpoint  : delay_dff_Q_3.QD[0] (Q_FRAG clocked by clk)
Path Type : hold

Point                                                                          Incr      Path
---------------------------------------------------------------------------------------------
clock clk (rise edge)                                                         0.000     0.000
clock source latency                                                          0.000     0.000
u_qlal4s3b_cell_macro.Sys_Clk0[0] (ASSP)                                      0.000     0.000
delay_dff_Q_3.QCK[0] (Q_FRAG)                                                10.387    10.387
delay_dff_Q_3.QZ[0] (Q_FRAG) [clock-to-output]                                1.393    11.779
mclk_dffe_Q_EN_LUT3_O_I2_LUT3_I2.t_frag.XSL[0] (T_FRAG)                       2.508    14.287
mclk_dffe_Q_EN_LUT3_O_I2_LUT3_I2.t_frag.XZ[0] (T_FRAG)                        1.041    15.328
delay_dff_Q_3.QD[0] (Q_FRAG)                                                  0.000    15.328
data arrival time                                                                      15.328

clock clk (rise edge)                                                         0.000     0.000
clock source latency                                                          0.000     0.000
u_qlal4s3b_cell_macro.Sys_Clk0[0] (ASSP)                                      0.000     0.000
delay_dff_Q_3.QCK[0] (Q_FRAG)                                                10.387    10.387
clock uncertainty                                                             0.000    10.387
cell hold time                                                                0.571    10.958
data required time                                                                     10.958
---------------------------------------------------------------------------------------------
data required time                                                                    -10.958
data arrival time                                                                      15.328
---------------------------------------------------------------------------------------------
slack (MET)                                                                             4.371


#Path 12
Startpoint: delay_dff_Q_12.QZ[0] (Q_FRAG clocked by clk)
Endpoint  : delay_dff_Q_11.QD[0] (Q_FRAG clocked by clk)
Path Type : hold

Point                                                                                               Incr      Path
------------------------------------------------------------------------------------------------------------------
clock clk (rise edge)                                                                              0.000     0.000
clock source latency                                                                               0.000     0.000
u_qlal4s3b_cell_macro.Sys_Clk0[0] (ASSP)                                                           0.000     0.000
delay_dff_Q_12.QCK[0] (Q_FRAG)                                                                    11.229    11.229
delay_dff_Q_12.QZ[0] (Q_FRAG) [clock-to-output]                                                    1.393    12.622
mclk_dffe_Q_EN_LUT3_O_I2_LUT3_I2_O_LUT2_O_4_I1_LUT3_O.t_frag.XSL[0] (T_FRAG)                       2.888    15.510
mclk_dffe_Q_EN_LUT3_O_I2_LUT3_I2_O_LUT2_O_4_I1_LUT3_O.t_frag.XZ[0] (T_FRAG)                        0.975    16.484
mclk_dffe_Q_EN_LUT3_O_I2_LUT3_I2_O_LUT2_O_4.t_frag.XAB[0] (T_FRAG)                                 2.400    18.884
mclk_dffe_Q_EN_LUT3_O_I2_LUT3_I2_O_LUT2_O_4.t_frag.XZ[0] (T_FRAG)                                  0.909    19.793
delay_dff_Q_11.QD[0] (Q_FRAG)                                                                      0.000    19.793
data arrival time                                                                                           19.793

clock clk (rise edge)                                                                              0.000     0.000
clock source latency                                                                               0.000     0.000
u_qlal4s3b_cell_macro.Sys_Clk0[0] (ASSP)                                                           0.000     0.000
delay_dff_Q_11.QCK[0] (Q_FRAG)                                                                    12.032    12.032
clock uncertainty                                                                                  0.000    12.032
cell hold time                                                                                     0.571    12.603
data required time                                                                                          12.603
------------------------------------------------------------------------------------------------------------------
data required time                                                                                         -12.603
data arrival time                                                                                           19.793
------------------------------------------------------------------------------------------------------------------
slack (MET)                                                                                                  7.190


#Path 13
Startpoint: delay_dff_Q_20.QZ[0] (Q_FRAG clocked by clk)
Endpoint  : delay_dff_Q_19.QD[0] (Q_FRAG clocked by clk)
Path Type : hold

Point                                                                                                Incr      Path
-------------------------------------------------------------------------------------------------------------------
clock clk (rise edge)                                                                               0.000     0.000
clock source latency                                                                                0.000     0.000
u_qlal4s3b_cell_macro.Sys_Clk0[0] (ASSP)                                                            0.000     0.000
delay_dff_Q_20.QCK[0] (Q_FRAG)                                                                     12.219    12.219
delay_dff_Q_20.QZ[0] (Q_FRAG) [clock-to-output]                                                     1.393    13.612
mclk_dffe_Q_EN_LUT3_O_I2_LUT3_I2_O_LUT2_O_11_I1_LUT3_O.t_frag.XSL[0] (T_FRAG)                       3.232    16.843
mclk_dffe_Q_EN_LUT3_O_I2_LUT3_I2_O_LUT2_O_11_I1_LUT3_O.t_frag.XZ[0] (T_FRAG)                        0.975    17.818
mclk_dffe_Q_EN_LUT3_O_I2_LUT3_I2_O_LUT2_O_11.t_frag.XAB[0] (T_FRAG)                                 2.400    20.218
mclk_dffe_Q_EN_LUT3_O_I2_LUT3_I2_O_LUT2_O_11.t_frag.XZ[0] (T_FRAG)                                  0.909    21.127
delay_dff_Q_19.QD[0] (Q_FRAG)                                                                       0.000    21.127
data arrival time                                                                                            21.127

clock clk (rise edge)                                                                               0.000     0.000
clock source latency                                                                                0.000     0.000
u_qlal4s3b_cell_macro.Sys_Clk0[0] (ASSP)                                                            0.000     0.000
delay_dff_Q_19.QCK[0] (Q_FRAG)                                                                     13.142    13.142
clock uncertainty                                                                                   0.000    13.142
cell hold time                                                                                      0.571    13.713
data required time                                                                                           13.713
-------------------------------------------------------------------------------------------------------------------
data required time                                                                                          -13.713
data arrival time                                                                                            21.127
-------------------------------------------------------------------------------------------------------------------
slack (MET)                                                                                                   7.415


#Path 14
Startpoint: delay_dff_Q_23.QZ[0] (Q_FRAG clocked by clk)
Endpoint  : delay_dff_Q_23.QD[0] (Q_FRAG clocked by clk)
Path Type : hold

Point                                                                                     Incr      Path
--------------------------------------------------------------------------------------------------------
clock clk (rise edge)                                                                    0.000     0.000
clock source latency                                                                     0.000     0.000
u_qlal4s3b_cell_macro.Sys_Clk0[0] (ASSP)                                                 0.000     0.000
delay_dff_Q_23.QCK[0] (Q_FRAG)                                                          11.185    11.185
delay_dff_Q_23.QZ[0] (Q_FRAG) [clock-to-output]                                          1.393    12.578
mclk_dffe_Q_EN_LUT3_O_I2_LUT3_I2_O_LUT3_O_6.t_frag.XSL[0] (T_FRAG)                       5.849    18.426
mclk_dffe_Q_EN_LUT3_O_I2_LUT3_I2_O_LUT3_O_6.t_frag.XZ[0] (T_FRAG)                        1.041    19.467
delay_dff_Q_23.QD[0] (Q_FRAG)                                                            0.000    19.467
data arrival time                                                                                 19.467

clock clk (rise edge)                                                                    0.000     0.000
clock source latency                                                                     0.000     0.000
u_qlal4s3b_cell_macro.Sys_Clk0[0] (ASSP)                                                 0.000     0.000
delay_dff_Q_23.QCK[0] (Q_FRAG)                                                          11.185    11.185
clock uncertainty                                                                        0.000    11.185
cell hold time                                                                           0.571    11.756
data required time                                                                                11.756
--------------------------------------------------------------------------------------------------------
data required time                                                                               -11.756
data arrival time                                                                                 19.467
--------------------------------------------------------------------------------------------------------
slack (MET)                                                                                        7.712


#Path 15
Startpoint: delay_dff_Q_7.QZ[0] (Q_FRAG clocked by clk)
Endpoint  : delay_dff_Q_6.QD[0] (Q_FRAG clocked by clk)
Path Type : hold

Point                                                                                               Incr      Path
------------------------------------------------------------------------------------------------------------------
clock clk (rise edge)                                                                              0.000     0.000
clock source latency                                                                               0.000     0.000
u_qlal4s3b_cell_macro.Sys_Clk0[0] (ASSP)                                                           0.000     0.000
delay_dff_Q_7.QCK[0] (Q_FRAG)                                                                      9.491     9.491
delay_dff_Q_7.QZ[0] (Q_FRAG) [clock-to-output]                                                     1.393    10.884
mclk_dffe_Q_EN_LUT3_O_I2_LUT3_I2_O_LUT2_O_1_I1_LUT3_O.t_frag.XSL[0] (T_FRAG)                       2.737    13.621
mclk_dffe_Q_EN_LUT3_O_I2_LUT3_I2_O_LUT2_O_1_I1_LUT3_O.t_frag.XZ[0] (T_FRAG)                        0.975    14.595
mclk_dffe_Q_EN_LUT3_O_I2_LUT3_I2_O_LUT2_O_1.t_frag.XAB[0] (T_FRAG)                                 2.400    16.995
mclk_dffe_Q_EN_LUT3_O_I2_LUT3_I2_O_LUT2_O_1.t_frag.XZ[0] (T_FRAG)                                  0.909    17.905
delay_dff_Q_6.QD[0] (Q_FRAG)                                                                       0.000    17.905
data arrival time                                                                                           17.905

clock clk (rise edge)                                                                              0.000     0.000
clock source latency                                                                               0.000     0.000
u_qlal4s3b_cell_macro.Sys_Clk0[0] (ASSP)                                                           0.000     0.000
delay_dff_Q_6.QCK[0] (Q_FRAG)                                                                      9.583     9.583
clock uncertainty                                                                                  0.000     9.583
cell hold time                                                                                     0.571    10.154
data required time                                                                                          10.154
------------------------------------------------------------------------------------------------------------------
data required time                                                                                         -10.154
data arrival time                                                                                           17.905
------------------------------------------------------------------------------------------------------------------
slack (MET)                                                                                                  7.750


#Path 16
Startpoint: delay_dff_Q_4.QZ[0] (Q_FRAG clocked by clk)
Endpoint  : delay_dff_Q_4.QD[0] (Q_FRAG clocked by clk)
Path Type : hold

Point                                                                                    Incr      Path
-------------------------------------------------------------------------------------------------------
clock clk (rise edge)                                                                   0.000     0.000
clock source latency                                                                    0.000     0.000
u_qlal4s3b_cell_macro.Sys_Clk0[0] (ASSP)                                                0.000     0.000
delay_dff_Q_4.QCK[0] (Q_FRAG)                                                          11.172    11.172
delay_dff_Q_4.QZ[0] (Q_FRAG) [clock-to-output]                                          1.393    12.565
mclk_dffe_Q_EN_LUT3_O_I2_LUT3_O_I2_LUT3_I2.t_frag.XA2[0] (T_FRAG)                       2.276    14.840
mclk_dffe_Q_EN_LUT3_O_I2_LUT3_O_I2_LUT3_I2.t_frag.XZ[0] (T_FRAG)                        1.346    16.186
mclk_dffe_Q_EN_LUT3_O_I2_LUT3_I2_O_LUT2_O.t_frag.XAB[0] (T_FRAG)                        2.400    18.586
mclk_dffe_Q_EN_LUT3_O_I2_LUT3_I2_O_LUT2_O.t_frag.XZ[0] (T_FRAG)                         0.909    19.495
delay_dff_Q_4.QD[0] (Q_FRAG)                                                            0.000    19.495
data arrival time                                                                                19.495

clock clk (rise edge)                                                                   0.000     0.000
clock source latency                                                                    0.000     0.000
u_qlal4s3b_cell_macro.Sys_Clk0[0] (ASSP)                                                0.000     0.000
delay_dff_Q_4.QCK[0] (Q_FRAG)                                                          11.172    11.172
clock uncertainty                                                                       0.000    11.172
cell hold time                                                                          0.571    11.743
data required time                                                                               11.743
-------------------------------------------------------------------------------------------------------
data required time                                                                              -11.743
data arrival time                                                                                19.495
-------------------------------------------------------------------------------------------------------
slack (MET)                                                                                       7.753


#Path 17
Startpoint: delay_dff_Q_10.QZ[0] (Q_FRAG clocked by clk)
Endpoint  : delay_dff_Q_10.QD[0] (Q_FRAG clocked by clk)
Path Type : hold

Point                                                                                               Incr      Path
------------------------------------------------------------------------------------------------------------------
clock clk (rise edge)                                                                              0.000     0.000
clock source latency                                                                               0.000     0.000
u_qlal4s3b_cell_macro.Sys_Clk0[0] (ASSP)                                                           0.000     0.000
delay_dff_Q_10.QCK[0] (Q_FRAG)                                                                    10.345    10.345
delay_dff_Q_10.QZ[0] (Q_FRAG) [clock-to-output]                                                    1.393    11.738
mclk_dffe_Q_EN_LUT3_O_I2_LUT3_I2_O_LUT2_O_3_I1_LUT3_O.t_frag.XB2[0] (T_FRAG)                       2.306    14.044
mclk_dffe_Q_EN_LUT3_O_I2_LUT3_I2_O_LUT2_O_3_I1_LUT3_O.t_frag.XZ[0] (T_FRAG)                        1.333    15.377
mclk_dffe_Q_EN_LUT3_O_I2_LUT3_I2_O_LUT2_O_3.t_frag.XAB[0] (T_FRAG)                                 2.400    17.777
mclk_dffe_Q_EN_LUT3_O_I2_LUT3_I2_O_LUT2_O_3.t_frag.XZ[0] (T_FRAG)                                  0.909    18.686
delay_dff_Q_10.QD[0] (Q_FRAG)                                                                      0.000    18.686
data arrival time                                                                                           18.686

clock clk (rise edge)                                                                              0.000     0.000
clock source latency                                                                               0.000     0.000
u_qlal4s3b_cell_macro.Sys_Clk0[0] (ASSP)                                                           0.000     0.000
delay_dff_Q_10.QCK[0] (Q_FRAG)                                                                    10.345    10.345
clock uncertainty                                                                                  0.000    10.345
cell hold time                                                                                     0.571    10.916
data required time                                                                                          10.916
------------------------------------------------------------------------------------------------------------------
data required time                                                                                         -10.916
data arrival time                                                                                           18.686
------------------------------------------------------------------------------------------------------------------
slack (MET)                                                                                                  7.770


#Path 18
Startpoint: delay_dff_Q_17.QZ[0] (Q_FRAG clocked by clk)
Endpoint  : delay_dff_Q_17.QD[0] (Q_FRAG clocked by clk)
Path Type : hold

Point                                                                                                Incr      Path
-------------------------------------------------------------------------------------------------------------------
clock clk (rise edge)                                                                               0.000     0.000
clock source latency                                                                                0.000     0.000
u_qlal4s3b_cell_macro.Sys_Clk0[0] (ASSP)                                                            0.000     0.000
delay_dff_Q_17.QCK[0] (Q_FRAG)                                                                     12.165    12.165
delay_dff_Q_17.QZ[0] (Q_FRAG) [clock-to-output]                                                     1.393    13.557
mclk_dffe_Q_EN_LUT3_O_I2_LUT3_I2_O_LUT2_O_10_I1_LUT3_O.t_frag.XB1[0] (T_FRAG)                       2.324    15.881
mclk_dffe_Q_EN_LUT3_O_I2_LUT3_I2_O_LUT2_O_10_I1_LUT3_O.t_frag.XZ[0] (T_FRAG)                        1.333    17.214
mclk_dffe_Q_EN_LUT3_O_I2_LUT3_I2_O_LUT2_O_10.t_frag.XAB[0] (T_FRAG)                                 2.400    19.614
mclk_dffe_Q_EN_LUT3_O_I2_LUT3_I2_O_LUT2_O_10.t_frag.XZ[0] (T_FRAG)                                  0.909    20.523
delay_dff_Q_17.QD[0] (Q_FRAG)                                                                       0.000    20.523
data arrival time                                                                                            20.523

clock clk (rise edge)                                                                               0.000     0.000
clock source latency                                                                                0.000     0.000
u_qlal4s3b_cell_macro.Sys_Clk0[0] (ASSP)                                                            0.000     0.000
delay_dff_Q_17.QCK[0] (Q_FRAG)                                                                     12.165    12.165
clock uncertainty                                                                                   0.000    12.165
cell hold time                                                                                      0.571    12.736
data required time                                                                                           12.736
-------------------------------------------------------------------------------------------------------------------
data required time                                                                                          -12.736
data arrival time                                                                                            20.523
-------------------------------------------------------------------------------------------------------------------
slack (MET)                                                                                                   7.788


#Path 19
Startpoint: delay_dff_Q_14.QZ[0] (Q_FRAG clocked by clk)
Endpoint  : delay_dff_Q_14.QD[0] (Q_FRAG clocked by clk)
Path Type : hold

Point                                                                                               Incr      Path
------------------------------------------------------------------------------------------------------------------
clock clk (rise edge)                                                                              0.000     0.000
clock source latency                                                                               0.000     0.000
u_qlal4s3b_cell_macro.Sys_Clk0[0] (ASSP)                                                           0.000     0.000
delay_dff_Q_14.QCK[0] (Q_FRAG)                                                                    12.904    12.904
delay_dff_Q_14.QZ[0] (Q_FRAG) [clock-to-output]                                                    1.393    14.296
mclk_dffe_Q_EN_LUT3_O_I2_LUT3_I2_O_LUT2_O_7_I1_LUT3_O.t_frag.XB1[0] (T_FRAG)                       2.261    16.558
mclk_dffe_Q_EN_LUT3_O_I2_LUT3_I2_O_LUT2_O_7_I1_LUT3_O.t_frag.XZ[0] (T_FRAG)                        1.333    17.891
mclk_dffe_Q_EN_LUT3_O_I2_LUT3_I2_O_LUT2_O_7.t_frag.XAB[0] (T_FRAG)                                 2.483    20.374
mclk_dffe_Q_EN_LUT3_O_I2_LUT3_I2_O_LUT2_O_7.t_frag.XZ[0] (T_FRAG)                                  0.909    21.283
delay_dff_Q_14.QD[0] (Q_FRAG)                                                                      0.000    21.283
data arrival time                                                                                           21.283

clock clk (rise edge)                                                                              0.000     0.000
clock source latency                                                                               0.000     0.000
u_qlal4s3b_cell_macro.Sys_Clk0[0] (ASSP)                                                           0.000     0.000
delay_dff_Q_14.QCK[0] (Q_FRAG)                                                                    12.904    12.904
clock uncertainty                                                                                  0.000    12.904
cell hold time                                                                                     0.571    13.475
data required time                                                                                          13.475
------------------------------------------------------------------------------------------------------------------
data required time                                                                                         -13.475
data arrival time                                                                                           21.283
------------------------------------------------------------------------------------------------------------------
slack (MET)                                                                                                  7.808


#Path 20
Startpoint: delay_dff_Q_22.QZ[0] (Q_FRAG clocked by clk)
Endpoint  : delay_dff_Q_22.QD[0] (Q_FRAG clocked by clk)
Path Type : hold

Point                                                                                                Incr      Path
-------------------------------------------------------------------------------------------------------------------
clock clk (rise edge)                                                                               0.000     0.000
clock source latency                                                                                0.000     0.000
u_qlal4s3b_cell_macro.Sys_Clk0[0] (ASSP)                                                            0.000     0.000
delay_dff_Q_22.QCK[0] (Q_FRAG)                                                                     10.444    10.444
delay_dff_Q_22.QZ[0] (Q_FRAG) [clock-to-output]                                                     1.393    11.836
mclk_dffe_Q_EN_LUT3_O_I2_LUT3_I2_O_LUT2_O_12_I1_LUT3_O.t_frag.XB2[0] (T_FRAG)                       2.233    14.070
mclk_dffe_Q_EN_LUT3_O_I2_LUT3_I2_O_LUT2_O_12_I1_LUT3_O.t_frag.XZ[0] (T_FRAG)                        1.333    15.403
mclk_dffe_Q_EN_LUT3_O_I2_LUT3_I2_O_LUT2_O_12.t_frag.XAB[0] (T_FRAG)                                 2.591    17.994
mclk_dffe_Q_EN_LUT3_O_I2_LUT3_I2_O_LUT2_O_12.t_frag.XZ[0] (T_FRAG)                                  0.909    18.903
delay_dff_Q_22.QD[0] (Q_FRAG)                                                                       0.000    18.903
data arrival time                                                                                            18.903

clock clk (rise edge)                                                                               0.000     0.000
clock source latency                                                                                0.000     0.000
u_qlal4s3b_cell_macro.Sys_Clk0[0] (ASSP)                                                            0.000     0.000
delay_dff_Q_22.QCK[0] (Q_FRAG)                                                                     10.444    10.444
clock uncertainty                                                                                   0.000    10.444
cell hold time                                                                                      0.571    11.015
data required time                                                                                           11.015
-------------------------------------------------------------------------------------------------------------------
data required time                                                                                          -11.015
data arrival time                                                                                            18.903
-------------------------------------------------------------------------------------------------------------------
slack (MET)                                                                                                   7.888


#Path 21
Startpoint: delay_dff_Q_26.QZ[0] (Q_FRAG clocked by clk)
Endpoint  : delay_dff_Q_26.QD[0] (Q_FRAG clocked by clk)
Path Type : hold

Point                                                                                                Incr      Path
-------------------------------------------------------------------------------------------------------------------
clock clk (rise edge)                                                                               0.000     0.000
clock source latency                                                                                0.000     0.000
u_qlal4s3b_cell_macro.Sys_Clk0[0] (ASSP)                                                            0.000     0.000
delay_dff_Q_26.QCK[0] (Q_FRAG)                                                                      9.611     9.611
delay_dff_Q_26.QZ[0] (Q_FRAG) [clock-to-output]                                                     1.393    11.003
mclk_dffe_Q_EN_LUT3_O_I2_LUT3_I2_O_LUT2_O_13_I1_LUT3_O.t_frag.XA1[0] (T_FRAG)                       2.266    13.269
mclk_dffe_Q_EN_LUT3_O_I2_LUT3_I2_O_LUT2_O_13_I1_LUT3_O.t_frag.XZ[0] (T_FRAG)                        1.365    14.634
mclk_dffe_Q_EN_LUT3_O_I2_LUT3_I2_O_LUT2_O_13.t_frag.XAB[0] (T_FRAG)                                 2.591    17.225
mclk_dffe_Q_EN_LUT3_O_I2_LUT3_I2_O_LUT2_O_13.t_frag.XZ[0] (T_FRAG)                                  0.909    18.134
delay_dff_Q_26.QD[0] (Q_FRAG)                                                                       0.000    18.134
data arrival time                                                                                            18.134

clock clk (rise edge)                                                                               0.000     0.000
clock source latency                                                                                0.000     0.000
u_qlal4s3b_cell_macro.Sys_Clk0[0] (ASSP)                                                            0.000     0.000
delay_dff_Q_26.QCK[0] (Q_FRAG)                                                                      9.611     9.611
clock uncertainty                                                                                   0.000     9.611
cell hold time                                                                                      0.571    10.182
data required time                                                                                           10.182
-------------------------------------------------------------------------------------------------------------------
data required time                                                                                          -10.182
data arrival time                                                                                            18.134
-------------------------------------------------------------------------------------------------------------------
slack (MET)                                                                                                   7.953


#Path 22
Startpoint: delay_dff_Q_3.QZ[0] (Q_FRAG clocked by clk)
Endpoint  : delay_dff_Q_16.QD[0] (Q_FRAG clocked by clk)
Path Type : hold

Point                                                                                                          Incr      Path
-----------------------------------------------------------------------------------------------------------------------------
clock clk (rise edge)                                                                                         0.000     0.000
clock source latency                                                                                          0.000     0.000
u_qlal4s3b_cell_macro.Sys_Clk0[0] (ASSP)                                                                      0.000     0.000
delay_dff_Q_3.QCK[0] (Q_FRAG)                                                                                10.387    10.387
delay_dff_Q_3.QZ[0] (Q_FRAG) [clock-to-output]                                                                1.393    11.779
mclk_dffe_Q_EN_LUT3_O_I2_LUT3_I2_O_LUT2_O_4_I1_LUT4_I2_O_LUT4_I3.c_frag.BSL[0] (C_FRAG)                       2.846    14.625
mclk_dffe_Q_EN_LUT3_O_I2_LUT3_I2_O_LUT2_O_4_I1_LUT4_I2_O_LUT4_I3.c_frag.CZ[0] (C_FRAG)                        1.041    15.666
mclk_dffe_Q_EN_LUT3_O_I2_LUT3_I2_O_LUT2_O_9.t_frag.XSL[0] (T_FRAG)                                            5.131    20.797
mclk_dffe_Q_EN_LUT3_O_I2_LUT3_I2_O_LUT2_O_9.t_frag.XZ[0] (T_FRAG)                                             1.041    21.838
delay_dff_Q_16.QD[0] (Q_FRAG)                                                                                 0.000    21.838
data arrival time                                                                                                      21.838

clock clk (rise edge)                                                                                         0.000     0.000
clock source latency                                                                                          0.000     0.000
u_qlal4s3b_cell_macro.Sys_Clk0[0] (ASSP)                                                                      0.000     0.000
delay_dff_Q_16.QCK[0] (Q_FRAG)                                                                               12.933    12.933
clock uncertainty                                                                                             0.000    12.933
cell hold time                                                                                                0.571    13.504
data required time                                                                                                     13.504
-----------------------------------------------------------------------------------------------------------------------------
data required time                                                                                                    -13.504
data arrival time                                                                                                      21.838
-----------------------------------------------------------------------------------------------------------------------------
slack (MET)                                                                                                             8.334


#Path 23
Startpoint: delay_dff_Q_18.QZ[0] (Q_FRAG clocked by clk)
Endpoint  : delay_dff_Q_15.QD[0] (Q_FRAG clocked by clk)
Path Type : hold

Point                                                                                               Incr      Path
------------------------------------------------------------------------------------------------------------------
clock clk (rise edge)                                                                              0.000     0.000
clock source latency                                                                               0.000     0.000
u_qlal4s3b_cell_macro.Sys_Clk0[0] (ASSP)                                                           0.000     0.000
delay_dff_Q_18.QCK[0] (Q_FRAG)                                                                    11.247    11.247
delay_dff_Q_18.QZ[0] (Q_FRAG) [clock-to-output]                                                    1.393    12.640
mclk_dffe_Q_EN_LUT3_O_I2_LUT3_I2_O_LUT2_O_8_I1_LUT4_O.c_frag.TSL[0] (C_FRAG)                       2.737    15.376
mclk_dffe_Q_EN_LUT3_O_I2_LUT3_I2_O_LUT2_O_8_I1_LUT4_O.c_frag.CZ[0] (C_FRAG)                        1.108    16.484
mclk_dffe_Q_EN_LUT3_O_I2_LUT3_I2_O_LUT2_O_8.t_frag.XAB[0] (T_FRAG)                                 3.799    20.283
mclk_dffe_Q_EN_LUT3_O_I2_LUT3_I2_O_LUT2_O_8.t_frag.XZ[0] (T_FRAG)                                  0.909    21.193
delay_dff_Q_15.QD[0] (Q_FRAG)                                                                      0.000    21.193
data arrival time                                                                                           21.193

clock clk (rise edge)                                                                              0.000     0.000
clock source latency                                                                               0.000     0.000
u_qlal4s3b_cell_macro.Sys_Clk0[0] (ASSP)                                                           0.000     0.000
delay_dff_Q_15.QCK[0] (Q_FRAG)                                                                    12.060    12.060
clock uncertainty                                                                                  0.000    12.060
cell hold time                                                                                     0.571    12.631
data required time                                                                                          12.631
------------------------------------------------------------------------------------------------------------------
data required time                                                                                         -12.631
data arrival time                                                                                           21.193
------------------------------------------------------------------------------------------------------------------
slack (MET)                                                                                                  8.562


#Path 24
Startpoint: delay_dff_Q_13.QZ[0] (Q_FRAG clocked by clk)
Endpoint  : delay_dff_Q_13.QD[0] (Q_FRAG clocked by clk)
Path Type : hold

Point                                                                                               Incr      Path
------------------------------------------------------------------------------------------------------------------
clock clk (rise edge)                                                                              0.000     0.000
clock source latency                                                                               0.000     0.000
u_qlal4s3b_cell_macro.Sys_Clk0[0] (ASSP)                                                           0.000     0.000
delay_dff_Q_13.QCK[0] (Q_FRAG)                                                                    13.079    13.079
delay_dff_Q_13.QZ[0] (Q_FRAG) [clock-to-output]                                                    1.393    14.472
mclk_dffe_Q_EN_LUT3_O_I2_LUT3_I2_O_LUT2_O_6_I1_LUT4_O.c_frag.BB2[0] (C_FRAG)                       2.671    17.143
mclk_dffe_Q_EN_LUT3_O_I2_LUT3_I2_O_LUT2_O_6_I1_LUT4_O.c_frag.CZ[0] (C_FRAG)                        1.378    18.521
mclk_dffe_Q_EN_LUT3_O_I2_LUT3_I2_O_LUT2_O_6.t_frag.XAB[0] (T_FRAG)                                 3.214    21.735
mclk_dffe_Q_EN_LUT3_O_I2_LUT3_I2_O_LUT2_O_6.t_frag.XZ[0] (T_FRAG)                                  0.909    22.644
delay_dff_Q_13.QD[0] (Q_FRAG)                                                                      0.000    22.644
data arrival time                                                                                           22.644

clock clk (rise edge)                                                                              0.000     0.000
clock source latency                                                                               0.000     0.000
u_qlal4s3b_cell_macro.Sys_Clk0[0] (ASSP)                                                           0.000     0.000
delay_dff_Q_13.QCK[0] (Q_FRAG)                                                                    13.079    13.079
clock uncertainty                                                                                  0.000    13.079
cell hold time                                                                                     0.571    13.650
data required time                                                                                          13.650
------------------------------------------------------------------------------------------------------------------
data required time                                                                                         -13.650
data arrival time                                                                                           22.644
------------------------------------------------------------------------------------------------------------------
slack (MET)                                                                                                  8.994


#Path 25
Startpoint: delay_dff_Q_8.QZ[0] (Q_FRAG clocked by clk)
Endpoint  : delay_dff_Q_8.QD[0] (Q_FRAG clocked by clk)
Path Type : hold

Point                                                                                               Incr      Path
------------------------------------------------------------------------------------------------------------------
clock clk (rise edge)                                                                              0.000     0.000
clock source latency                                                                               0.000     0.000
u_qlal4s3b_cell_macro.Sys_Clk0[0] (ASSP)                                                           0.000     0.000
delay_dff_Q_8.QCK[0] (Q_FRAG)                                                                      9.485     9.485
delay_dff_Q_8.QZ[0] (Q_FRAG) [clock-to-output]                                                     1.393    10.877
mclk_dffe_Q_EN_LUT3_O_I2_LUT3_I2_O_LUT2_O_2_I1_LUT3_O.t_frag.XB2[0] (T_FRAG)                       3.385    14.263
mclk_dffe_Q_EN_LUT3_O_I2_LUT3_I2_O_LUT2_O_2_I1_LUT3_O.t_frag.XZ[0] (T_FRAG)                        1.333    15.595
mclk_dffe_Q_EN_LUT3_O_I2_LUT3_I2_O_LUT2_O_2.t_frag.XAB[0] (T_FRAG)                                 3.228    18.824
mclk_dffe_Q_EN_LUT3_O_I2_LUT3_I2_O_LUT2_O_2.t_frag.XZ[0] (T_FRAG)                                  0.909    19.733
delay_dff_Q_8.QD[0] (Q_FRAG)                                                                       0.000    19.733
data arrival time                                                                                           19.733

clock clk (rise edge)                                                                              0.000     0.000
clock source latency                                                                               0.000     0.000
u_qlal4s3b_cell_macro.Sys_Clk0[0] (ASSP)                                                           0.000     0.000
delay_dff_Q_8.QCK[0] (Q_FRAG)                                                                      9.485     9.485
clock uncertainty                                                                                  0.000     9.485
cell hold time                                                                                     0.571    10.056
data required time                                                                                          10.056
------------------------------------------------------------------------------------------------------------------
data required time                                                                                         -10.056
data arrival time                                                                                           19.733
------------------------------------------------------------------------------------------------------------------
slack (MET)                                                                                                  9.677


#Path 26
Startpoint: delay_dff_Q_3.QZ[0] (Q_FRAG clocked by clk)
Endpoint  : delay_dff_Q_12.QD[0] (Q_FRAG clocked by clk)
Path Type : hold

Point                                                                                                          Incr      Path
-----------------------------------------------------------------------------------------------------------------------------
clock clk (rise edge)                                                                                         0.000     0.000
clock source latency                                                                                          0.000     0.000
u_qlal4s3b_cell_macro.Sys_Clk0[0] (ASSP)                                                                      0.000     0.000
delay_dff_Q_3.QCK[0] (Q_FRAG)                                                                                10.387    10.387
delay_dff_Q_3.QZ[0] (Q_FRAG) [clock-to-output]                                                                1.393    11.779
mclk_dffe_Q_EN_LUT3_O_I2_LUT3_I2_O_LUT2_O_4_I1_LUT4_I2_O_LUT4_I3.c_frag.BSL[0] (C_FRAG)                       2.846    14.625
mclk_dffe_Q_EN_LUT3_O_I2_LUT3_I2_O_LUT2_O_4_I1_LUT4_I2_O_LUT4_I3.c_frag.CZ[0] (C_FRAG)                        1.041    15.666
mclk_dffe_Q_EN_LUT3_O_I2_LUT3_I2_O_LUT2_O_5.t_frag.XSL[0] (T_FRAG)                                            5.389    21.056
mclk_dffe_Q_EN_LUT3_O_I2_LUT3_I2_O_LUT2_O_5.t_frag.XZ[0] (T_FRAG)                                             1.041    22.097
delay_dff_Q_12.QD[0] (Q_FRAG)                                                                                 0.000    22.097
data arrival time                                                                                                      22.097

clock clk (rise edge)                                                                                         0.000     0.000
clock source latency                                                                                          0.000     0.000
u_qlal4s3b_cell_macro.Sys_Clk0[0] (ASSP)                                                                      0.000     0.000
delay_dff_Q_12.QCK[0] (Q_FRAG)                                                                               11.229    11.229
clock uncertainty                                                                                             0.000    11.229
cell hold time                                                                                                0.571    11.800
data required time                                                                                                     11.800
-----------------------------------------------------------------------------------------------------------------------------
data required time                                                                                                    -11.800
data arrival time                                                                                                      22.097
-----------------------------------------------------------------------------------------------------------------------------
slack (MET)                                                                                                            10.297


#Path 27
Startpoint: delay_dff_Q_3.QZ[0] (Q_FRAG clocked by clk)
Endpoint  : mclk_dffe_Q.QEN[0] (Q_FRAG clocked by clk)
Path Type : hold

Point                                                                         Incr      Path
--------------------------------------------------------------------------------------------
clock clk (rise edge)                                                        0.000     0.000
clock source latency                                                         0.000     0.000
u_qlal4s3b_cell_macro.Sys_Clk0[0] (ASSP)                                     0.000     0.000
delay_dff_Q_3.QCK[0] (Q_FRAG)                                               10.387    10.387
delay_dff_Q_3.QZ[0] (Q_FRAG) [clock-to-output]                               1.393    11.779
mclk_dffe_Q_EN_LUT3_O_I1_LUT3_O.t_frag.XSL[0] (T_FRAG)                       2.519    14.298
mclk_dffe_Q_EN_LUT3_O_I1_LUT3_O.t_frag.XZ[0] (T_FRAG)                        0.975    15.273
mclk_dffe_Q_EN_LUT3_O.t_frag.XSL[0] (T_FRAG)                                 3.256    18.528
mclk_dffe_Q_EN_LUT3_O.t_frag.XZ[0] (T_FRAG)                                  0.975    19.503
mclk_dffe_Q.QEN[0] (Q_FRAG)                                                  2.898    22.402
data arrival time                                                                     22.402

clock clk (rise edge)                                                        0.000     0.000
clock source latency                                                         0.000     0.000
u_qlal4s3b_cell_macro.Sys_Clk0[0] (ASSP)                                     0.000     0.000
mclk_dffe_Q.QCK[0] (Q_FRAG)                                                 12.493    12.493
clock uncertainty                                                            0.000    12.493
cell hold time                                                              -0.394    12.099
data required time                                                                    12.099
--------------------------------------------------------------------------------------------
data required time                                                                   -12.099
data arrival time                                                                     22.402
--------------------------------------------------------------------------------------------
slack (MET)                                                                           10.302


#Path 28
Startpoint: x.inpad[0] (.input clocked by virtual_io_clock)
Endpoint  : y_dff_Q.QD[0] (Q_FRAG clocked by y_dff_Q_CLK)
Path Type : hold

Point                                                                  Incr      Path
-------------------------------------------------------------------------------------
clock virtual_io_clock (rise edge)                                    0.000     0.000
clock source latency                                                  0.000     0.000
input external delay                                                  0.000     0.000
x.inpad[0] (.input)                                                   0.000     0.000
$iopadmap$finitesm.x.I_PAD_$inp[0] (BIDIR_CELL)                       0.000     0.000
$iopadmap$finitesm.x.I_DAT[0] (BIDIR_CELL)                           10.153    10.153
x_LUT2_I1.t_frag.XAB[0] (T_FRAG)                                      4.938    15.091
x_LUT2_I1.t_frag.XZ[0] (T_FRAG)                                       0.909    16.000
y_dff_Q.QD[0] (Q_FRAG)                                                0.000    16.000
data arrival time                                                              16.000

clock y_dff_Q_CLK (rise edge)                                         0.000     0.000
clock source latency                                                  0.000     0.000
y_dff_Q_CLK_inv_Q.f_frag.FZ[0] (F_FRAG)                               0.000     0.000
y_dff_Q.QCK[0] (Q_FRAG)                                               3.392     3.392
clock uncertainty                                                     0.000     3.392
cell hold time                                                        0.571     3.963
data required time                                                              3.963
-------------------------------------------------------------------------------------
data required time                                                             -3.963
data arrival time                                                              16.000
-------------------------------------------------------------------------------------
slack (MET)                                                                    12.038


#Path 29
Startpoint: x.inpad[0] (.input clocked by virtual_io_clock)
Endpoint  : d2_dff_Q.QD[0] (Q_FRAG clocked by d2_dff_Q_CLK)
Path Type : hold

Point                                                                  Incr      Path
-------------------------------------------------------------------------------------
clock virtual_io_clock (rise edge)                                    0.000     0.000
clock source latency                                                  0.000     0.000
input external delay                                                  0.000     0.000
x.inpad[0] (.input)                                                   0.000     0.000
$iopadmap$finitesm.x.I_PAD_$inp[0] (BIDIR_CELL)                       0.000     0.000
$iopadmap$finitesm.x.I_DAT[0] (BIDIR_CELL)                           10.153    10.153
x_LUT3_I0.t_frag.XB2[0] (T_FRAG)                                      5.137    15.290
x_LUT3_I0.t_frag.XZ[0] (T_FRAG)                                       1.378    16.669
d2_dff_Q.QD[0] (Q_FRAG)                                               0.000    16.669
data arrival time                                                              16.669

clock d2_dff_Q_CLK (rise edge)                                        0.000     0.000
clock source latency                                                  0.000     0.000
d2_dff_Q_CLK_inv_Q.f_frag.FZ[0] (F_FRAG)                              0.000     0.000
d2_dff_Q.QCK[0] (Q_FRAG)                                              3.059     3.059
clock uncertainty                                                     0.000     3.059
cell hold time                                                        0.571     3.630
data required time                                                              3.630
-------------------------------------------------------------------------------------
data required time                                                             -3.630
data arrival time                                                              16.669
-------------------------------------------------------------------------------------
slack (MET)                                                                    13.039


#Path 30
Startpoint: x.inpad[0] (.input clocked by virtual_io_clock)
Endpoint  : d1_dff_Q.QD[0] (Q_FRAG clocked by d1_dff_Q_CLK)
Path Type : hold

Point                                                                  Incr      Path
-------------------------------------------------------------------------------------
clock virtual_io_clock (rise edge)                                    0.000     0.000
clock source latency                                                  0.000     0.000
input external delay                                                  0.000     0.000
x.inpad[0] (.input)                                                   0.000     0.000
$iopadmap$finitesm.x.I_PAD_$inp[0] (BIDIR_CELL)                       0.000     0.000
$iopadmap$finitesm.x.I_DAT[0] (BIDIR_CELL)                           10.153    10.153
x_LUT3_I0_1.t_frag.XA1[0] (T_FRAG)                                    5.209    15.362
x_LUT3_I0_1.t_frag.XZ[0] (T_FRAG)                                     1.392    16.753
d1_dff_Q.QD[0] (Q_FRAG)                                               0.000    16.753
data arrival time                                                              16.753

clock d1_dff_Q_CLK (rise edge)                                        0.000     0.000
clock source latency                                                  0.000     0.000
d1_dff_Q_CLK_inv_Q.f_frag.FZ[0] (F_FRAG)                              0.000     0.000
d1_dff_Q.QCK[0] (Q_FRAG)                                              3.059     3.059
clock uncertainty                                                     0.000     3.059
cell hold time                                                        0.571     3.630
data required time                                                              3.630
-------------------------------------------------------------------------------------
data required time                                                             -3.630
data arrival time                                                              16.753
-------------------------------------------------------------------------------------
slack (MET)                                                                    13.123


#Path 31
Startpoint: y_dff_Q.QZ[0] (Q_FRAG clocked by y_dff_Q_CLK)
Endpoint  : out:y.outpad[0] (.output clocked by virtual_io_clock)
Path Type : hold

Point                                                                  Incr      Path
-------------------------------------------------------------------------------------
clock y_dff_Q_CLK (rise edge)                                         0.000     0.000
clock source latency                                                  0.000     0.000
y_dff_Q_CLK_inv_Q.f_frag.FZ[0] (F_FRAG)                               0.000     0.000
y_dff_Q.QCK[0] (Q_FRAG)                                               3.392     3.392
y_dff_Q.QZ[0] (Q_FRAG) [clock-to-output]                              1.393     4.784
$iopadmap$finitesm.y.O_DAT[0] (BIDIR_CELL)                            5.491    10.275
$iopadmap$finitesm.y.O_PAD_$out[0] (BIDIR_CELL)                       9.726    20.001
out:y.outpad[0] (.output)                                             0.000    20.001
data arrival time                                                              20.001

clock virtual_io_clock (rise edge)                                    0.000     0.000
clock source latency                                                  0.000     0.000
clock uncertainty                                                     0.000     0.000
output external delay                                                 0.000     0.000
data required time                                                              0.000
-------------------------------------------------------------------------------------
data required time                                                             -0.000
data arrival time                                                              20.001
-------------------------------------------------------------------------------------
slack (MET)                                                                    20.001


#End of timing report
