VPR FPGA Placement and Routing.
Version: 8.1.0-dev+dadca7ecf
Revision: v8.0.0-rc2-2894-gdadca7ecf
Compiled: 2020-10-14T15:08:54
Compiler: GNU 7.3.0 on Linux-4.15.0-1028-gcp x86_64
Build Info: Release IPO VTR_ASSERT_LEVEL=2

University of Toronto
verilogtorouting.org
vtr-users@googlegroups.com
This is free open source code under MIT license.

VPR was run with the following command-line:
vpr /home/srinivaas/qorc-sdk/fpga_toolchain_install/v1.3.1/quicklogic-arch-defs/share/arch/ql-eos-s3_wlcsp/arch.timing.xml decade.eblif --device ql-eos-s3 --max_router_iterations 500 --routing_failure_predictor off --router_high_fanout_threshold -1 --constant_net_method route --route_chan_width 100 --clock_modeling route --place_delay_model delta_override --router_lookahead map --check_route quick --strict_checks off --allow_dangling_combinational_nodes on --disable_errors check_unbuffered_edges:check_route --congested_routing_iteration_threshold 0.8 --incremental_reroute_delay_ripup off --base_cost_type delay_normalized_length_bounded --bb_factor 10 --initial_pres_fac 4.0 --check_rr_graph off --suppress_warnings ,sum_pin_class:check_unbuffered_edges:load_rr_indexed_data_T_values:check_rr_node:trans_per_R:check_route:set_rr_graph_tool_comment:warn_model_missing_timing --read_rr_graph /home/srinivaas/qorc-sdk/fpga_toolchain_install/v1.3.1/quicklogic-arch-defs/share/arch/ql-eos-s3_wlcsp/rr_graph_ql-eos-s3_wlcsp.rr_graph.real.bin --read_placement_delay_lookup /home/srinivaas/qorc-sdk/fpga_toolchain_install/v1.3.1/quicklogic-arch-defs/share/arch/ql-eos-s3_wlcsp/rr_graph_ql-eos-s3_wlcsp.place_delay.bin --sdc_file /home/srinivaas/vaman/vaman_exp/decade_counter/build/decade_dummy.sdc --pack

Using up to 1 parallel worker(s)

Architecture file: /home/srinivaas/qorc-sdk/fpga_toolchain_install/v1.3.1/quicklogic-arch-defs/share/arch/ql-eos-s3_wlcsp/arch.timing.xml
Circuit name: decade

# Loading Architecture Description
# Loading Architecture Description took 0.30 seconds (max_rss 30.6 MiB, delta_rss +24.8 MiB)
# Building complex block graph
# Building complex block graph took 0.06 seconds (max_rss 39.5 MiB, delta_rss +8.9 MiB)
# Load circuit
# Load circuit took 0.02 seconds (max_rss 42.1 MiB, delta_rss +2.6 MiB)
# Clean circuit
Absorbed 2271 LUT buffers
Inferred  106 additional primitive pins as constant generators since they have no combinationally connected inputs
Inferred   40 additional primitive pins as constant generators due to constant inputs
Inferred    0 additional primitive pins as constant generators since they have no combinationally connected inputs
Inferred    0 additional primitive pins as constant generators due to constant inputs
Inferred    0 additional primitive pins as constant generators since they have no combinationally connected inputs
Inferred    0 additional primitive pins as constant generators due to constant inputs
Swept input(s)      : 0
Swept output(s)     : 0 (0 dangling, 0 constant)
Swept net(s)        : 141
Swept block(s)      : 1
Constant Pins Marked: 146
# Clean circuit took 0.02 seconds (max_rss 50.4 MiB, delta_rss +8.2 MiB)
# Compress circuit
# Compress circuit took 0.00 seconds (max_rss 50.4 MiB, delta_rss +0.0 MiB)
# Verify circuit
# Verify circuit took 0.00 seconds (max_rss 50.4 MiB, delta_rss +0.0 MiB)
Circuit Statistics:
  Blocks: 275
    .output   :       7
    ASSP      :       1
    BIDIR_CELL:       7
    C_FRAG    :      46
    F_FRAG    :       1
    GND       :       1
    Q_FRAG    :      60
    T_FRAG    :     151
    VCC       :       1
  Nets  : 268
    Avg Fanout:     8.5
    Max Fanout:   852.0
    Min Fanout:     1.0
  Netlist Clocks: 1
# Build Timing Graph
  Timing Graph Nodes: 2535
  Timing Graph Edges: 4239
  Timing Graph Levels: 24
# Build Timing Graph took 0.00 seconds (max_rss 50.4 MiB, delta_rss +0.0 MiB)
Netlist contains 1 clocks
  Netlist Clock 'clk' Fanout: 60 pins (2.4%), 60 blocks (21.8%)
# Load Timing Constraints

SDC file '/home/srinivaas/vaman/vaman_exp/decade_counter/build/decade_dummy.sdc' contained no SDC commands
Setting default timing constraints:
   * constrain all primay inputs and primary outputs on netlist clock 'clk'
   * optimize netlist clock to run as fast as possible
Timing constraints created 1 clocks
  Constrained Clock 'clk' Source: 'u_qlal4s3b_cell_macro.Sys_Clk0[0]'

# Load Timing Constraints took 0.00 seconds (max_rss 50.4 MiB, delta_rss +0.0 MiB)
Timing analysis: ON
Circuit netlist file: decade.net
Circuit placement file: decade.place
Circuit routing file: decade.route
Circuit SDC file: /home/srinivaas/vaman/vaman_exp/decade_counter/build/decade_dummy.sdc

Packer: ENABLED
Placer: DISABLED
Router: DISABLED
Analysis: DISABLED

NetlistOpts.abosrb_buffer_luts            : true
NetlistOpts.sweep_dangling_primary_ios    : true
NetlistOpts.sweep_dangling_nets           : true
NetlistOpts.sweep_dangling_blocks         : true
NetlistOpts.sweep_constant_primary_outputs: false
NetlistOpts.netlist_verbosity             : 1
NetlistOpts.const_gen_inference           : COMB_SEQ

PackerOpts.allow_unrelated_clustering: auto
PackerOpts.alpha_clustering: 0.750000
PackerOpts.beta_clustering: 0.900000
PackerOpts.cluster_seed_type: BLEND2
PackerOpts.connection_driven: true
PackerOpts.global_clocks: true
PackerOpts.hill_climbing_flag: false
PackerOpts.inter_cluster_net_delay: 1.000000
PackerOpts.timing_driven: true
PackerOpts.target_external_pin_util: auto

RoutingArch.directionality: BI_DIRECTIONAL
RoutingArch.switch_block_type: WILTON
RoutingArch.Fs: 3

# Packing
Begin packing 'decade.eblif'.
Warning 1: All 2 clocks will be treated as global.

After removing unused inputs...
	total blocks: 275, total nets: 268, total inputs: 0, total outputs: 7
Begin prepacking.
Finish prepacking.
Using inter-cluster delay: 1.2e-14
Warning 2: Unable to determine most common block type (perhaps the device grid was empty?)
Warning 3: Unable to infer which block type is a logic block
Warning 4: Unable to identify logic block type to apply default pin utilization targets to; this may result in denser packing than desired
Warning 5: Unable to determine most common block type (perhaps the device grid was empty?)
Warning 6: Unable to infer which block type is a logic block
Warning 7: Unable to identify logic block type to apply default packer high fanout thresholds; this may result in denser packing than desired
Packing with pin utilization targets: TL-LOGIC:1,1 TL-RAM:1,1 TL-MULT:1,1 TL-BIDIR:1,1 TL-CLOCK:1,1 TL-SDIOMUX:1,1 TL-GMUX:1,1 TL-ASSP:1,1 TL-SYN_VCC:1,1 TL-SYN_GND:1,1
Packing with high fanout thresholds: TL-LOGIC:128 TL-RAM:128 TL-MULT:128 TL-BIDIR:128 TL-CLOCK:128 TL-SDIOMUX:128 TL-GMUX:128 TL-ASSP:128 TL-SYN_VCC:128 TL-SYN_GND:128
Not enough resources expand FPGA size to (39 x 35)
Complex block 0: 'u_qlal4s3b_cell_macro' (PB-ASSP) .
Complex block 1: 'delay_dff_Q_9_D_LUT4_O_4.c_frag' (PB-LOGIC) .
Complex block 2: 'delay_dff_Q_9_D_LUT4_O_5.c_frag' (PB-LOGIC) .
Complex block 3: 'delay_dff_Q_9_D_LUT4_O_6.c_frag' (PB-LOGIC) .
Complex block 4: 'delay_dff_Q_9_D_LUT4_O_7.c_frag' (PB-LOGIC) .
Complex block 5: 'delay_dff_Q_9_D_LUT4_O_8.c_frag' (PB-LOGIC) .
Complex block 6: 'delay_dff_Q_9_D_LUT4_O_9.c_frag' (PB-LOGIC) .
Complex block 7: 'delay_dff_Q_9_D_LUT4_O_10.c_frag' (PB-LOGIC) .
Complex block 8: 'delay_dff_Q_9_D_LUT4_O_11.c_frag' (PB-LOGIC) .
Complex block 9: 'delay_dff_Q_9_D_LUT4_O_12.c_frag' (PB-LOGIC) .
Complex block 10: 'delay_dff_Q_9_D_LUT4_O_13.c_frag' (PB-LOGIC) .
Complex block 11: 'delay_dff_Q_9_D_LUT4_O_14.c_frag' (PB-LOGIC) .
Complex block 12: 'delay_dff_Q_9_D_LUT4_O_15.c_frag' (PB-LOGIC) .
Complex block 13: 'delay_dff_Q_9_D_LUT4_O_16.c_frag' (PB-LOGIC) .
Complex block 14: 'delay_dff_Q_9_D_LUT4_O_17.c_frag' (PB-LOGIC) .
Complex block 15: 'delay_dff_Q_9_D_LUT4_O_18.c_frag' (PB-LOGIC) .
Complex block 16: 'delay_dff_Q_9_D_LUT4_O_19.c_frag' (PB-LOGIC) .
Complex block 17: 'delay_dff_Q_9_D_LUT4_O_20.c_frag' (PB-LOGIC) .
Complex block 18: 'delay_dff_Q_9_D_LUT4_O.c_frag' (PB-LOGIC) .
Complex block 19: 'delay_dff_Q_9_D_LUT4_O_1.c_frag' (PB-LOGIC) .
Complex block 20: 'delay_dff_Q_9_D_LUT4_O_2.c_frag' (PB-LOGIC) .
Complex block 21: 'delay_dff_Q_9_D_LUT4_O_3.c_frag' (PB-LOGIC) .
Complex block 22: 'delay_dff_Q_9_D_LUT4_O_21.c_frag' (PB-LOGIC) .
Complex block 23: 'e_mux4x0_Q_D_LUT3_I0_O_LUT3_I2_O_LUT4_O.c_frag' (PB-LOGIC) ..
Complex block 24: 'e_mux4x0_Q_D_LUT3_I0_O_LUT3_I2_O_LUT2_O_5.t_frag' (PB-LOGIC) ..
Complex block 25: 'e_mux4x0_Q_D_LUT3_I0_O_LUT3_I2_O_LUT2_O_6.t_frag' (PB-LOGIC) ..
Complex block 26: 'e_mux4x0_Q_D_LUT3_I0_O_LUT3_I2_O_LUT2_O_7.t_frag' (PB-LOGIC) ..
Complex block 27: 'e_mux4x0_Q_D_LUT3_I0_O_LUT3_I2_O_LUT2_O_8.t_frag' (PB-LOGIC) ..
Complex block 28: 'e_mux4x0_Q_D_LUT3_I0_O_LUT3_I2_O_LUT2_O_9.t_frag' (PB-LOGIC) ..
Complex block 29: 'e_mux4x0_Q_D_LUT3_I0_O_LUT3_I2_O_LUT2_O_10.t_frag' (PB-LOGIC) ..
Complex block 30: 'e_mux4x0_Q_D_LUT3_I0_O_LUT3_I2_O_LUT2_O_11.t_frag' (PB-LOGIC) ..
Complex block 31: 'e_mux4x0_Q_D_LUT3_I0_O_LUT3_I2_O_LUT2_O.t_frag' (PB-LOGIC) ..
Complex block 32: 'e_mux4x0_Q_D_LUT3_I0_O_LUT3_I2_O_LUT2_O_12.t_frag' (PB-LOGIC) ..
Complex block 33: 'e_mux4x0_Q_D_LUT3_I0_O_LUT3_I2_O_LUT2_O_13.t_frag' (PB-LOGIC) ..
Complex block 34: 'e_mux4x0_Q_D_LUT3_I0_O_LUT3_I2_O_LUT2_O_14.t_frag' (PB-LOGIC) ..
Complex block 35: 'e_mux4x0_Q_D_LUT3_I0_O_LUT3_I2_O_LUT2_O_15.t_frag' (PB-LOGIC) ..
Complex block 36: 'e_mux4x0_Q_D_LUT3_I0_O_LUT3_I2_O_LUT2_O_16.t_frag' (PB-LOGIC) ..
Complex block 37: 'e_mux4x0_Q_D_LUT3_I0_O_LUT3_I2_O_LUT2_O_1.t_frag' (PB-LOGIC) ..
Complex block 38: 'e_mux4x0_Q_D_LUT3_I0_O_LUT3_I2_O_LUT2_O_2.t_frag' (PB-LOGIC) ..
Complex block 39: 'e_mux4x0_Q_D_LUT3_I0_O_LUT3_I2_O_LUT2_O_3.t_frag' (PB-LOGIC) ..
Complex block 40: 'e_mux4x0_Q_D_LUT3_I0_O_LUT3_I2_O_LUT2_O_4.t_frag' (PB-LOGIC) ..
Complex block 41: 'e_mux4x0_Q_D_LUT3_I0_O_LUT3_I2.t_frag' (PB-LOGIC) ..
Complex block 42: 'e_mux4x0_Q_D_LUT3_I0_O_LUT3_I2_1.t_frag' (PB-LOGIC) ..
Complex block 43: 'delay_dff_Q_9_D_LUT3_O.t_frag' (PB-LOGIC) ..
Complex block 44: 'e_mux4x0_Q_D_LUT3_I0_O_LUT3_I2_O_LUT3_O.t_frag' (PB-LOGIC) ..
Complex block 45: 'e_mux4x0_Q_D_LUT3_I0_O_LUT3_I2_O_LUT3_O_4.t_frag' (PB-LOGIC) ..
Complex block 46: 'e_mux4x0_Q_D_LUT3_I0_O_LUT3_I2_O_LUT3_O_5.t_frag' (PB-LOGIC) ..
Complex block 47: 'e_mux4x0_Q_D_LUT3_I0_O_LUT3_I2_O_LUT3_O_6.t_frag' (PB-LOGIC) ..
Complex block 48: 'e_mux4x0_Q_D_LUT3_I0_O_LUT3_I2_O_LUT3_O_7.t_frag' (PB-LOGIC) ..
Complex block 49: 'e_mux4x0_Q_D_LUT3_I0_O_LUT3_I2_O_LUT3_O_8.t_frag' (PB-LOGIC) ..
Complex block 50: 'e_mux4x0_Q_D_LUT3_I0_O_LUT3_I2_O_LUT3_O_9.t_frag' (PB-LOGIC) ..
Complex block 51: 'e_mux4x0_Q_D_LUT3_I0_O_LUT3_I2_O_LUT3_O_10.t_frag' (PB-LOGIC) ..
Complex block 52: 'e_mux4x0_Q_D_LUT3_I0_O_LUT3_I2_O_LUT3_O_1.t_frag' (PB-LOGIC) ..
Complex block 53: 'e_mux4x0_Q_D_LUT3_I0_O_LUT3_I2_O_LUT3_O_2.t_frag' (PB-LOGIC) ..
Complex block 54: 'e_mux4x0_Q_D_LUT3_I0_O_LUT3_I2_O_LUT3_O_3.t_frag' (PB-LOGIC) ..
Complex block 55: 'delay_dff_Q_9_D_LUT3_O_1.t_frag' (PB-LOGIC) ..
Complex block 56: 'delay_dff_Q_9_D_LUT3_O_2.t_frag' (PB-LOGIC) ..
Complex block 57: '$iopadmap$decade.b' (PB-BIDIR) .
Complex block 58: '$iopadmap$decade.e' (PB-BIDIR) .
Complex block 59: '$iopadmap$decade.f' (PB-BIDIR) .
Complex block 60: '$iopadmap$decade.g' (PB-BIDIR) .
Complex block 61: '$iopadmap$decade.d' (PB-BIDIR) .
Complex block 62: '$iopadmap$decade.c' (PB-BIDIR) .
Complex block 63: '$iopadmap$decade.a' (PB-BIDIR) .
Complex block 64: 'b_mux4x0_Q_S1_LUT4_O.c_frag' (PB-LOGIC) .
Complex block 65: 'i_dffe_Q_EN_LUT3_O_I1_LUT4_O.c_frag' (PB-LOGIC) .
Complex block 66: 'i_dffe_Q_EN_LUT3_O_I1_LUT4_O_I3_LUT4_O.c_frag' (PB-LOGIC) .
Complex block 67: 'delay_dff_Q_9_D_LUT4_O_14_I0_LUT2_O_I1_LUT4_I3.c_frag' (PB-LOGIC) .
Complex block 68: 'delay_dff_Q_9_D_LUT4_O_14_I0_LUT2_O_I1_LUT4_I3_O_LUT4_I3.c_frag' (PB-LOGIC) .
Complex block 69: 'delay_dff_Q_9_D_LUT4_O_2_I0_LUT3_O_I2_LUT4_O.c_frag' (PB-LOGIC) .
Complex block 70: 'i_dffe_Q_EN_LUT3_O_I0_LUT4_O.c_frag' (PB-LOGIC) .
Complex block 71: 'i_dffe_Q_EN_LUT3_O_I1_LUT4_O_I2_LUT4_I1.c_frag' (PB-LOGIC) .
Complex block 72: 'delay_dff_Q_9_D_LUT4_O_3_I0_LUT4_O.c_frag' (PB-LOGIC) .
Complex block 73: 'delay_dff_Q_9_D_LUT4_O_5_I0_LUT4_I0.c_frag' (PB-LOGIC) .
Complex block 74: 'delay_dff_Q_9_D_LUT4_O_5_I0_LUT4_O.c_frag' (PB-LOGIC) .
Complex block 75: 'a_LUT4_O.c_frag' (PB-LOGIC) ..
Complex block 76: 'delay_dff_Q_9_D_LUT4_O_6_I0_LUT4_O.c_frag' (PB-LOGIC) .
Complex block 77: 'delay_dff_Q_9_D_LUT4_O_5_I0_LUT4_I0_I2_LUT4_O.c_frag' (PB-LOGIC) .
Complex block 78: 'e_mux4x0_Q_D_LUT3_I0_O_LUT3_I2_O_LUT2_O_11_I1_LUT4_O.c_frag' (PB-LOGIC) .
Complex block 79: 'e_mux4x0_Q_D_LUT3_I0_O_LUT3_I2_O_LUT2_O_1_I1_LUT4_O.c_frag' (PB-LOGIC) .
Complex block 80: 'e_mux4x0_Q_D_LUT3_I0_O_LUT3_I2_O_LUT2_O_3_I1_LUT4_O.c_frag' (PB-LOGIC) .
Complex block 81: 'e_mux4x0_Q_D_LUT3_I0_O_LUT3_I2_O_LUT2_O_5_I1_LUT4_O.c_frag' (PB-LOGIC) .
Complex block 82: 'e_mux4x0_Q_D_LUT3_I0_O_LUT3_I2_O_LUT2_O_9_I1_LUT4_O.c_frag' (PB-LOGIC) .
Complex block 83: 'e_mux4x0_Q_D_LUT3_I0_O_LUT3_I2_O_LUT3_O_4_I2_LUT4_O.c_frag' (PB-LOGIC) .
Complex block 84: 'e_mux4x0_Q_D_LUT3_I0_O_LUT3_I2_O_LUT3_O_7_I2_LUT2_O_I1_LUT4_O.c_frag' (PB-LOGIC) .
Complex block 85: 'b_mux4x0_Q.t_frag' (PB-LOGIC) ...
Complex block 86: 'e_mux4x0_Q.t_frag' (PB-LOGIC) ...
Complex block 87: 'e_mux4x0_Q_B_LUT2_O.t_frag' (PB-LOGIC) ...
Complex block 88: 'e_mux4x0_Q_D_LUT3_I0_O_LUT3_I2_O_LUT2_O_16_I1_LUT4_O.c_frag' (PB-LOGIC) .
Complex block 89: 'g_LUT2_O_I1_LUT2_O.t_frag' (PB-LOGIC) ..
Complex block 90: 'delay_dff_Q_9_D_LUT4_O_1_I0_LUT4_O.c_frag' (PB-LOGIC) .
Complex block 91: 'c_LUT2_O_I1_LUT2_O.t_frag' (PB-LOGIC) ..
Complex block 92: 'e_mux4x0_Q_C_LUT3_O.t_frag' (PB-LOGIC) ..
Complex block 93: 'f_LUT3_O.t_frag' (PB-LOGIC) ..
Complex block 94: 'd_LUT2_O_I0_LUT2_O.t_frag' (PB-LOGIC) ..
Complex block 95: 'e_mux4x0_Q_D_LUT2_O.t_frag' (PB-LOGIC) ..
Complex block 96: 'c_LUT2_O.t_frag' (PB-LOGIC) ..
Complex block 97: 'f_LUT3_O_I2_LUT2_O.t_frag' (PB-LOGIC) ..
Complex block 98: 'delay_dff_Q_9_D_LUT4_O_16_I0_LUT2_O_I1_LUT3_O.t_frag' (PB-LOGIC) ..
Complex block 99: 'delay_dff_Q_9_D_LUT4_O_4_I0_LUT3_O.t_frag' (PB-LOGIC) ..
Complex block 100: 'i_dffe_Q_28_EN_LUT3_O.t_frag' (PB-LOGIC) ..
Complex block 101: 'i_dffe_Q_29_EN_LUT3_O.t_frag' (PB-LOGIC) ..
Complex block 102: 'i_dffe_Q_30_EN_LUT3_O.t_frag' (PB-LOGIC) .
Complex block 103: 'delay_dff_Q_9_D_LUT4_O_14_I0_LUT2_O_I1_LUT3_O.t_frag' (PB-LOGIC) ..
Complex block 104: 'i_dffe_Q_EN_LUT3_O_I0_LUT4_O_I1_LUT3_O.t_frag' (PB-LOGIC) ..
Complex block 105: 'delay_dff_Q_9_D_LUT4_O_7_I0_LUT3_O.t_frag' (PB-LOGIC) ..
Complex block 106: 'delay_dff_Q_9_D_LUT4_O_2_I0_LUT3_O.t_frag' (PB-LOGIC) ..
Complex block 107: 'e_mux4x0_Q_D_LUT3_I0_O_LUT3_I2_O_LUT2_O_I1_LUT3_O.t_frag' (PB-LOGIC) ..
Complex block 108: 'e_mux4x0_Q_D_LUT3_I0_O_LUT3_I2_O_LUT2_O_14_I1_LUT2_O_I0_LUT3_O.t_frag' (PB-LOGIC) ..
Complex block 109: 'delay_dff_Q_9_D_LUT4_O_I0_LUT3_O.t_frag' (PB-LOGIC) ..
Complex block 110: 'e_mux4x0_Q_D_LUT3_I0_O_LUT3_I2_O_LUT2_O_2_I1_LUT2_O.t_frag' (PB-LOGIC) ..
Complex block 111: 'delay_dff_Q_9_D_LUT4_O_5_I0_LUT4_I0_I2_LUT4_O_I1_LUT3_O.t_frag' (PB-LOGIC) ..
Complex block 112: 'e_mux4x0_Q_D_LUT3_I0_O_LUT3_I2_O_LUT2_O_4_I1_LUT2_O.t_frag' (PB-LOGIC) ..
Complex block 113: 'delay_dff_Q_9_D_LUT4_O_10_I0_LUT2_O.t_frag' (PB-LOGIC) ..
Complex block 114: 'delay_dff_Q_9_D_LUT4_O_9_I0_LUT3_O.t_frag' (PB-LOGIC) ..
Complex block 115: 'delay_dff_Q_9_D_LUT4_O_5_I0_LUT4_O_I2_LUT2_O.t_frag' (PB-LOGIC) ..
Complex block 116: 'e_mux4x0_Q_D_LUT3_I0_O_LUT3_I2_O_LUT2_O_7_I1_LUT2_O.t_frag' (PB-LOGIC) ..
Complex block 117: 'e_mux4x0_Q_D_LUT3_I0_O_LUT3_I2_O_LUT2_O_6_I1_LUT3_O.t_frag' (PB-LOGIC) ..
Complex block 118: 'delay_dff_Q_9_D_LUT4_O_12_I0_LUT3_O.t_frag' (PB-LOGIC) ..
Complex block 119: 'e_mux4x0_Q_D_LUT3_I0_I2_LUT3_O.t_frag' (PB-LOGIC) ..
Complex block 120: 'e_mux4x0_Q_D_LUT3_I0_I2_LUT3_O_I2_LUT2_O_I1_LUT3_O.t_frag' (PB-LOGIC) ..
Complex block 121: 'delay_dff_Q_9_D_LUT4_O_11_I0_LUT2_O.t_frag' (PB-LOGIC) ..
Complex block 122: 'e_mux4x0_Q_D_LUT3_I0_I1_LUT3_O.t_frag' (PB-LOGIC) ..
Complex block 123: 'e_mux4x0_Q_D_LUT3_I0_I1_LUT3_O_I1_LUT3_O_I0_LUT2_O.t_frag' (PB-LOGIC) ..
Complex block 124: 'e_mux4x0_Q_D_LUT3_I0_I2_LUT3_O_I0_LUT3_O.t_frag' (PB-LOGIC) ..
Complex block 125: 'delay_dff_Q_9_D_LUT4_O_14_I0_LUT2_O.t_frag' (PB-LOGIC) ..
Complex block 126: 'e_mux4x0_Q_D_LUT3_I0_I1_LUT3_O_I2_LUT3_O.t_frag' (PB-LOGIC) ..
Complex block 127: 'e_mux4x0_Q_D_LUT3_I0_O_LUT3_I2_O_LUT3_O_6_I2_LUT2_O.t_frag' (PB-LOGIC) ..
Complex block 128: 'delay_dff_Q_9_D_LUT4_O_17_I0_LUT3_O.t_frag' (PB-LOGIC) ..
Complex block 129: 'e_mux4x0_Q_D_LUT3_I0_O_LUT3_I2_O_LUT3_O_9_I2_LUT2_O.t_frag' (PB-LOGIC) ..
Complex block 130: '$false' (PB-SYN_GND) .
Complex block 131: '$true' (PB-SYN_VCC) .
	EMPTY: # blocks: 0, average # input + clock pins used: 0, average # output pins used: 0
	PB-SYN_GND: # blocks: 1, average # input + clock pins used: 0, average # output pins used: 1
	PB-BIDIR: # blocks: 7, average # input + clock pins used: 3, average # output pins used: 0
	PB-ASSP: # blocks: 1, average # input + clock pins used: 161, average # output pins used: 1
	PB-LOGIC: # blocks: 122, average # input + clock pins used: 15.959, average # output pins used: 1.65574
	PB-SDIOMUX: # blocks: 0, average # input + clock pins used: 0, average # output pins used: 0
	PB-MULT: # blocks: 0, average # input + clock pins used: 0, average # output pins used: 0
	PB-GMUX: # blocks: 0, average # input + clock pins used: 0, average # output pins used: 0
	PB-CLOCK: # blocks: 0, average # input + clock pins used: 0, average # output pins used: 0
	PB-RAM: # blocks: 0, average # input + clock pins used: 0, average # output pins used: 0
	PB-SYN_VCC: # blocks: 1, average # input + clock pins used: 0, average # output pins used: 1
Absorbed logical nets 63 out of 268 nets, 205 nets not absorbed.
Incr Slack updates 1 in 3.8628e-05 sec
Full Max Req/Worst Slack updates 1 in 4.669e-06 sec
Incr Max Req/Worst Slack updates 0 in 0 sec
Incr Criticality updates 0 in 0 sec
Full Criticality updates 1 in 5.6408e-05 sec
FPGA sized to 39 x 35 (ql-eos-s3)
Device Utilization: 0.10 (target 1.00)
	Block Utilization: 1.00 Type: PB-SYN_GND
	Block Utilization: 0.22 Type: PB-BIDIR
	Block Utilization: 1.00 Type: PB-ASSP
	Block Utilization: 0.14 Type: PB-LOGIC
	Block Utilization: 1.00 Type: PB-SYN_VCC


Netlist conversion complete.

# Packing took 0.06 seconds (max_rss 53.0 MiB, delta_rss +2.6 MiB)
# Load Packing
Begin loading packed FPGA netlist file.
Netlist generated from file 'decade.net'.
Detected 2 constant generators (to see names run with higher pack verbosity)
Finished loading packed FPGA netlist file (took 0.044675 seconds).
# Load Packing took 0.05 seconds (max_rss 53.9 MiB, delta_rss +0.9 MiB)
Warning 8: Netlist contains 0 global net to non-global architecture pin connections
Warning 9: Logic block #130 ($false) has only 1 output pin '$false.GND0_GND[0]'. It may be a constant generator.
Warning 10: Logic block #131 ($true) has only 1 output pin '$true.VCC0_VCC[0]'. It may be a constant generator.

Netlist num_nets: 205
Netlist num_blocks: 132
Netlist EMPTY blocks: 0.
Netlist PB-SYN_GND blocks: 1.
Netlist PB-BIDIR blocks: 7.
Netlist PB-ASSP blocks: 1.
Netlist PB-LOGIC blocks: 122.
Netlist PB-SDIOMUX blocks: 0.
Netlist PB-MULT blocks: 0.
Netlist PB-GMUX blocks: 0.
Netlist PB-CLOCK blocks: 0.
Netlist PB-RAM blocks: 0.
Netlist PB-SYN_VCC blocks: 1.
Netlist inputs pins: 0
Netlist output pins: 21


Pb types usage...
  PB-SYN_GND        : 1
   GND              : 1
  PB-BIDIR          : 7
   BIDIR            : 7
    OUTPUT          : 7
     bidir          : 7
     outpad         : 7
  PB-ASSP           : 1
   ASSP             : 1
  PB-LOGIC          : 122
   LOGIC            : 122
    FRAGS           : 122
     c_frag_modes   : 122
      SINGLE        : 46
       c_frag       : 46
      SPLIT         : 76
       b_frag       : 76
       t_frag       : 75
     f_frag         : 1
     q_frag_modes   : 60
      INT           : 56
       q_frag       : 56
      EXT           : 4
       q_frag       : 4
  PB-SYN_VCC        : 1
   VCC              : 1

# Create Device
## Build Device Grid
FPGA sized to 39 x 35: 1365 grid tiles (ql-eos-s3)

Resource usage...
	Netlist
		1	blocks of type: PB-SYN_GND
	Architecture
		1	blocks of type: TL-SYN_GND
	Netlist
		7	blocks of type: PB-BIDIR
	Architecture
		32	blocks of type: TL-BIDIR
	Netlist
		1	blocks of type: PB-ASSP
	Architecture
		1	blocks of type: TL-ASSP
	Netlist
		122	blocks of type: PB-LOGIC
	Architecture
		891	blocks of type: TL-LOGIC
	Netlist
		0	blocks of type: PB-SDIOMUX
	Architecture
		14	blocks of type: TL-SDIOMUX
	Netlist
		0	blocks of type: PB-MULT
	Architecture
		2	blocks of type: TL-MULT
	Netlist
		0	blocks of type: PB-GMUX
	Architecture
		5	blocks of type: TL-GMUX
	Netlist
		0	blocks of type: PB-CLOCK
	Architecture
		5	blocks of type: TL-CLOCK
	Netlist
		0	blocks of type: PB-RAM
	Architecture
		4	blocks of type: TL-RAM
	Netlist
		1	blocks of type: PB-SYN_VCC
	Architecture
		1	blocks of type: TL-SYN_VCC

Device Utilization: 0.10 (target 1.00)
	Physical Tile TL-LOGIC:
	Block Utilization: 0.14 Logical Block: PB-LOGIC
	Physical Tile TL-RAM:
	Block Utilization: 0.00 Logical Block: PB-RAM
	Physical Tile TL-MULT:
	Block Utilization: 0.00 Logical Block: PB-MULT
	Physical Tile TL-BIDIR:
	Block Utilization: 0.22 Logical Block: PB-BIDIR
	Physical Tile TL-CLOCK:
	Block Utilization: 0.00 Logical Block: PB-CLOCK
	Physical Tile TL-SDIOMUX:
	Block Utilization: 0.00 Logical Block: PB-SDIOMUX
	Physical Tile TL-GMUX:
	Block Utilization: 0.00 Logical Block: PB-GMUX
	Physical Tile TL-ASSP:
	Block Utilization: 1.00 Logical Block: PB-ASSP
	Physical Tile TL-SYN_VCC:
	Block Utilization: 1.00 Logical Block: PB-SYN_VCC
	Physical Tile TL-SYN_GND:
	Block Utilization: 1.00 Logical Block: PB-SYN_GND

## Build Device Grid took 0.00 seconds (max_rss 54.1 MiB, delta_rss +0.0 MiB)
## Loading routing resource graph


## Loading routing resource graph took 0.49 seconds (max_rss 356.3 MiB, delta_rss +302.1 MiB)
  RR Graph Nodes: 1396446
  RR Graph Edges: 2337988
# Create Device took 0.98 seconds (max_rss 359.9 MiB, delta_rss +305.8 MiB)


Flow timing analysis took 0.00054359 seconds (0.000437304 STA, 0.000106286 slack) (1 full updates: 1 setup, 0 hold, 0 combined).
VPR succeeded
The entire flow of VPR took 1.51 seconds (max_rss 359.9 MiB)
