VPR FPGA Placement and Routing.
Version: 8.1.0-dev+dadca7ecf
Revision: v8.0.0-rc2-2894-gdadca7ecf
Compiled: 2020-10-14T15:08:54
Compiler: GNU 7.3.0 on Linux-4.15.0-1028-gcp x86_64
Build Info: Release IPO VTR_ASSERT_LEVEL=2

University of Toronto
verilogtorouting.org
vtr-users@googlegroups.com
This is free open source code under MIT license.

VPR was run with the following command-line:
vpr /home/srinivaas/qorc-sdk/fpga_toolchain_install/v1.3.1/quicklogic-arch-defs/share/arch/ql-eos-s3_wlcsp/arch.timing.xml decade.eblif --device ql-eos-s3 --max_router_iterations 500 --routing_failure_predictor off --router_high_fanout_threshold -1 --constant_net_method route --route_chan_width 100 --clock_modeling route --place_delay_model delta_override --router_lookahead map --check_route quick --strict_checks off --allow_dangling_combinational_nodes on --disable_errors check_unbuffered_edges:check_route --congested_routing_iteration_threshold 0.8 --incremental_reroute_delay_ripup off --base_cost_type delay_normalized_length_bounded --bb_factor 10 --initial_pres_fac 4.0 --check_rr_graph off --suppress_warnings ,sum_pin_class:check_unbuffered_edges:load_rr_indexed_data_T_values:check_rr_node:trans_per_R:check_route:set_rr_graph_tool_comment:warn_model_missing_timing --read_rr_graph /home/srinivaas/qorc-sdk/fpga_toolchain_install/v1.3.1/quicklogic-arch-defs/share/arch/ql-eos-s3_wlcsp/rr_graph_ql-eos-s3_wlcsp.rr_graph.real.bin --read_placement_delay_lookup /home/srinivaas/qorc-sdk/fpga_toolchain_install/v1.3.1/quicklogic-arch-defs/share/arch/ql-eos-s3_wlcsp/rr_graph_ql-eos-s3_wlcsp.place_delay.bin --sdc_file /home/srinivaas/vaman/vaman_exp/decade_counter/build/decade_dummy.sdc --fix_clusters decade_constraints.place --place

Using up to 1 parallel worker(s)

Architecture file: /home/srinivaas/qorc-sdk/fpga_toolchain_install/v1.3.1/quicklogic-arch-defs/share/arch/ql-eos-s3_wlcsp/arch.timing.xml
Circuit name: decade

# Loading Architecture Description
# Loading Architecture Description took 0.30 seconds (max_rss 31.2 MiB, delta_rss +24.9 MiB)
# Building complex block graph
# Building complex block graph took 0.06 seconds (max_rss 39.8 MiB, delta_rss +8.6 MiB)
# Load circuit
# Load circuit took 0.02 seconds (max_rss 42.3 MiB, delta_rss +2.6 MiB)
# Clean circuit
Absorbed 2271 LUT buffers
Inferred  106 additional primitive pins as constant generators since they have no combinationally connected inputs
Inferred   40 additional primitive pins as constant generators due to constant inputs
Inferred    0 additional primitive pins as constant generators since they have no combinationally connected inputs
Inferred    0 additional primitive pins as constant generators due to constant inputs
Inferred    0 additional primitive pins as constant generators since they have no combinationally connected inputs
Inferred    0 additional primitive pins as constant generators due to constant inputs
Swept input(s)      : 0
Swept output(s)     : 0 (0 dangling, 0 constant)
Swept net(s)        : 141
Swept block(s)      : 1
Constant Pins Marked: 146
# Clean circuit took 0.02 seconds (max_rss 50.6 MiB, delta_rss +8.2 MiB)
# Compress circuit
# Compress circuit took 0.00 seconds (max_rss 50.6 MiB, delta_rss +0.0 MiB)
# Verify circuit
# Verify circuit took 0.00 seconds (max_rss 50.6 MiB, delta_rss +0.0 MiB)
Circuit Statistics:
  Blocks: 275
    .output   :       7
    ASSP      :       1
    BIDIR_CELL:       7
    C_FRAG    :      46
    F_FRAG    :       1
    GND       :       1
    Q_FRAG    :      60
    T_FRAG    :     151
    VCC       :       1
  Nets  : 268
    Avg Fanout:     8.5
    Max Fanout:   852.0
    Min Fanout:     1.0
  Netlist Clocks: 1
# Build Timing Graph
  Timing Graph Nodes: 2535
  Timing Graph Edges: 4239
  Timing Graph Levels: 24
# Build Timing Graph took 0.00 seconds (max_rss 50.6 MiB, delta_rss +0.0 MiB)
Netlist contains 1 clocks
  Netlist Clock 'clk' Fanout: 60 pins (2.4%), 60 blocks (21.8%)
# Load Timing Constraints

SDC file '/home/srinivaas/vaman/vaman_exp/decade_counter/build/decade_dummy.sdc' contained no SDC commands
Setting default timing constraints:
   * constrain all primay inputs and primary outputs on netlist clock 'clk'
   * optimize netlist clock to run as fast as possible
Timing constraints created 1 clocks
  Constrained Clock 'clk' Source: 'u_qlal4s3b_cell_macro.Sys_Clk0[0]'

# Load Timing Constraints took 0.00 seconds (max_rss 50.6 MiB, delta_rss +0.0 MiB)
Timing analysis: ON
Circuit netlist file: decade.net
Circuit placement file: decade.place
Circuit routing file: decade.route
Circuit SDC file: /home/srinivaas/vaman/vaman_exp/decade_counter/build/decade_dummy.sdc

Packer: ENABLED
Placer: ENABLED
Router: DISABLED
Analysis: DISABLED

NetlistOpts.abosrb_buffer_luts            : true
NetlistOpts.sweep_dangling_primary_ios    : true
NetlistOpts.sweep_dangling_nets           : true
NetlistOpts.sweep_dangling_blocks         : true
NetlistOpts.sweep_constant_primary_outputs: false
NetlistOpts.netlist_verbosity             : 1
NetlistOpts.const_gen_inference           : COMB_SEQ

PackerOpts.allow_unrelated_clustering: auto
PackerOpts.alpha_clustering: 0.750000
PackerOpts.beta_clustering: 0.900000
PackerOpts.cluster_seed_type: BLEND2
PackerOpts.connection_driven: true
PackerOpts.global_clocks: true
PackerOpts.hill_climbing_flag: false
PackerOpts.inter_cluster_net_delay: 1.000000
PackerOpts.timing_driven: true
PackerOpts.target_external_pin_util: auto

PlacerOpts.place_freq: PLACE_ONCE
PlacerOpts.place_algorithm: CRITICALITY_TIMING_PLACE
PlacerOpts.pad_loc_type: FREE
PlacerOpts.constraints_file: Using constraints file 'decade_constraints.place'
PlacerOpts.place_cost_exp: 1.000000
PlacerOpts.place_chan_width: 100
PlacerOpts.inner_loop_recompute_divider: 0
PlacerOpts.recompute_crit_iter: 1
PlacerOpts.timing_tradeoff: 0.500000
PlacerOpts.td_place_exp_first: 1.000000
PlacerOpts.td_place_exp_last: 8.000000
PlacerOpts.delay_offset: 0.000000
PlacerOpts.delay_ramp_delta_threshold: -1
PlacerOpts.delay_ramp_slope: 0.000000
PlacerOpts.tsu_rel_margin: 1.000000
PlacerOpts.tsu_abs_margin: 0.000000
PlacerOpts.post_place_timing_report_file: 
PlacerOpts.allowed_tiles_for_delay_model: 
PlacerOpts.delay_model_reducer: MIN
PlacerOpts.delay_model_type: DELTA_OVERRIDE
PlacerOpts.rlim_escape_fraction: 0.000000
PlacerOpts.move_stats_file: 
PlacerOpts.placement_saves_per_temperature: 0
PlacerOpts.effort_scaling: CIRCUIT
PlacerOpts.place_delta_delay_matrix_calculation_method: ASTAR_ROUTE
PlaceOpts.seed: 1
AnnealSched.type: AUTO_SCHED
AnnealSched.inner_num: 1.000000

RoutingArch.directionality: BI_DIRECTIONAL
RoutingArch.switch_block_type: WILTON
RoutingArch.Fs: 3

# Load Packing
Begin loading packed FPGA netlist file.
Netlist generated from file 'decade.net'.
Detected 2 constant generators (to see names run with higher pack verbosity)
Finished loading packed FPGA netlist file (took 0.045965 seconds).
# Load Packing took 0.05 seconds (max_rss 53.5 MiB, delta_rss +2.9 MiB)
Warning 1: Netlist contains 0 global net to non-global architecture pin connections
Warning 2: Logic block #130 ($false) has only 1 output pin '$false.GND0_GND[0]'. It may be a constant generator.
Warning 3: Logic block #131 ($true) has only 1 output pin '$true.VCC0_VCC[0]'. It may be a constant generator.

Netlist num_nets: 205
Netlist num_blocks: 132
Netlist EMPTY blocks: 0.
Netlist PB-SYN_GND blocks: 1.
Netlist PB-BIDIR blocks: 7.
Netlist PB-ASSP blocks: 1.
Netlist PB-LOGIC blocks: 122.
Netlist PB-SDIOMUX blocks: 0.
Netlist PB-MULT blocks: 0.
Netlist PB-GMUX blocks: 0.
Netlist PB-CLOCK blocks: 0.
Netlist PB-RAM blocks: 0.
Netlist PB-SYN_VCC blocks: 1.
Netlist inputs pins: 0
Netlist output pins: 21


Pb types usage...
  PB-SYN_GND        : 1
   GND              : 1
  PB-BIDIR          : 7
   BIDIR            : 7
    OUTPUT          : 7
     bidir          : 7
     outpad         : 7
  PB-ASSP           : 1
   ASSP             : 1
  PB-LOGIC          : 122
   LOGIC            : 122
    FRAGS           : 122
     c_frag_modes   : 122
      SINGLE        : 46
       c_frag       : 46
      SPLIT         : 76
       b_frag       : 76
       t_frag       : 75
     f_frag         : 1
     q_frag_modes   : 60
      INT           : 56
       q_frag       : 56
      EXT           : 4
       q_frag       : 4
  PB-SYN_VCC        : 1
   VCC              : 1

# Create Device
## Build Device Grid
FPGA sized to 39 x 35: 1365 grid tiles (ql-eos-s3)

Resource usage...
	Netlist
		1	blocks of type: PB-SYN_GND
	Architecture
		1	blocks of type: TL-SYN_GND
	Netlist
		7	blocks of type: PB-BIDIR
	Architecture
		32	blocks of type: TL-BIDIR
	Netlist
		1	blocks of type: PB-ASSP
	Architecture
		1	blocks of type: TL-ASSP
	Netlist
		122	blocks of type: PB-LOGIC
	Architecture
		891	blocks of type: TL-LOGIC
	Netlist
		0	blocks of type: PB-SDIOMUX
	Architecture
		14	blocks of type: TL-SDIOMUX
	Netlist
		0	blocks of type: PB-MULT
	Architecture
		2	blocks of type: TL-MULT
	Netlist
		0	blocks of type: PB-GMUX
	Architecture
		5	blocks of type: TL-GMUX
	Netlist
		0	blocks of type: PB-CLOCK
	Architecture
		5	blocks of type: TL-CLOCK
	Netlist
		0	blocks of type: PB-RAM
	Architecture
		4	blocks of type: TL-RAM
	Netlist
		1	blocks of type: PB-SYN_VCC
	Architecture
		1	blocks of type: TL-SYN_VCC

Device Utilization: 0.10 (target 1.00)
	Physical Tile TL-LOGIC:
	Block Utilization: 0.14 Logical Block: PB-LOGIC
	Physical Tile TL-RAM:
	Block Utilization: 0.00 Logical Block: PB-RAM
	Physical Tile TL-MULT:
	Block Utilization: 0.00 Logical Block: PB-MULT
	Physical Tile TL-BIDIR:
	Block Utilization: 0.22 Logical Block: PB-BIDIR
	Physical Tile TL-CLOCK:
	Block Utilization: 0.00 Logical Block: PB-CLOCK
	Physical Tile TL-SDIOMUX:
	Block Utilization: 0.00 Logical Block: PB-SDIOMUX
	Physical Tile TL-GMUX:
	Block Utilization: 0.00 Logical Block: PB-GMUX
	Physical Tile TL-ASSP:
	Block Utilization: 1.00 Logical Block: PB-ASSP
	Physical Tile TL-SYN_VCC:
	Block Utilization: 1.00 Logical Block: PB-SYN_VCC
	Physical Tile TL-SYN_GND:
	Block Utilization: 1.00 Logical Block: PB-SYN_GND

## Build Device Grid took 0.00 seconds (max_rss 53.9 MiB, delta_rss +0.0 MiB)
## Loading routing resource graph


## Loading routing resource graph took 0.46 seconds (max_rss 356.1 MiB, delta_rss +302.2 MiB)
  RR Graph Nodes: 1396446
  RR Graph Edges: 2337988
# Create Device took 0.93 seconds (max_rss 360.0 MiB, delta_rss +306.1 MiB)

# Computing router lookahead map
## Computing wire lookahead
Warning 4: Unable to find any sample location for segment CHANX type 'generic' (length 1)
Warning 5: Unable to find any sample location for segment CHANY type 'generic' (length 1)
Warning 6: Unable to find any sample location for segment CHANX type 'pad' (length 1)
Warning 7: Unable to find any sample location for segment CHANY type 'pad' (length 1)
## Computing wire lookahead took 15.83 seconds (max_rss 360.0 MiB, delta_rss +0.0 MiB)
## Computing src/opin lookahead
## Computing src/opin lookahead took 0.00 seconds (max_rss 360.0 MiB, delta_rss +0.0 MiB)
# Computing router lookahead map took 15.83 seconds (max_rss 360.0 MiB, delta_rss +0.0 MiB)
# Placement
## Computing placement delta delay look-up
  RR Graph Nodes: 1396446
  RR Graph Edges: 2337988
## Computing placement delta delay look-up took 0.48 seconds (max_rss 408.1 MiB, delta_rss +48.1 MiB)
Warning 8: CHANX place cost fac is 0 at 2 2
Warning 9: CHANX place cost fac is 0 at 34 34
Warning 10: CHANY place cost fac is 0 at 38 38
## Initial Placement
Reading decade_constraints.place.

Successfully read decade_constraints.place.

## Initial Placement took 0.00 seconds (max_rss 408.1 MiB, delta_rss +0.0 MiB)

There are 2129 point to point connections in this circuit.


BB estimate of min-dist (placement) wire length: 9146

Completed placement consistency check successfully.
Initial placement cost: 1 bb_cost: 13.5253 td_cost: 4.51906e-06
Initial placement estimated Critical Path Delay (CPD): 106.818 ns
Initial placement estimated setup Total Negative Slack (sTNS): -7424.27 ns
Initial placement estimated setup Worst Negative Slack (sWNS): -106.818 ns

Initial placement estimated setup slack histogram:
[ -1.1e-07: -9.8e-08)  4 (  4.2%) |*****
[ -9.8e-08: -8.9e-08) 23 ( 24.0%) |******************************
[ -8.9e-08:   -8e-08) 37 ( 38.5%) |************************************************
[   -8e-08: -7.1e-08)  4 (  4.2%) |*****
[ -7.1e-08: -6.2e-08)  6 (  6.2%) |********
[ -6.2e-08: -5.3e-08)  8 (  8.3%) |**********
[ -5.3e-08: -4.4e-08)  4 (  4.2%) |*****
[ -4.4e-08: -3.5e-08)  7 (  7.3%) |*********
[ -3.5e-08: -2.6e-08)  1 (  1.0%) |*
[ -2.6e-08: -1.7e-08)  2 (  2.1%) |***
Placement contains 0 placement macros involving 0 blocks (average macro size -nan)

Moves per temperature: 671
Warning 11: Starting t: 129 of 132 configurations accepted.

---- ------ ------- ------- ---------- ---------- ------- ---------- -------- ------- ------- ------ -------- --------- ------
Tnum   Time       T Av Cost Av BB Cost Av TD Cost     CPD       sTNS     sWNS Ac Rate Std Dev  R lim Crit Exp Tot Moves  Alpha
      (sec)                                          (ns)       (ns)     (ns)                                                 
---- ------ ------- ------- ---------- ---------- ------- ---------- -------- ------- ------- ------ -------- --------- ------
   1    0.0 3.2e-01   1.020      13.53 4.2731e-06 126.232  -8.54e+03 -126.232   0.972  0.0201   38.0     1.00       671  0.200
   2    0.0 1.6e-01   1.025      13.35 4.3216e-06 120.356  -8.65e+03 -120.356   0.955  0.0160   38.0     1.00      1342  0.500
   3    0.0 1.4e-01   0.997      13.17 4.2212e-06 122.616  -8.57e+03 -122.616   0.967  0.0141   38.0     1.00      2013  0.900
   4    0.0 7.2e-02   0.995      13.16 4.4165e-06 114.133  -8.38e+03 -114.133   0.964  0.0206   38.0     1.00      2684  0.500
   5    0.0 3.6e-02   1.006      13.30 4.5013e-06 100.222  -7.14e+03 -100.222   0.942  0.0313   38.0     1.00      3355  0.500
   6    0.0 3.2e-02   1.006      13.49 4.4462e-06 114.178  -8.21e+03 -114.178   0.955  0.0152   38.0     1.00      4026  0.900
   7    0.0 2.9e-02   0.984      12.94 4.3727e-06  95.539  -6.84e+03  -95.539   0.936  0.0125   38.0     1.00      4697  0.900
   8    0.0 2.6e-02   1.023      13.26 4.0899e-06 111.458  -7.79e+03 -111.458   0.939  0.0140   38.0     1.00      5368  0.900
   9    0.0 2.4e-02   0.972      13.20 4.3683e-06 103.976  -7.62e+03 -103.976   0.930  0.0156   38.0     1.00      6039  0.900
  10    0.0 2.1e-02   0.999      13.19 3.8578e-06 120.098  -8.29e+03 -120.098   0.930  0.0105   38.0     1.00      6710  0.900
  11    0.0 1.9e-02   1.009      12.98 4.0739e-06 106.079  -7.33e+03 -106.079   0.897  0.0195   38.0     1.00      7381  0.900
  12    0.0 1.7e-02   1.010      13.39 4.1806e-06 107.483  -7.65e+03 -107.483   0.925  0.0107   38.0     1.00      8052  0.900
  13    0.0 1.5e-02   0.976      13.15 4.0526e-06 110.863  -7.82e+03 -110.863   0.903  0.0180   38.0     1.00      8723  0.900
  14    0.0 1.4e-02   0.989      12.98 3.8708e-06 117.737  -8.19e+03 -117.737   0.882  0.0138   38.0     1.00      9394  0.900
  15    0.0 1.3e-02   0.978      12.77 4.1654e-06 106.227  -7.75e+03 -106.227   0.869  0.0203   38.0     1.00     10065  0.900
  16    0.0 1.1e-02   0.991      12.40 3.6229e-06 117.853  -7.75e+03 -117.853   0.849  0.0191   38.0     1.00     10736  0.900
  17    0.0 1.0e-02   1.036      12.72 4.235e-06   97.324  -7.12e+03  -97.324   0.835  0.0193   38.0     1.00     11407  0.900
  18    0.0 9.1e-03   0.990      12.62 4.0826e-06 106.564  -7.68e+03 -106.564   0.824  0.0150   38.0     1.00     12078  0.900
  19    0.0 8.2e-03   0.991      12.58 4.0285e-06 104.668  -7.37e+03 -104.668   0.827  0.0278   38.0     1.00     12749  0.900
  20    0.0 7.4e-03   0.980      12.46 3.9068e-06 118.786  -7.81e+03 -118.786   0.791  0.0160   38.0     1.00     13420  0.900
  21    0.0 7.0e-03   1.017      12.63 3.677e-06  107.591  -7.02e+03 -107.591   0.782  0.0205   38.0     1.00     14091  0.950
  22    0.0 6.7e-03   0.995      12.61 3.9096e-06 107.612  -7.64e+03 -107.612   0.782  0.0172   38.0     1.00     14762  0.950
  23    0.0 6.4e-03   1.004      12.17 3.8396e-06 110.625  -7.72e+03 -110.625   0.773  0.0217   38.0     1.00     15433  0.950
  24    0.0 6.0e-03   0.991      12.24 3.9813e-06  96.029  -6.96e+03  -96.029   0.768  0.0178   38.0     1.00     16104  0.950
  25    0.0 5.7e-03   1.010      12.12 3.9904e-06  96.788  -6.76e+03  -96.788   0.735  0.0103   38.0     1.00     16775  0.950
  26    0.0 5.4e-03   0.970      11.95 3.9724e-06  97.119   -7.2e+03  -97.119   0.736  0.0221   38.0     1.00     17446  0.950
  27    0.0 5.2e-03   1.005      11.97 3.6158e-06 109.079  -7.93e+03 -109.079   0.714  0.0189   38.0     1.00     18117  0.950
  28    0.0 4.9e-03   0.970      11.99 3.6137e-06 108.914  -7.39e+03 -108.914   0.724  0.0168   38.0     1.00     18788  0.950
  29    0.0 4.7e-03   0.975      11.87 3.7937e-06 105.957  -7.78e+03 -105.957   0.668  0.0152   38.0     1.00     19459  0.950
  30    0.0 4.4e-03   1.010      12.01 3.9244e-06  94.320  -7.01e+03  -94.320   0.668  0.0152   38.0     1.00     20130  0.950
  31    0.0 4.2e-03   0.975      11.65 4.0177e-06  87.126  -6.76e+03  -87.126   0.656  0.0222   38.0     1.00     20801  0.950
  32    0.0 4.0e-03   1.044      11.58 3.6368e-06  93.444  -6.67e+03  -93.444   0.629  0.0209   38.0     1.00     21472  0.950
  33    0.0 3.8e-03   0.974      11.68 3.7945e-06  91.320  -6.56e+03  -91.320   0.639  0.0197   38.0     1.00     22143  0.950
  34    0.0 3.6e-03   1.004      11.37 3.5744e-06  97.138  -6.69e+03  -97.138   0.586  0.0132   38.0     1.00     22814  0.950
  35    0.0 3.4e-03   1.024      11.52 3.8367e-06  91.278  -6.73e+03  -91.278   0.550  0.0189   38.0     1.00     23485  0.950
  36    0.0 3.3e-03   0.987      11.15 3.5091e-06  99.761  -6.98e+03  -99.761   0.534  0.0110   38.0     1.00     24156  0.950
  37    0.0 3.1e-03   1.000      11.16 3.593e-06   92.847  -6.76e+03  -92.847   0.516  0.0213   38.0     1.00     24827  0.950
  38    0.0 2.9e-03   0.980      10.30 3.446e-06   97.697  -7.03e+03  -97.697   0.450  0.0114   38.0     1.00     25498  0.950
  39    0.0 2.8e-03   1.028      10.70 3.4576e-06  92.169  -6.08e+03  -92.169   0.484  0.0249   38.0     1.00     26169  0.950
  40    0.0 2.7e-03   0.972      10.85 3.5995e-06  92.241  -6.56e+03  -92.241   0.447  0.0127   38.0     1.00     26840  0.950
  41    0.0 2.5e-03   0.985      10.45 3.4774e-06  92.706  -6.76e+03  -92.706   0.441  0.0069   38.0     1.00     27511  0.950
  42    0.0 2.4e-03   0.958       9.88 3.2827e-06  90.126  -6.42e+03  -90.126   0.396  0.0138   38.0     1.00     28182  0.950
  43    0.0 2.3e-03   0.995       9.47 2.8813e-06  90.422  -6.27e+03  -90.422   0.365  0.0095   36.3     1.31     28853  0.950
  44    0.0 2.2e-03   1.001       9.53 2.7654e-06  80.693  -6.01e+03  -80.693   0.358  0.0063   33.6     1.83     29524  0.950
  45    0.0 2.1e-03   0.973       9.42 2.365e-06   81.182  -5.95e+03  -81.182   0.337  0.0195   30.9     2.35     30195  0.950
  46    0.0 2.0e-03   1.010       9.24 2.1337e-06  76.009  -5.64e+03  -76.009   0.273  0.0092   27.7     2.95     30866  0.950
  47    0.0 1.9e-03   0.982       9.02 1.7304e-06  80.191  -5.87e+03  -80.191   0.332  0.0133   23.0     3.83     31537  0.950
  48    0.0 1.8e-03   1.004       8.80 1.4696e-06  82.112  -5.82e+03  -82.112   0.285  0.0087   20.6     4.30     32208  0.950
  49    0.0 1.7e-03   0.992       8.55 1.5006e-06  74.912  -5.66e+03  -74.912   0.279  0.0110   17.4     4.90     32879  0.950
  50    0.0 1.6e-03   0.962       8.13 1.4277e-06  74.960  -5.61e+03  -74.960   0.265  0.0166   14.6     5.43     33550  0.950
  51    0.0 1.5e-03   0.974       7.82 1.0637e-06  81.482  -6.04e+03  -81.482   0.277  0.0107   12.0     5.91     34221  0.950
  52    0.0 1.4e-03   0.993       7.74 1.1536e-06  71.814  -5.38e+03  -71.814   0.286  0.0104   10.1     6.29     34892  0.950
  53    0.0 1.4e-03   0.988       7.57 8.7527e-07  72.474  -5.31e+03  -72.474   0.307  0.0155    8.5     6.58     35563  0.950
  54    0.0 1.3e-03   0.985       7.37 1.0197e-06  70.821  -5.23e+03  -70.821   0.310  0.0083    7.4     6.79     36234  0.950
  55    0.0 1.2e-03   0.960       6.98 1.0754e-06  70.447  -5.28e+03  -70.447   0.331  0.0135    6.4     6.97     36905  0.950
  56    0.0 1.2e-03   0.996       6.83 9.2124e-07  65.998  -4.78e+03  -65.998   0.346  0.0067    5.7     7.11     37576  0.950
  57    0.0 1.1e-03   0.980       6.94 8.2817e-07  71.777   -5.2e+03  -71.777   0.379  0.0131    5.2     7.21     38247  0.950
  58    0.0 1.1e-03   1.007       6.95 9.6331e-07  67.416  -4.97e+03  -67.416   0.426  0.0091    4.9     7.27     38918  0.950
  59    0.0 1.0e-03   0.991       7.01 1.0658e-06  65.355     -5e+03  -65.355   0.414  0.0075    4.8     7.28     39589  0.950
  60    0.0 9.5e-04   0.977       6.87 8.4516e-07  69.424  -5.15e+03  -69.424   0.365  0.0082    4.7     7.30     40260  0.950
  61    0.0 9.0e-04   0.980       6.67 8.8891e-07  67.579  -5.05e+03  -67.579   0.344  0.0139    4.3     7.37     40931  0.950
  62    0.0 8.6e-04   0.984       6.38 1.0312e-06  61.692  -4.66e+03  -61.692   0.401  0.0082    3.9     7.45     41602  0.950
  63    0.0 8.2e-04   0.986       6.20 1.0121e-06  64.267  -4.85e+03  -64.267   0.335  0.0050    3.8     7.48     42273  0.950
  64    0.0 7.8e-04   0.988       6.01 8.6316e-07  60.466  -4.59e+03  -60.466   0.358  0.0056    3.4     7.55     42944  0.950
  65    0.0 7.4e-04   0.992       5.91 1.093e-06   61.235  -4.67e+03  -61.235   0.328  0.0025    3.1     7.61     43615  0.950
  66    0.0 7.0e-04   0.996       5.90 9.419e-07   61.232   -4.6e+03  -61.232   0.432  0.0038    2.7     7.67     44286  0.950
  67    0.0 6.6e-04   0.987       5.81 8.7309e-07  60.935  -4.58e+03  -60.935   0.380  0.0043    2.7     7.67     44957  0.950
  68    0.0 6.3e-04   0.985       5.70 8.7656e-07  60.533  -4.48e+03  -60.533   0.349  0.0053    2.6     7.71     45628  0.950
  69    0.0 6.0e-04   1.002       5.70 8.7567e-07  62.349  -4.65e+03  -62.349   0.332  0.0040    2.3     7.75     46299  0.950
  70    0.0 5.7e-04   0.990       5.69 8.8189e-07  62.386  -4.63e+03  -62.386   0.328  0.0047    2.1     7.80     46970  0.950
  71    0.0 5.4e-04   0.992       5.62 8.3857e-07  60.952  -4.45e+03  -60.952   0.434  0.0052    1.8     7.84     47641  0.950
  72    0.0 5.1e-04   0.989       5.51 8.7924e-07  64.028  -4.67e+03  -64.028   0.437  0.0062    1.8     7.84     48312  0.950
  73    0.0 4.9e-04   0.993       5.43 9.1832e-07  61.791  -4.65e+03  -61.791   0.373  0.0051    1.8     7.84     48983  0.950
  74    0.0 4.6e-04   1.000       5.37 1.0559e-06  55.792  -4.34e+03  -55.792   0.359  0.0021    1.7     7.87     49654  0.950
  75    0.0 4.4e-04   0.993       5.37 8.5715e-07  60.976   -4.5e+03  -60.976   0.387  0.0043    1.6     7.89     50325  0.950
  76    0.0 4.2e-04   0.990       5.30 8.4057e-07  60.260  -4.42e+03  -60.260   0.337  0.0045    1.5     7.91     50996  0.950
  77    0.0 4.0e-04   0.997       5.26 1.0277e-06  54.834  -4.23e+03  -54.834   0.352  0.0042    1.3     7.94     51667  0.950
  78    0.0 3.8e-04   0.995       5.22 8.667e-07   55.287  -4.14e+03  -55.287   0.332  0.0023    1.2     7.96     52338  0.950
  79    0.0 3.6e-04   0.993       5.18 9.124e-07   56.716  -4.26e+03  -56.716   0.308  0.0043    1.1     7.98     53009  0.950
  80    0.0 3.4e-04   0.998       5.13 9.4306e-07  54.172  -4.07e+03  -54.172   0.235  0.0019    1.0     8.00     53680  0.950
  81    0.0 3.2e-04   0.996       5.15 8.9148e-07  55.854  -4.12e+03  -55.854   0.237  0.0021    1.0     8.00     54351  0.950
  82    0.0 3.1e-04   0.998       5.17 9.3141e-07  55.377  -4.15e+03  -55.377   0.274  0.0022    1.0     8.00     55022  0.950
  83    0.0 2.9e-04   0.998       5.14 8.6319e-07  55.671  -4.16e+03  -55.671   0.203  0.0018    1.0     8.00     55693  0.950
  84    0.0 2.8e-04   0.995       5.08 8.4974e-07  53.585  -4.02e+03  -53.585   0.161  0.0032    1.0     8.00     56364  0.950
  85    0.0 2.6e-04   0.996       5.07 9.3005e-07  53.000  -4.03e+03  -53.000   0.197  0.0017    1.0     8.00     57035  0.950
  86    0.0 2.5e-04   0.996       5.10 9.4446e-07  55.227  -4.15e+03  -55.227   0.162  0.0033    1.0     8.00     57706  0.950
  87    0.0 2.4e-04   0.996       5.06 9.113e-07   55.829  -4.18e+03  -55.829   0.148  0.0019    1.0     8.00     58377  0.950
  88    0.0 1.9e-04   0.999       5.06 8.9046e-07  54.429  -4.11e+03  -54.429   0.155  0.0016    1.0     8.00     59048  0.800
  89    0.0 1.8e-04   0.996       5.05 9.2554e-07  53.530  -4.05e+03  -53.530   0.109  0.0025    1.0     8.00     59719  0.950
  90    0.0 1.4e-04   0.997       5.02 8.5615e-07  53.366  -4.04e+03  -53.366   0.083  0.0021    1.0     8.00     60390  0.800
  91    0.0 1.2e-04   0.998       5.02 8.6165e-07  52.967  -3.97e+03  -52.967   0.077  0.0009    1.0     8.00     61061  0.800
  92    0.0 9.3e-05   0.998       4.99 9.4433e-07  53.599  -4.03e+03  -53.599   0.058  0.0010    1.0     8.00     61732  0.800
  93    0.0 7.4e-05   0.998       4.98 9.4992e-07  53.449  -4.02e+03  -53.449   0.049  0.0010    1.0     8.00     62403  0.800
  94    0.0 5.9e-05   0.999       4.98 9.6208e-07  53.449  -4.04e+03  -53.449   0.057  0.0005    1.0     8.00     63074  0.800
  95    0.0 4.7e-05   0.999       4.97 9.6495e-07  53.196  -4.02e+03  -53.196   0.036  0.0007    1.0     8.00     63745  0.800
  96    0.0 3.8e-05   0.999       4.95 9.691e-07   53.196  -4.02e+03  -53.196   0.045  0.0007    1.0     8.00     64416  0.800
  97    0.0 3.0e-05   0.999       4.96 9.6518e-07  53.196  -4.02e+03  -53.196   0.034  0.0006    1.0     8.00     65087  0.800
  98    0.0 0.0e+00   0.999       4.94 9.4593e-07  53.345     -4e+03  -53.345   0.024  0.0006    1.0     8.00     65758  0.800
## Placement Quench took 0.00 seconds (max_rss 408.1 MiB)

BB estimate of min-dist (placement) wire length: 3217

Completed placement consistency check successfully.

Swaps called: 65890

Aborted Move Reasons:
  No moves aborted

Placement estimated critical path delay (least slack): 53.4492 ns, Fmax: 18.7094 MHz
Placement estimated setup Worst Negative Slack (sWNS): -53.4492 ns
Placement estimated setup Total Negative Slack (sTNS): -4017.44 ns

Placement estimated setup slack histogram:
[ -5.3e-08: -4.9e-08) 30 ( 31.2%) |************************************************
[ -4.9e-08: -4.4e-08) 30 ( 31.2%) |************************************************
[ -4.4e-08:   -4e-08)  8 (  8.3%) |*************
[   -4e-08: -3.5e-08)  5 (  5.2%) |********
[ -3.5e-08: -3.1e-08)  6 (  6.2%) |**********
[ -3.1e-08: -2.6e-08)  3 (  3.1%) |*****
[ -2.6e-08: -2.1e-08)  5 (  5.2%) |********
[ -2.1e-08: -1.7e-08)  4 (  4.2%) |******
[ -1.7e-08: -1.2e-08)  2 (  2.1%) |***
[ -1.2e-08: -7.8e-09)  3 (  3.1%) |*****

Placement estimated geomean non-virtual intra-domain period: 53.4492 ns (18.7094 MHz)
Placement estimated fanout-weighted geomean non-virtual intra-domain period: 53.4492 ns (18.7094 MHz)

Placement cost: 0.997881, bb_cost: 4.94405, td_cost: 9.592e-07, 

Placement resource usage:
  PB-SYN_GND implemented as TL-SYN_GND: 1
  PB-BIDIR   implemented as TL-BIDIR  : 7
  PB-ASSP    implemented as TL-ASSP   : 1
  PB-LOGIC   implemented as TL-LOGIC  : 122
  PB-SYN_VCC implemented as TL-SYN_VCC: 1

Placement number of temperatures: 98
Placement total # of swap attempts: 65890
	Swaps accepted: 31637 (48.0 %)
	Swaps rejected: 32639 (49.5 %)
	Swaps aborted :  1614 ( 2.4 %)
Placement Quench timing analysis took 0.000389624 seconds (0.000300756 STA, 8.8868e-05 slack) (1 full updates: 1 setup, 0 hold, 0 combined).
Placement Total  timing analysis took 0.0399483 seconds (0.0314242 STA, 0.00852409 slack) (100 full updates: 100 setup, 0 hold, 0 combined).
update_td_costs: connections 0 nets 0 sum_nets 0 total 0
Incr Slack updates 100 in 0.00305458 sec
Full Max Req/Worst Slack updates 79 in 0.000292188 sec
Incr Max Req/Worst Slack updates 21 in 8.1558e-05 sec
Incr Criticality updates 3 in 0.000111445 sec
Full Criticality updates 97 in 0.0044069 sec
# Placement took 0.68 seconds (max_rss 408.1 MiB, delta_rss +48.1 MiB)

Flow timing analysis took 0.0399483 seconds (0.0314242 STA, 0.00852409 slack) (100 full updates: 100 setup, 0 hold, 0 combined).
VPR succeeded
The entire flow of VPR took 17.92 seconds (max_rss 408.1 MiB)
