VPR FPGA Placement and Routing.
Version: 8.1.0-dev+dadca7ecf
Revision: v8.0.0-rc2-2894-gdadca7ecf
Compiled: 2020-10-14T15:08:54
Compiler: GNU 7.3.0 on Linux-4.15.0-1028-gcp x86_64
Build Info: Release IPO VTR_ASSERT_LEVEL=2

University of Toronto
verilogtorouting.org
vtr-users@googlegroups.com
This is free open source code under MIT license.

VPR was run with the following command-line:
vpr /home/srinivaas/qorc-sdk/fpga_toolchain_install/v1.3.1/quicklogic-arch-defs/share/arch/ql-eos-s3_wlcsp/arch.timing.xml decade.eblif --device ql-eos-s3 --max_router_iterations 500 --routing_failure_predictor off --router_high_fanout_threshold -1 --constant_net_method route --route_chan_width 100 --clock_modeling route --place_delay_model delta_override --router_lookahead map --check_route quick --strict_checks off --allow_dangling_combinational_nodes on --disable_errors check_unbuffered_edges:check_route --congested_routing_iteration_threshold 0.8 --incremental_reroute_delay_ripup off --base_cost_type delay_normalized_length_bounded --bb_factor 10 --initial_pres_fac 4.0 --check_rr_graph off --suppress_warnings ,sum_pin_class:check_unbuffered_edges:load_rr_indexed_data_T_values:check_rr_node:trans_per_R:check_route:set_rr_graph_tool_comment:warn_model_missing_timing --read_rr_graph /home/srinivaas/qorc-sdk/fpga_toolchain_install/v1.3.1/quicklogic-arch-defs/share/arch/ql-eos-s3_wlcsp/rr_graph_ql-eos-s3_wlcsp.rr_graph.real.bin --read_placement_delay_lookup /home/srinivaas/qorc-sdk/fpga_toolchain_install/v1.3.1/quicklogic-arch-defs/share/arch/ql-eos-s3_wlcsp/rr_graph_ql-eos-s3_wlcsp.place_delay.bin --sdc_file /home/srinivaas/vaman/vaman_exp/decade_counter/build/decade_dummy.sdc --route

Using up to 1 parallel worker(s)

Architecture file: /home/srinivaas/qorc-sdk/fpga_toolchain_install/v1.3.1/quicklogic-arch-defs/share/arch/ql-eos-s3_wlcsp/arch.timing.xml
Circuit name: decade

# Loading Architecture Description
# Loading Architecture Description took 0.30 seconds (max_rss 30.9 MiB, delta_rss +24.5 MiB)
# Building complex block graph
# Building complex block graph took 0.06 seconds (max_rss 39.7 MiB, delta_rss +8.9 MiB)
# Load circuit
# Load circuit took 0.01 seconds (max_rss 42.3 MiB, delta_rss +2.6 MiB)
# Clean circuit
Absorbed 2271 LUT buffers
Inferred  106 additional primitive pins as constant generators since they have no combinationally connected inputs
Inferred   40 additional primitive pins as constant generators due to constant inputs
Inferred    0 additional primitive pins as constant generators since they have no combinationally connected inputs
Inferred    0 additional primitive pins as constant generators due to constant inputs
Inferred    0 additional primitive pins as constant generators since they have no combinationally connected inputs
Inferred    0 additional primitive pins as constant generators due to constant inputs
Swept input(s)      : 0
Swept output(s)     : 0 (0 dangling, 0 constant)
Swept net(s)        : 141
Swept block(s)      : 1
Constant Pins Marked: 146
# Clean circuit took 0.02 seconds (max_rss 50.6 MiB, delta_rss +8.2 MiB)
# Compress circuit
# Compress circuit took 0.00 seconds (max_rss 50.6 MiB, delta_rss +0.0 MiB)
# Verify circuit
# Verify circuit took 0.00 seconds (max_rss 50.6 MiB, delta_rss +0.0 MiB)
Circuit Statistics:
  Blocks: 275
    .output   :       7
    ASSP      :       1
    BIDIR_CELL:       7
    C_FRAG    :      46
    F_FRAG    :       1
    GND       :       1
    Q_FRAG    :      60
    T_FRAG    :     151
    VCC       :       1
  Nets  : 268
    Avg Fanout:     8.5
    Max Fanout:   852.0
    Min Fanout:     1.0
  Netlist Clocks: 1
# Build Timing Graph
  Timing Graph Nodes: 2535
  Timing Graph Edges: 4239
  Timing Graph Levels: 24
# Build Timing Graph took 0.00 seconds (max_rss 50.6 MiB, delta_rss +0.0 MiB)
Netlist contains 1 clocks
  Netlist Clock 'clk' Fanout: 60 pins (2.4%), 60 blocks (21.8%)
# Load Timing Constraints

SDC file '/home/srinivaas/vaman/vaman_exp/decade_counter/build/decade_dummy.sdc' contained no SDC commands
Setting default timing constraints:
   * constrain all primay inputs and primary outputs on netlist clock 'clk'
   * optimize netlist clock to run as fast as possible
Timing constraints created 1 clocks
  Constrained Clock 'clk' Source: 'u_qlal4s3b_cell_macro.Sys_Clk0[0]'

# Load Timing Constraints took 0.00 seconds (max_rss 50.6 MiB, delta_rss +0.0 MiB)
Timing analysis: ON
Circuit netlist file: decade.net
Circuit placement file: decade.place
Circuit routing file: decade.route
Circuit SDC file: /home/srinivaas/vaman/vaman_exp/decade_counter/build/decade_dummy.sdc

Packer: ENABLED
Placer: ENABLED
Router: ENABLED
Analysis: ENABLED

NetlistOpts.abosrb_buffer_luts            : true
NetlistOpts.sweep_dangling_primary_ios    : true
NetlistOpts.sweep_dangling_nets           : true
NetlistOpts.sweep_dangling_blocks         : true
NetlistOpts.sweep_constant_primary_outputs: false
NetlistOpts.netlist_verbosity             : 1
NetlistOpts.const_gen_inference           : COMB_SEQ

PackerOpts.allow_unrelated_clustering: auto
PackerOpts.alpha_clustering: 0.750000
PackerOpts.beta_clustering: 0.900000
PackerOpts.cluster_seed_type: BLEND2
PackerOpts.connection_driven: true
PackerOpts.global_clocks: true
PackerOpts.hill_climbing_flag: false
PackerOpts.inter_cluster_net_delay: 1.000000
PackerOpts.timing_driven: true
PackerOpts.target_external_pin_util: auto

PlacerOpts.place_freq: PLACE_ONCE
PlacerOpts.place_algorithm: CRITICALITY_TIMING_PLACE
PlacerOpts.pad_loc_type: FREE
PlacerOpts.constraints_file: No constraints file given
PlacerOpts.place_cost_exp: 1.000000
PlacerOpts.place_chan_width: 100
PlacerOpts.inner_loop_recompute_divider: 0
PlacerOpts.recompute_crit_iter: 1
PlacerOpts.timing_tradeoff: 0.500000
PlacerOpts.td_place_exp_first: 1.000000
PlacerOpts.td_place_exp_last: 8.000000
PlacerOpts.delay_offset: 0.000000
PlacerOpts.delay_ramp_delta_threshold: -1
PlacerOpts.delay_ramp_slope: 0.000000
PlacerOpts.tsu_rel_margin: 1.000000
PlacerOpts.tsu_abs_margin: 0.000000
PlacerOpts.post_place_timing_report_file: 
PlacerOpts.allowed_tiles_for_delay_model: 
PlacerOpts.delay_model_reducer: MIN
PlacerOpts.delay_model_type: DELTA_OVERRIDE
PlacerOpts.rlim_escape_fraction: 0.000000
PlacerOpts.move_stats_file: 
PlacerOpts.placement_saves_per_temperature: 0
PlacerOpts.effort_scaling: CIRCUIT
PlacerOpts.place_delta_delay_matrix_calculation_method: ASTAR_ROUTE
PlaceOpts.seed: 1
AnnealSched.type: AUTO_SCHED
AnnealSched.inner_num: 1.000000

RouterOpts.route_type: DETAILED
RouterOpts.router_algorithm: TIMING_DRIVEN
RouterOpts.base_cost_type: DELAY_NORMALIZED_LENGTH_BOUNDED
RouterOpts.fixed_channel_width: 100
RouterOpts.check_route: QUICK
RouterOpts.trim_empty_chan: false
RouterOpts.trim_obs_chan: false
RouterOpts.acc_fac: 1.000000
RouterOpts.bb_factor: 10
RouterOpts.bend_cost: 0.000000
RouterOpts.first_iter_pres_fac: 0.000000
RouterOpts.initial_pres_fac: 4.000000
RouterOpts.pres_fac_mult: 1.300000
RouterOpts.max_router_iterations: 500
RouterOpts.min_incremental_reroute_fanout: 16
RouterOpts.do_check_rr_graph: false
RouterOpts.verify_binary_search: false
RouterOpts.min_channel_width_hint: 0
RouterOpts.read_rr_edge_metadata: false
RouterOpts.exit_after_first_routing_iteration: false
RouterOpts.astar_fac: 1.200000
RouterOpts.criticality_exp: 1.000000
RouterOpts.max_criticality: 0.990000
RouterOpts.init_wirelength_abort_threshold: 0.850000
RouterOpts.save_routing_per_iteration: false
RouterOpts.congested_routing_iteration_threshold_frac: 0.800000
RouterOpts.high_fanout_threshold: -1
RouterOpts.router_debug_net: -2
RouterOpts.router_debug_sink_rr: -2
RouterOpts.router_debug_iteration: -2
RouterOpts.max_convergence_count: 1
RouterOpts.reconvergence_cpd_threshold: 0.990000
RouterOpts.update_lower_bound_delays: true
RouterOpts.first_iteration_timing_report_file: 
RouterOpts.incr_reroute_delay_ripup: OFF
RouterOpts.route_bb_update: DYNAMIC
RouterOpts.lookahead_type: MAP
RouterOpts.initial_timing: LOOKAHEAD
RouterOpts.router_heap: BINARY_HEAP
RouterOpts.routing_failure_predictor = OFF
RouterOpts.routing_budgets_algorithm = DISABLE

AnalysisOpts.gen_post_synthesis_netlist: false
AnalysisOpts.timing_report_npaths: 100
AnalysisOpts.timing_report_skew: false
AnalysisOpts.echo_dot_timing_graph_node: -1
AnalysisOpts.timing_report_detail: NETLIST

RoutingArch.directionality: BI_DIRECTIONAL
RoutingArch.switch_block_type: WILTON
RoutingArch.Fs: 3

# Load Packing
Begin loading packed FPGA netlist file.
Netlist generated from file 'decade.net'.
Detected 2 constant generators (to see names run with higher pack verbosity)
Finished loading packed FPGA netlist file (took 0.045128 seconds).
# Load Packing took 0.05 seconds (max_rss 53.5 MiB, delta_rss +2.9 MiB)
Warning 1: Netlist contains 0 global net to non-global architecture pin connections
Warning 2: Logic block #130 ($false) has only 1 output pin '$false.GND0_GND[0]'. It may be a constant generator.
Warning 3: Logic block #131 ($true) has only 1 output pin '$true.VCC0_VCC[0]'. It may be a constant generator.

Netlist num_nets: 205
Netlist num_blocks: 132
Netlist EMPTY blocks: 0.
Netlist PB-SYN_GND blocks: 1.
Netlist PB-BIDIR blocks: 7.
Netlist PB-ASSP blocks: 1.
Netlist PB-LOGIC blocks: 122.
Netlist PB-SDIOMUX blocks: 0.
Netlist PB-MULT blocks: 0.
Netlist PB-GMUX blocks: 0.
Netlist PB-CLOCK blocks: 0.
Netlist PB-RAM blocks: 0.
Netlist PB-SYN_VCC blocks: 1.
Netlist inputs pins: 0
Netlist output pins: 21


Pb types usage...
  PB-SYN_GND        : 1
   GND              : 1
  PB-BIDIR          : 7
   BIDIR            : 7
    OUTPUT          : 7
     bidir          : 7
     outpad         : 7
  PB-ASSP           : 1
   ASSP             : 1
  PB-LOGIC          : 122
   LOGIC            : 122
    FRAGS           : 122
     c_frag_modes   : 122
      SINGLE        : 46
       c_frag       : 46
      SPLIT         : 76
       b_frag       : 76
       t_frag       : 75
     f_frag         : 1
     q_frag_modes   : 60
      INT           : 56
       q_frag       : 56
      EXT           : 4
       q_frag       : 4
  PB-SYN_VCC        : 1
   VCC              : 1

# Create Device
## Build Device Grid
FPGA sized to 39 x 35: 1365 grid tiles (ql-eos-s3)

Resource usage...
	Netlist
		1	blocks of type: PB-SYN_GND
	Architecture
		1	blocks of type: TL-SYN_GND
	Netlist
		7	blocks of type: PB-BIDIR
	Architecture
		32	blocks of type: TL-BIDIR
	Netlist
		1	blocks of type: PB-ASSP
	Architecture
		1	blocks of type: TL-ASSP
	Netlist
		122	blocks of type: PB-LOGIC
	Architecture
		891	blocks of type: TL-LOGIC
	Netlist
		0	blocks of type: PB-SDIOMUX
	Architecture
		14	blocks of type: TL-SDIOMUX
	Netlist
		0	blocks of type: PB-MULT
	Architecture
		2	blocks of type: TL-MULT
	Netlist
		0	blocks of type: PB-GMUX
	Architecture
		5	blocks of type: TL-GMUX
	Netlist
		0	blocks of type: PB-CLOCK
	Architecture
		5	blocks of type: TL-CLOCK
	Netlist
		0	blocks of type: PB-RAM
	Architecture
		4	blocks of type: TL-RAM
	Netlist
		1	blocks of type: PB-SYN_VCC
	Architecture
		1	blocks of type: TL-SYN_VCC

Device Utilization: 0.10 (target 1.00)
	Physical Tile TL-LOGIC:
	Block Utilization: 0.14 Logical Block: PB-LOGIC
	Physical Tile TL-RAM:
	Block Utilization: 0.00 Logical Block: PB-RAM
	Physical Tile TL-MULT:
	Block Utilization: 0.00 Logical Block: PB-MULT
	Physical Tile TL-BIDIR:
	Block Utilization: 0.22 Logical Block: PB-BIDIR
	Physical Tile TL-CLOCK:
	Block Utilization: 0.00 Logical Block: PB-CLOCK
	Physical Tile TL-SDIOMUX:
	Block Utilization: 0.00 Logical Block: PB-SDIOMUX
	Physical Tile TL-GMUX:
	Block Utilization: 0.00 Logical Block: PB-GMUX
	Physical Tile TL-ASSP:
	Block Utilization: 1.00 Logical Block: PB-ASSP
	Physical Tile TL-SYN_VCC:
	Block Utilization: 1.00 Logical Block: PB-SYN_VCC
	Physical Tile TL-SYN_GND:
	Block Utilization: 1.00 Logical Block: PB-SYN_GND

## Build Device Grid took 0.01 seconds (max_rss 53.9 MiB, delta_rss +0.0 MiB)
## Loading routing resource graph


## Loading routing resource graph took 0.44 seconds (max_rss 356.1 MiB, delta_rss +302.2 MiB)
  RR Graph Nodes: 1396446
  RR Graph Edges: 2337988
# Create Device took 0.91 seconds (max_rss 360.0 MiB, delta_rss +306.1 MiB)

# Load Placement
Reading decade.place.

Successfully read decade.place.

# Load Placement took 0.00 seconds (max_rss 360.0 MiB, delta_rss +0.0 MiB)

# Computing router lookahead map
## Computing wire lookahead
Warning 4: Unable to find any sample location for segment CHANX type 'generic' (length 1)
Warning 5: Unable to find any sample location for segment CHANY type 'generic' (length 1)
Warning 6: Unable to find any sample location for segment CHANX type 'pad' (length 1)
Warning 7: Unable to find any sample location for segment CHANY type 'pad' (length 1)
## Computing wire lookahead took 16.48 seconds (max_rss 360.0 MiB, delta_rss +0.0 MiB)
## Computing src/opin lookahead
## Computing src/opin lookahead took 0.00 seconds (max_rss 360.0 MiB, delta_rss +0.0 MiB)
# Computing router lookahead map took 16.48 seconds (max_rss 360.0 MiB, delta_rss +0.0 MiB)
# Routing
  RR Graph Nodes: 1396446
  RR Graph Edges: 2337988
Confirming router algorithm: TIMING_DRIVEN.
## Initializing router criticalities
Initial Net Connection Criticality Histogram:
[        0:      0.1) 1186 ( 55.7%) |**********************************************
[      0.1:      0.2)    0 (  0.0%) |
[      0.2:      0.3)   95 (  4.5%) |****
[      0.3:      0.4)   59 (  2.8%) |**
[      0.4:      0.5)   54 (  2.5%) |**
[      0.5:      0.6)   77 (  3.6%) |***
[      0.6:      0.7)  124 (  5.8%) |*****
[      0.7:      0.8)   65 (  3.1%) |***
[      0.8:      0.9)  164 (  7.7%) |******
[      0.9:        1)  305 ( 14.3%) |************
## Initializing router criticalities took 0.00 seconds (max_rss 408.7 MiB, delta_rss +0.0 MiB)
---- ------ ------- ---- ------- ------- ------- ----------------- --------------- -------- ---------- ---------- ---------- ---------- --------
Iter   Time    pres  BBs    Heap  Re-Rtd  Re-Rtd Overused RR Nodes      Wirelength      CPD       sTNS       sWNS       hTNS       hWNS Est Succ
      (sec)     fac Updt    push    Nets   Conns                                       (ns)       (ns)       (ns)       (ns)       (ns)     Iter
---- ------ ------- ---- ------- ------- ------- ----------------- --------------- -------- ---------- ---------- ---------- ---------- --------
   1   12.7     0.0    0 5.8e+07     205    2129    3663 ( 0.262%)   50416 ( 3.6%)   58.793     -4362.    -58.793      0.000      0.000      N/A
   2   11.1     4.0    0 4.7e+07     184    1534    1775 ( 0.127%)   51786 ( 3.7%)   58.897     -4377.    -58.897      0.000      0.000      N/A
   3    9.6     5.2    0 4.0e+07     140    1135    1169 ( 0.084%)   51705 ( 3.7%)   58.824     -4383.    -58.824      0.000      0.000      N/A
   4    6.7     6.8    0 2.9e+07      94     847     742 ( 0.053%)   52323 ( 3.7%)   58.899     -4390.    -58.899      0.000      0.000      N/A
   5    4.7     8.8    0 2.0e+07      70     590     444 ( 0.032%)   52582 ( 3.7%)   58.854     -4391.    -58.854      0.000      0.000      N/A
   6    3.3    11.4    0 1.5e+07      49     375     269 ( 0.019%)   52863 ( 3.7%)   58.854     -4394.    -58.854      0.000      0.000      N/A
   7    3.4    14.9    0 1.5e+07      48     330     233 ( 0.017%)   53341 ( 3.8%)   58.854     -4398.    -58.854      0.000      0.000      N/A
   8    4.2    19.3    0 1.8e+07      37     260     178 ( 0.013%)   53504 ( 3.8%)   58.854     -4401.    -58.854      0.000      0.000      N/A
   9    2.5    25.1    0 1.1e+07      26     179     129 ( 0.009%)   53729 ( 3.8%)   58.854     -4401.    -58.854      0.000      0.000      N/A
  10    1.8    32.6    0 7704311      18     130      73 ( 0.005%)   54114 ( 3.8%)   58.857     -4404.    -58.857      0.000      0.000       26
  11    1.4    42.4    0 6130034      12      72      44 ( 0.003%)   54346 ( 3.8%)   58.857     -4408.    -58.857      0.000      0.000       24
  12    0.6    55.1    0 2628200       9      50      20 ( 0.001%)   54485 ( 3.9%)   58.857     -4408.    -58.857      0.000      0.000       22
  13    0.3    71.7    0 1024348       5      17       3 ( 0.000%)   54555 ( 3.9%)   59.198     -4420.    -59.198      0.000      0.000       19
  14    0.1    93.2    0  243847       2       2       3 ( 0.000%)   54554 ( 3.9%)   59.198     -4420.    -59.198      0.000      0.000       16
  15    0.1   121.1    0  459558       2       4       0 ( 0.000%)   54583 ( 3.9%)   59.198     -4420.    -59.198      0.000      0.000       15
Restoring best routing
Critical path: 59.1978 ns
Successfully routed after 15 routing iterations.
Final Net Connection Criticality Histogram:
[        0:      0.1) 1186 ( 55.7%) |**********************************************
[      0.1:      0.2)    0 (  0.0%) |
[      0.2:      0.3)   73 (  3.4%) |***
[      0.3:      0.4)   70 (  3.3%) |***
[      0.4:      0.5)   46 (  2.2%) |**
[      0.5:      0.6)   82 (  3.9%) |***
[      0.6:      0.7)   94 (  4.4%) |****
[      0.7:      0.8)  118 (  5.5%) |*****
[      0.8:      0.9)  166 (  7.8%) |******
[      0.9:        1)  294 ( 13.8%) |***********
Router Stats: total_nets_routed: 901 total_connections_routed: 7654 total_heap_pushes: 271148499 total_heap_pops: 225377206
# Routing took 62.90 seconds (max_rss 408.7 MiB, delta_rss +48.7 MiB)

Checking to ensure routing is legal...
Completed routing consistency check successfully.

Serial number (magic cookie) for the routing is: -1545669487
Circuit successfully routed with a channel width factor of 100.

Incr Slack updates 16 in 0.000519877 sec
Full Max Req/Worst Slack updates 3 in 1.6871e-05 sec
Incr Max Req/Worst Slack updates 13 in 0.00011605 sec
Incr Criticality updates 7 in 0.000300645 sec
Full Criticality updates 9 in 0.000590163 sec

Average number of bends per net: 231.527  Maximum # of bends: 10179

Number of global nets: 0
Number of routed nets (nonglobal): 205
Wire length results (in units of 1 clb segments)...
	Total wirelength: 52051, average net length: 253.907
	Maximum net length: 12172

Wire length results in terms of physical segments...
	Total wiring segments used: 48224, average wire segments per net: 235.239
	Maximum segments used by a net: 10455
	Total local nets with reserved CLB opins: 0

Routing channel utilization histogram:
[        1:      inf)    0 (  0.0%) |
[      0.9:        1)   58 (  2.2%) |*
[      0.8:      0.9)    0 (  0.0%) |
[      0.7:      0.8)    6 (  0.2%) |
[      0.5:      0.6)    0 (  0.0%) |
[      0.4:      0.5)    0 (  0.0%) |
[      0.3:      0.4)   12 (  0.5%) |
[      0.2:      0.3)  160 (  6.2%) |***
[      0.1:      0.2)  100 (  3.9%) |**
[        0:      0.1) 2248 ( 87.0%) |**********************************************
Maximum routing channel utilization:         1 at (1,3)

X - Directed channels:   j max occ ave occ capacity
                      ---- ------- ------- --------
                         0       2   1.333        2
                         1     161  10.026      221
                         2       0   0.000        0
                         3      91  21.974      635
                         4      71   3.103      623
                         5      71   3.821      658
                         6     156  14.872      623
                         7     232  19.000      623
                         8     226  23.026      623
                         9     208  19.974      623
                        10     261  38.513      665
                        11     251  53.385      623
                        12     219  43.846      647
                        13     232  56.359      623
                        14     245  61.282      623
                        15     236  62.359      623
                        16     238  58.103      623
                        17     203  47.590      623
                        18     176  37.538      725
                        19     218  55.205      623
                        20     190  36.615      623
                        21       8   0.769      623
                        22       0   0.000      623
                        23       0   0.000      623
                        24       0   0.000      623
                        25       0   0.000      657
                        26       0   0.000      634
                        27       0   0.000      623
                        28       0   0.000      623
                        29       0   0.000      624
                        30       0   0.000      625
                        31       0   0.000      626
                        32       0   0.000      786
                        33       0   0.000      269
Y - Directed channels:   i max occ ave occ capacity
                      ---- ------- ------- --------
                         0       0   0.000        2
                         1      47   4.057      287
                         2       1   0.029        4
                         3     179  55.143      848
                         4      36   4.886      874
                         5      54   3.457      819
                         6      30   6.457      760
                         7      46   4.971      761
                         8      11   2.143      761
                         9      46   5.857      761
                        10      23   4.029      757
                        11      25   3.743      775
                        12     197  36.343      757
                        13     211  50.686      761
                        14     195  44.057      761
                        15     201  56.571      761
                        16     241  66.429      761
                        17     254  78.057      761
                        18     242  88.914      761
                        19     206  61.514      816
                        20     221  58.029      761
                        21     203  49.600      883
                        22     192  42.914      761
                        23     140  10.457      761
                        24      11   0.686      761
                        25       0   0.000      761
                        26      29   0.943      757
                        27      12   0.743      775
                        28      30   1.343      757
                        29       0   0.000      761
                        30       0   0.000      761
                        31       0   0.000      761
                        32       0   0.000      761
                        33       0   0.000      763
                        34       0   0.000      762
                        35       0   0.000      764
                        36       0   0.000     1024
                        37       0   0.000      164

Total tracks in x-direction: 19611, in y-direction: 27046

Logic area (in minimum width transistor areas, excludes I/Os and empty grid tiles)...
	Total logic block area (Warning, need to add pitch of routing to blocks with height > 3): 1.3515e+07
	Total used logic block area: 1.875e+06

Routing area (in minimum width transistor areas)...
	Assuming no buffer sharing (pessimistic). Total: 1.07847e+09, per logic tile: 790090.
	Assuming buffer sharing (slightly optimistic). Total: 8.38760e+08, per logic tile: 614476.


Segment usage by type (index):    name type utilization
                               ------- ---- -----------
                                  sbox    2      0.0315
                                   vcc    3       0.134
                                   gnd    4       0.139
                                  hop1    5      0.0437
                                  hop2    6      0.0558
                                  hop3    7      0.0385
                                  hop4    8      0.0325
                                 clock    9           0
                               special   10      0.0828

Segment usage by length: length utilization
                         ------ -----------
                              1      0.0321
                              2      0.0558
                              3      0.0385
                              4      0.0325


Final hold Worst Negative Slack (hWNS): 0 ns
Final hold Total Negative Slack (hTNS): 0 ns

Final hold slack histogram:
[  4.2e-09:  7.6e-09) 25 ( 26.0%) |*****************************************
[  7.6e-09:  1.1e-08) 29 ( 30.2%) |************************************************
[  1.1e-08:  1.4e-08) 15 ( 15.6%) |*************************
[  1.4e-08:  1.8e-08) 18 ( 18.8%) |******************************
[  1.8e-08:  2.1e-08)  2 (  2.1%) |***
[  2.1e-08:  2.5e-08)  0 (  0.0%) |
[  2.5e-08:  2.8e-08)  0 (  0.0%) |
[  2.8e-08:  3.1e-08)  1 (  1.0%) |**
[  3.1e-08:  3.5e-08)  1 (  1.0%) |**
[  3.5e-08:  3.8e-08)  5 (  5.2%) |********

Final critical path delay (least slack): 59.1581 ns, Fmax: 16.9039 MHz
Final setup Worst Negative Slack (sWNS): -59.1581 ns
Final setup Total Negative Slack (sTNS): -4416.07 ns

Final setup slack histogram:
[ -5.9e-08: -5.4e-08) 27 ( 28.1%) |***************************************
[ -5.4e-08: -4.9e-08) 33 ( 34.4%) |************************************************
[ -4.9e-08: -4.3e-08)  8 (  8.3%) |************
[ -4.3e-08: -3.8e-08)  5 (  5.2%) |*******
[ -3.8e-08: -3.3e-08)  7 (  7.3%) |**********
[ -3.3e-08: -2.7e-08)  4 (  4.2%) |******
[ -2.7e-08: -2.2e-08)  6 (  6.2%) |*********
[ -2.2e-08: -1.7e-08)  3 (  3.1%) |****
[ -1.7e-08: -1.2e-08)  1 (  1.0%) |*
[ -1.2e-08: -6.2e-09)  2 (  2.1%) |***

Final geomean non-virtual intra-domain period: 59.1581 ns (16.9039 MHz)
Final fanout-weighted geomean non-virtual intra-domain period: 59.1581 ns (16.9039 MHz)

Incr Slack updates 1 in 3.7472e-05 sec
Full Max Req/Worst Slack updates 1 in 5.561e-06 sec
Incr Max Req/Worst Slack updates 0 in 0 sec
Incr Criticality updates 0 in 0 sec
Full Criticality updates 1 in 6.0889e-05 sec
Flow timing analysis took 0.0193044 seconds (0.0166915 STA, 0.00261293 slack) (17 full updates: 0 setup, 0 hold, 17 combined).
VPR succeeded
The entire flow of VPR took 80.89 seconds (max_rss 408.7 MiB)
