#Timing report of worst 1 path(s)
# Unit scale: 1e-09 seconds
# Output precision: 3

#Path 1
Startpoint: C.inpad[0] (.input clocked by virtual_io_clock)
Endpoint  : out:x.outpad[0] (.output clocked by virtual_io_clock)
Path Type : setup

Point                                                              Incr      Path
---------------------------------------------------------------------------------
clock virtual_io_clock (rise edge)                                0.000     0.000
clock source latency                                              0.000     0.000
input external delay                                              0.000     0.000
C.inpad[0] (.input)                                               0.000     0.000
$iopadmap$kmap.C.I_PAD_$inp[0] (BIDIR_CELL)                       0.000     0.000
$iopadmap$kmap.C.I_DAT[0] (BIDIR_CELL)                           10.958    10.958
x_LUT3_O.t_frag.XAB[0] (T_FRAG)                                   5.610    16.568
x_LUT3_O.t_frag.XZ[0] (T_FRAG)                                    1.305    17.873
$iopadmap$kmap.x.O_DAT[0] (BIDIR_CELL)                            4.772    22.645
$iopadmap$kmap.x.O_PAD_$out[0] (BIDIR_CELL)                       9.809    32.454
out:x.outpad[0] (.output)                                         0.000    32.454
data arrival time                                                          32.454

clock virtual_io_clock (rise edge)                                0.000     0.000
clock source latency                                              0.000     0.000
clock uncertainty                                                 0.000     0.000
output external delay                                             0.000     0.000
data required time                                                          0.000
---------------------------------------------------------------------------------
data required time                                                          0.000
data arrival time                                                         -32.454
---------------------------------------------------------------------------------
slack (VIOLATED)                                                          -32.454


#End of timing report
