#Timing report of worst 1 path(s)
# Unit scale: 1e-09 seconds
# Output precision: 3

#Path 1
Startpoint: D.inpad[0] (.input clocked by virtual_io_clock)
Endpoint  : out:x.outpad[0] (.output clocked by virtual_io_clock)
Path Type : hold

Point                                                              Incr      Path
---------------------------------------------------------------------------------
clock virtual_io_clock (rise edge)                                0.000     0.000
clock source latency                                              0.000     0.000
input external delay                                              0.000     0.000
D.inpad[0] (.input)                                               0.000     0.000
$iopadmap$kmap.D.I_PAD_$inp[0] (BIDIR_CELL)                       0.000     0.000
$iopadmap$kmap.D.I_DAT[0] (BIDIR_CELL)                           10.153    10.153
x_LUT3_O.t_frag.XSL[0] (T_FRAG)                                   3.825    13.978
x_LUT3_O.t_frag.XZ[0] (T_FRAG)                                    1.041    15.019
$iopadmap$kmap.x.O_DAT[0] (BIDIR_CELL)                            4.772    19.791
$iopadmap$kmap.x.O_PAD_$out[0] (BIDIR_CELL)                       9.726    29.517
out:x.outpad[0] (.output)                                         0.000    29.517
data arrival time                                                          29.517

clock virtual_io_clock (rise edge)                                0.000     0.000
clock source latency                                              0.000     0.000
clock uncertainty                                                 0.000     0.000
output external delay                                             0.000     0.000
data required time                                                          0.000
---------------------------------------------------------------------------------
data required time                                                         -0.000
data arrival time                                                          29.517
---------------------------------------------------------------------------------
slack (MET)                                                                29.517


#End of timing report
