#Timing report of worst 4 path(s)
# Unit scale: 1e-09 seconds
# Output precision: 3

#Path 1
Startpoint: a.inpad[0] (.input clocked by virtual_io_clock)
Endpoint  : out:A.outpad[0] (.output clocked by virtual_io_clock)
Path Type : setup

Point                                                                  Incr      Path
-------------------------------------------------------------------------------------
clock virtual_io_clock (rise edge)                                    0.000     0.000
clock source latency                                                  0.000     0.000
input external delay                                                  0.000     0.000
a.inpad[0] (.input)                                                   0.000     0.000
$iopadmap$bcdprint.a.I_PAD_$inp[0] (BIDIR_CELL)                       0.000     0.000
$iopadmap$bcdprint.a.I_DAT[0] (BIDIR_CELL)                           10.958    10.958
$iopadmap$bcdprint.A.O_DAT[0] (BIDIR_CELL)                            4.017    14.975
$iopadmap$bcdprint.A.O_PAD_$out[0] (BIDIR_CELL)                       9.809    24.784
out:A.outpad[0] (.output)                                             0.000    24.784
data arrival time                                                              24.784

clock virtual_io_clock (rise edge)                                    0.000     0.000
clock source latency                                                  0.000     0.000
clock uncertainty                                                     0.000     0.000
output external delay                                                 0.000     0.000
data required time                                                              0.000
-------------------------------------------------------------------------------------
data required time                                                              0.000
data arrival time                                                             -24.784
-------------------------------------------------------------------------------------
slack (VIOLATED)                                                              -24.784


#Path 2
Startpoint: b.inpad[0] (.input clocked by virtual_io_clock)
Endpoint  : out:B.outpad[0] (.output clocked by virtual_io_clock)
Path Type : setup

Point                                                                  Incr      Path
-------------------------------------------------------------------------------------
clock virtual_io_clock (rise edge)                                    0.000     0.000
clock source latency                                                  0.000     0.000
input external delay                                                  0.000     0.000
b.inpad[0] (.input)                                                   0.000     0.000
$iopadmap$bcdprint.b.I_PAD_$inp[0] (BIDIR_CELL)                       0.000     0.000
$iopadmap$bcdprint.b.I_DAT[0] (BIDIR_CELL)                           10.958    10.958
$iopadmap$bcdprint.B.O_DAT[0] (BIDIR_CELL)                            4.017    14.975
$iopadmap$bcdprint.B.O_PAD_$out[0] (BIDIR_CELL)                       9.809    24.784
out:B.outpad[0] (.output)                                             0.000    24.784
data arrival time                                                              24.784

clock virtual_io_clock (rise edge)                                    0.000     0.000
clock source latency                                                  0.000     0.000
clock uncertainty                                                     0.000     0.000
output external delay                                                 0.000     0.000
data required time                                                              0.000
-------------------------------------------------------------------------------------
data required time                                                              0.000
data arrival time                                                             -24.784
-------------------------------------------------------------------------------------
slack (VIOLATED)                                                              -24.784


#Path 3
Startpoint: c.inpad[0] (.input clocked by virtual_io_clock)
Endpoint  : out:C.outpad[0] (.output clocked by virtual_io_clock)
Path Type : setup

Point                                                                  Incr      Path
-------------------------------------------------------------------------------------
clock virtual_io_clock (rise edge)                                    0.000     0.000
clock source latency                                                  0.000     0.000
input external delay                                                  0.000     0.000
c.inpad[0] (.input)                                                   0.000     0.000
$iopadmap$bcdprint.c.I_PAD_$inp[0] (BIDIR_CELL)                       0.000     0.000
$iopadmap$bcdprint.c.I_DAT[0] (BIDIR_CELL)                           10.958    10.958
$iopadmap$bcdprint.C.O_DAT[0] (BIDIR_CELL)                            4.017    14.975
$iopadmap$bcdprint.C.O_PAD_$out[0] (BIDIR_CELL)                       9.809    24.784
out:C.outpad[0] (.output)                                             0.000    24.784
data arrival time                                                              24.784

clock virtual_io_clock (rise edge)                                    0.000     0.000
clock source latency                                                  0.000     0.000
clock uncertainty                                                     0.000     0.000
output external delay                                                 0.000     0.000
data required time                                                              0.000
-------------------------------------------------------------------------------------
data required time                                                              0.000
data arrival time                                                             -24.784
-------------------------------------------------------------------------------------
slack (VIOLATED)                                                              -24.784


#Path 4
Startpoint: d.inpad[0] (.input clocked by virtual_io_clock)
Endpoint  : out:D.outpad[0] (.output clocked by virtual_io_clock)
Path Type : setup

Point                                                                  Incr      Path
-------------------------------------------------------------------------------------
clock virtual_io_clock (rise edge)                                    0.000     0.000
clock source latency                                                  0.000     0.000
input external delay                                                  0.000     0.000
d.inpad[0] (.input)                                                   0.000     0.000
$iopadmap$bcdprint.d.I_PAD_$inp[0] (BIDIR_CELL)                       0.000     0.000
$iopadmap$bcdprint.d.I_DAT[0] (BIDIR_CELL)                           10.958    10.958
$iopadmap$bcdprint.D.O_DAT[0] (BIDIR_CELL)                            3.996    14.954
$iopadmap$bcdprint.D.O_PAD_$out[0] (BIDIR_CELL)                       9.809    24.763
out:D.outpad[0] (.output)                                             0.000    24.763
data arrival time                                                              24.763

clock virtual_io_clock (rise edge)                                    0.000     0.000
clock source latency                                                  0.000     0.000
clock uncertainty                                                     0.000     0.000
output external delay                                                 0.000     0.000
data required time                                                              0.000
-------------------------------------------------------------------------------------
data required time                                                              0.000
data arrival time                                                             -24.763
-------------------------------------------------------------------------------------
slack (VIOLATED)                                                              -24.763


#End of timing report
